<?xml version="1.0" encoding="UTF-8"?>
<testsuite xmlns:xsi="http://www.w3.org/2001/XMLSchema-instance" xsi:noNamespaceSchemaLocation="https://maven.apache.org/surefire/maven-surefire-plugin/xsd/surefire-test-report-3.0.xsd" version="3.0" name="com.example.WebPageTest" time="14.721" tests="1" errors="0" skipped="0" failures="0">
  <properties>
[...]
</properties>
  <testcase name="testLoginInPage" classname="com.example.WebPageTest" time="14.224">
    <system-out><![CDATA[10:44:48.066 [main] INFO com.example.WebPageTest - --- Testing Login Process For All Users Available In The List ---
10:44:48.070 [main] INFO com.example.WebPageTest - ------------------Starting Test---------------------
10:44:48.247 [main] DEBUG io.netty.util.internal.logging.InternalLoggerFactory - Using SLF4J as the default logging framework
10:44:48.252 [main] DEBUG io.netty.util.ResourceLeakDetector - -Dio.netty.leakDetection.level: simple
10:44:48.253 [main] DEBUG io.netty.util.ResourceLeakDetector - -Dio.netty.leakDetection.targetRecords: 4
10:44:48.257 [main] DEBUG io.netty.util.ResourceLeakDetectorFactory - Loaded default ResourceLeakDetector: io.netty.util.ResourceLeakDetector@7dfb0c0f
10:44:48.280 [main] DEBUG io.netty.util.internal.PlatformDependent0 - -Dio.netty.noUnsafe: false
10:44:48.280 [main] DEBUG io.netty.util.internal.PlatformDependent0 - Java version: 21
10:44:48.282 [main] DEBUG io.netty.util.internal.PlatformDependent0 - sun.misc.Unsafe.theUnsafe: available
10:44:48.283 [main] DEBUG io.netty.util.internal.PlatformDependent0 - sun.misc.Unsafe.copyMemory: available
10:44:48.284 [main] DEBUG io.netty.util.internal.PlatformDependent0 - sun.misc.Unsafe.storeFence: available
10:44:48.285 [main] DEBUG io.netty.util.internal.PlatformDependent0 - java.nio.Buffer.address: available
10:44:48.286 [main] DEBUG io.netty.util.internal.PlatformDependent0 - direct buffer constructor: unavailable: java.nio.DirectByteBuffer.<init>(long,int)
10:44:48.287 [main] DEBUG io.netty.util.internal.PlatformDependent0 - java.nio.Bits.unaligned: available, true
10:44:48.288 [main] DEBUG io.netty.util.internal.PlatformDependent0 - jdk.internal.misc.Unsafe.allocateUninitializedArray(int): unavailable: class io.netty.util.internal.PlatformDependent0$7 cannot access class jdk.internal.misc.Unsafe (in module java.base) because module java.base does not export jdk.internal.misc to unnamed module @2eda0940
10:44:48.289 [main] DEBUG io.netty.util.internal.PlatformDependent0 - java.nio.DirectByteBuffer.<init>(long, int): unavailable
10:44:48.289 [main] DEBUG io.netty.util.internal.PlatformDependent - sun.misc.Unsafe: available
10:44:48.291 [main] DEBUG io.netty.util.internal.PlatformDependent - maxDirectMemory: 3210739712 bytes (maybe)
10:44:48.291 [main] DEBUG io.netty.util.internal.PlatformDependent - -Dio.netty.tmpdir: C:\Users\LUCAS~1.ARM\AppData\Local\Temp (java.io.tmpdir)
10:44:48.291 [main] DEBUG io.netty.util.internal.PlatformDependent - -Dio.netty.bitMode: 64 (sun.arch.data.model)
10:44:48.292 [main] DEBUG io.netty.util.internal.PlatformDependent - Platform: Windows
10:44:48.293 [main] DEBUG io.netty.util.internal.PlatformDependent - -Dio.netty.maxDirectMemory: -1 bytes
10:44:48.293 [main] DEBUG io.netty.util.internal.PlatformDependent - -Dio.netty.uninitializedArrayAllocationThreshold: -1
10:44:48.296 [main] DEBUG io.netty.util.internal.CleanerJava9 - java.nio.ByteBuffer.cleaner(): available
10:44:48.296 [main] DEBUG io.netty.util.internal.PlatformDependent - -Dio.netty.noPreferDirect: false
10:44:48.307 [main] DEBUG io.netty.util.internal.PlatformDependent - org.jctools-core.MpscChunkedArrayQueue: available
10:44:48.333 [main] DEBUG io.netty.util.internal.InternalThreadLocalMap - -Dio.netty.threadLocalMap.stringBuilder.initialSize: 1024
10:44:48.333 [main] DEBUG io.netty.util.internal.InternalThreadLocalMap - -Dio.netty.threadLocalMap.stringBuilder.maxSize: 4096
10:44:48.609 [main] DEBUG io.netty.handler.ssl.JdkSslContext - Default protocols (JDK): [TLSv1.3, TLSv1.2] 
10:44:48.609 [main] DEBUG io.netty.handler.ssl.JdkSslContext - Default cipher suites (JDK): [TLS_ECDHE_ECDSA_WITH_AES_256_GCM_SHA384, TLS_ECDHE_ECDSA_WITH_AES_128_GCM_SHA256, TLS_ECDHE_RSA_WITH_AES_128_GCM_SHA256, TLS_ECDHE_RSA_WITH_AES_256_GCM_SHA384, TLS_ECDHE_RSA_WITH_AES_128_CBC_SHA, TLS_ECDHE_RSA_WITH_AES_256_CBC_SHA, TLS_RSA_WITH_AES_128_GCM_SHA256, TLS_RSA_WITH_AES_128_CBC_SHA, TLS_RSA_WITH_AES_256_CBC_SHA, TLS_AES_128_GCM_SHA256, TLS_AES_256_GCM_SHA384]
10:44:48.640 [main] DEBUG io.netty.channel.MultithreadEventLoopGroup - -Dio.netty.eventLoopThreads: 8
10:44:48.650 [main] DEBUG io.netty.channel.nio.NioEventLoop - -Dio.netty.noKeySetOptimization: false
10:44:48.650 [main] DEBUG io.netty.channel.nio.NioEventLoop - -Dio.netty.selectorAutoRebuildThreshold: 512
10:44:48.716 [main] DEBUG io.netty.buffer.PooledByteBufAllocator - -Dio.netty.allocator.numHeapArenas: 8
10:44:48.716 [main] DEBUG io.netty.buffer.PooledByteBufAllocator - -Dio.netty.allocator.numDirectArenas: 8
10:44:48.716 [main] DEBUG io.netty.buffer.PooledByteBufAllocator - -Dio.netty.allocator.pageSize: 8192
10:44:48.716 [main] DEBUG io.netty.buffer.PooledByteBufAllocator - -Dio.netty.allocator.maxOrder: 9
10:44:48.716 [main] DEBUG io.netty.buffer.PooledByteBufAllocator - -Dio.netty.allocator.chunkSize: 4194304
10:44:48.716 [main] DEBUG io.netty.buffer.PooledByteBufAllocator - -Dio.netty.allocator.smallCacheSize: 256
10:44:48.716 [main] DEBUG io.netty.buffer.PooledByteBufAllocator - -Dio.netty.allocator.normalCacheSize: 64
10:44:48.716 [main] DEBUG io.netty.buffer.PooledByteBufAllocator - -Dio.netty.allocator.maxCachedBufferCapacity: 32768
10:44:48.717 [main] DEBUG io.netty.buffer.PooledByteBufAllocator - -Dio.netty.allocator.cacheTrimInterval: 8192
10:44:48.717 [main] DEBUG io.netty.buffer.PooledByteBufAllocator - -Dio.netty.allocator.cacheTrimIntervalMillis: 0
10:44:48.717 [main] DEBUG io.netty.buffer.PooledByteBufAllocator - -Dio.netty.allocator.useCacheForAllThreads: false
10:44:48.717 [main] DEBUG io.netty.buffer.PooledByteBufAllocator - -Dio.netty.allocator.maxCachedByteBuffersPerChunk: 1023
10:44:48.729 [main] DEBUG io.netty.buffer.ByteBufUtil - -Dio.netty.allocator.type: pooled
10:44:48.729 [main] DEBUG io.netty.buffer.ByteBufUtil - -Dio.netty.threadLocalDirectBufferSize: 0
10:44:48.729 [main] DEBUG io.netty.buffer.ByteBufUtil - -Dio.netty.maxThreadLocalCharBufferSize: 16384
10:44:49.277 [Forwarding newSession on session null to remote] DEBUG io.netty.channel.DefaultChannelId - -Dio.netty.processId: 5304 (auto-detected)
10:44:49.279 [Forwarding newSession on session null to remote] DEBUG io.netty.util.NetUtil - -Djava.net.preferIPv4Stack: false
10:44:49.280 [Forwarding newSession on session null to remote] DEBUG io.netty.util.NetUtil - -Djava.net.preferIPv6Addresses: false
10:44:49.283 [Forwarding newSession on session null to remote] DEBUG io.netty.util.NetUtilInitializations - Loopback interface: loopback_0 (Software Loopback Interface 1, 0:0:0:0:0:0:0:1)
10:44:49.285 [Forwarding newSession on session null to remote] DEBUG io.netty.util.NetUtil - Failed to get SOMAXCONN from sysctl and file \proc\sys\net\core\somaxconn. Default: 200
10:44:49.288 [Forwarding newSession on session null to remote] DEBUG io.netty.channel.DefaultChannelId - -Dio.netty.machineId: f0:4d:a2:ff:fe:e5:3a:46 (auto-detected)
10:44:49.347 [AsyncHttpClient-1-2] DEBUG io.netty.buffer.AbstractByteBuf - -Dio.netty.buffer.checkAccessible: true
10:44:49.348 [AsyncHttpClient-1-2] DEBUG io.netty.buffer.AbstractByteBuf - -Dio.netty.buffer.checkBounds: true
10:44:49.348 [AsyncHttpClient-1-2] DEBUG io.netty.util.ResourceLeakDetectorFactory - Loaded default ResourceLeakDetector: io.netty.util.ResourceLeakDetector@4dbcba1e
10:44:49.362 [AsyncHttpClient-1-2] DEBUG org.asynchttpclient.netty.channel.NettyConnectListener - Using new Channel '[id: 0xf2133ff1, L:/127.0.0.1:51851 - R:localhost/127.0.0.1:52363]' for 'POST' to '/session'
10:44:49.388 [AsyncHttpClient-1-2] DEBUG io.netty.util.Recycler - -Dio.netty.recycler.maxCapacityPerThread: 4096
10:44:49.388 [AsyncHttpClient-1-2] DEBUG io.netty.util.Recycler - -Dio.netty.recycler.ratio: 8
10:44:49.388 [AsyncHttpClient-1-2] DEBUG io.netty.util.Recycler - -Dio.netty.recycler.chunkSize: 32
10:44:49.388 [AsyncHttpClient-1-2] DEBUG io.netty.util.Recycler - -Dio.netty.recycler.blocking: false
10:44:50.738 [AsyncHttpClient-1-2] DEBUG io.netty.handler.codec.compression.Brotli - brotli4j not in the classpath; Brotli support will be unavailable.
10:44:50.738 [AsyncHttpClient-1-2] DEBUG org.asynchttpclient.netty.handler.HttpHandler - 

Request DefaultHttpRequest(decodeResult: success, version: HTTP/1.1)
POST /session HTTP/1.1
User-Agent: selenium/4.5.0 (java windows)
Content-Length: 703
Content-Type: application/json; charset=utf-8
host: localhost:52363
accept: */*

Response DefaultHttpResponse(decodeResult: success, version: HTTP/1.1)
HTTP/1.1 200 OK
Content-Type: application/json; charset=utf-8
cache-control: no-cache
content-length: 886

10:44:50.746 [AsyncHttpClient-1-2] DEBUG org.asynchttpclient.netty.channel.ChannelManager - Adding key: http://localhost:52363 for channel [id: 0xf2133ff1, L:/127.0.0.1:51851 - R:localhost/127.0.0.1:52363]
10:44:50.815 [AsyncHttpClient-1-1] DEBUG org.asynchttpclient.netty.channel.DefaultChannelPool - Entry count for : http://localhost:52363 : 1
10:44:50.887 [AsyncHttpClient-1-3] DEBUG org.asynchttpclient.netty.channel.NettyConnectListener - Using new Channel '[id: 0x9a5f806a, L:/127.0.0.1:51862 - R:localhost/127.0.0.1:9222]' for 'GET' to '/json/version'
10:44:50.891 [AsyncHttpClient-1-3] DEBUG org.asynchttpclient.netty.handler.HttpHandler - 

Request DefaultFullHttpRequest(decodeResult: success, version: HTTP/1.1, content: EmptyByteBufBE)
GET /json/version HTTP/1.1
User-Agent: selenium/4.5.0 (java windows)
host: localhost:9222
accept: */*

Response DefaultHttpResponse(decodeResult: success, version: HTTP/1.1)
HTTP/1.1 200 OK
Content-Security-Policy: frame-ancestors 'none'
Content-Type: application/json; charset=UTF-8
content-length: 421

10:44:50.891 [AsyncHttpClient-1-3] DEBUG org.asynchttpclient.netty.channel.ChannelManager - Adding key: http://localhost:9222 for channel [id: 0x9a5f806a, L:/127.0.0.1:51862 - R:localhost/127.0.0.1:9222]
10:44:50.902 [main] DEBUG io.netty.util.internal.ThreadLocalRandom - -Dio.netty.initialSeedUniquifier: 0x20fb7b8015c67c4e
10:44:50.915 [AsyncHttpClient-1-4] DEBUG org.asynchttpclient.netty.channel.NettyConnectListener - Using new Channel '[id: 0x21df1ed2, L:/127.0.0.1:51863 - R:localhost/127.0.0.1:9222]' for 'GET' to '/devtools/browser/02422f7e-7e9a-40e4-93ad-9c91f134f141'
10:44:50.921 [AsyncHttpClient-1-4] DEBUG org.asynchttpclient.netty.handler.WebSocketHandler - 

Request DefaultFullHttpRequest(decodeResult: success, version: HTTP/1.1, content: EmptyByteBufBE)
GET /devtools/browser/02422f7e-7e9a-40e4-93ad-9c91f134f141 HTTP/1.1
upgrade: websocket
connection: upgrade
sec-websocket-key: K1+nW3sAwbe7UH0W2wDoNQ==
sec-websocket-version: 13
origin: http://localhost:9222
host: localhost:9222
accept: */*
user-agent: AHC/2.1

Response DefaultHttpResponse(decodeResult: success, version: HTTP/1.1)
HTTP/1.1 101 WebSocket Protocol Handshake
Upgrade: WebSocket
Connection: Upgrade
Sec-WebSocket-Accept: NStay8lq5UmRTSMGkGSc7uNCeRE=

10:44:50.970 [Forwarding get on session fc4003f268d560c689cff635400187d0 to remote] DEBUG org.asynchttpclient.netty.request.NettyRequestSender - Using pooled Channel '[id: 0xf2133ff1, L:/127.0.0.1:51851 - R:localhost/127.0.0.1:52363]' for 'POST' to 'http://localhost:52363/session/fc4003f268d560c689cff635400187d0/url'
10:44:50.970 [Forwarding get on session fc4003f268d560c689cff635400187d0 to remote] DEBUG org.asynchttpclient.netty.request.NettyRequestSender - Using open Channel [id: 0xf2133ff1, L:/127.0.0.1:51851 - R:localhost/127.0.0.1:52363] for POST '/session/fc4003f268d560c689cff635400187d0/url'
10:44:51.921 [AsyncHttpClient-1-1] DEBUG org.asynchttpclient.netty.channel.DefaultChannelPool - Entry count for : http://localhost:9222 : 1
10:44:53.023 [AsyncHttpClient-1-1] DEBUG org.asynchttpclient.netty.channel.DefaultChannelPool - Entry count for : http://localhost:9222 : 1
10:44:54.119 [AsyncHttpClient-1-1] DEBUG org.asynchttpclient.netty.channel.DefaultChannelPool - Entry count for : http://localhost:9222 : 1
10:44:54.760 [AsyncHttpClient-1-2] DEBUG org.asynchttpclient.netty.handler.HttpHandler - 

Request DefaultHttpRequest(decodeResult: success, version: HTTP/1.1)
POST /session/fc4003f268d560c689cff635400187d0/url HTTP/1.1
User-Agent: selenium/4.5.0 (java windows)
Content-Length: 56
Content-Type: application/json; charset=utf-8
host: localhost:52363
accept: */*

Response DefaultHttpResponse(decodeResult: success, version: HTTP/1.1)
HTTP/1.1 200 OK
Content-Type: application/json; charset=utf-8
cache-control: no-cache
content-length: 14

10:44:54.760 [AsyncHttpClient-1-2] DEBUG org.asynchttpclient.netty.channel.ChannelManager - Adding key: http://localhost:52363 for channel [id: 0xf2133ff1, L:/127.0.0.1:51851 - R:localhost/127.0.0.1:52363]
10:44:54.768 [Forwarding getTitle on session fc4003f268d560c689cff635400187d0 to remote] DEBUG org.asynchttpclient.netty.request.NettyRequestSender - Using pooled Channel '[id: 0xf2133ff1, L:/127.0.0.1:51851 - R:localhost/127.0.0.1:52363]' for 'GET' to 'http://localhost:52363/session/fc4003f268d560c689cff635400187d0/title'
10:44:54.768 [Forwarding getTitle on session fc4003f268d560c689cff635400187d0 to remote] DEBUG org.asynchttpclient.netty.request.NettyRequestSender - Using open Channel [id: 0xf2133ff1, L:/127.0.0.1:51851 - R:localhost/127.0.0.1:52363] for GET '/session/fc4003f268d560c689cff635400187d0/title'
10:44:54.775 [AsyncHttpClient-1-2] DEBUG org.asynchttpclient.netty.handler.HttpHandler - 

Request DefaultFullHttpRequest(decodeResult: success, version: HTTP/1.1, content: EmptyByteBufBE)
GET /session/fc4003f268d560c689cff635400187d0/title HTTP/1.1
User-Agent: selenium/4.5.0 (java windows)
Cache-Control: no-cache
Content-Type: application/json; charset=utf-8
host: localhost:52363
accept: */*

Response DefaultHttpResponse(decodeResult: success, version: HTTP/1.1)
HTTP/1.1 200 OK
Content-Type: application/json; charset=utf-8
cache-control: no-cache
content-length: 21

10:44:54.776 [AsyncHttpClient-1-2] DEBUG org.asynchttpclient.netty.channel.ChannelManager - Adding key: http://localhost:52363 for channel [id: 0xf2133ff1, L:/127.0.0.1:51851 - R:localhost/127.0.0.1:52363]
10:44:54.777 [main] INFO com.example.WebPageTest - Swag Labs
10:44:54.777 [main] INFO com.example.WebPageTest - --------------------------Starting Login Process---------------------------
10:44:54.782 [Forwarding findElement on session fc4003f268d560c689cff635400187d0 to remote] DEBUG org.asynchttpclient.netty.request.NettyRequestSender - Using pooled Channel '[id: 0xf2133ff1, L:/127.0.0.1:51851 - R:localhost/127.0.0.1:52363]' for 'POST' to 'http://localhost:52363/session/fc4003f268d560c689cff635400187d0/element'
10:44:54.783 [Forwarding findElement on session fc4003f268d560c689cff635400187d0 to remote] DEBUG org.asynchttpclient.netty.request.NettyRequestSender - Using open Channel [id: 0xf2133ff1, L:/127.0.0.1:51851 - R:localhost/127.0.0.1:52363] for POST '/session/fc4003f268d560c689cff635400187d0/element'
10:44:54.798 [AsyncHttpClient-1-2] DEBUG org.asynchttpclient.netty.handler.HttpHandler - 

Request DefaultHttpRequest(decodeResult: success, version: HTTP/1.1)
POST /session/fc4003f268d560c689cff635400187d0/element HTTP/1.1
User-Agent: selenium/4.5.0 (java windows)
Content-Length: 62
Content-Type: application/json; charset=utf-8
host: localhost:52363
accept: */*

Response DefaultHttpResponse(decodeResult: success, version: HTTP/1.1)
HTTP/1.1 200 OK
Content-Type: application/json; charset=utf-8
cache-control: no-cache
content-length: 126

10:44:54.799 [AsyncHttpClient-1-2] DEBUG org.asynchttpclient.netty.channel.ChannelManager - Adding key: http://localhost:52363 for channel [id: 0xf2133ff1, L:/127.0.0.1:51851 - R:localhost/127.0.0.1:52363]
10:44:54.802 [Forwarding getElementText on session fc4003f268d560c689cff635400187d0 to remote] DEBUG org.asynchttpclient.netty.request.NettyRequestSender - Using pooled Channel '[id: 0xf2133ff1, L:/127.0.0.1:51851 - R:localhost/127.0.0.1:52363]' for 'GET' to 'http://localhost:52363/session/fc4003f268d560c689cff635400187d0/element/f.0E9A418F07E97C97EB777CC70B389E66.d.85CC464036CF51CBA1D230274F2BD307.e.12/text'
10:44:54.802 [Forwarding getElementText on session fc4003f268d560c689cff635400187d0 to remote] DEBUG org.asynchttpclient.netty.request.NettyRequestSender - Using open Channel [id: 0xf2133ff1, L:/127.0.0.1:51851 - R:localhost/127.0.0.1:52363] for GET '/session/fc4003f268d560c689cff635400187d0/element/f.0E9A418F07E97C97EB777CC70B389E66.d.85CC464036CF51CBA1D230274F2BD307.e.12/text'
10:44:54.820 [AsyncHttpClient-1-2] DEBUG org.asynchttpclient.netty.handler.HttpHandler - 

Request DefaultFullHttpRequest(decodeResult: success, version: HTTP/1.1, content: EmptyByteBufBE)
GET /session/fc4003f268d560c689cff635400187d0/element/f.0E9A418F07E97C97EB777CC70B389E66.d.85CC464036CF51CBA1D230274F2BD307.e.12/text HTTP/1.1
User-Agent: selenium/4.5.0 (java windows)
Cache-Control: no-cache
Content-Type: application/json; charset=utf-8
host: localhost:52363
accept: */*

Response DefaultHttpResponse(decodeResult: success, version: HTTP/1.1)
HTTP/1.1 200 OK
Content-Type: application/json; charset=utf-8
cache-control: no-cache
content-length: 131

10:44:54.821 [AsyncHttpClient-1-2] DEBUG org.asynchttpclient.netty.channel.ChannelManager - Adding key: http://localhost:52363 for channel [id: 0xf2133ff1, L:/127.0.0.1:51851 - R:localhost/127.0.0.1:52363]
10:44:54.822 [main] INFO com.example.WebPageTest - =========> Username: standard_user <============
10:44:54.824 [Forwarding findElement on session fc4003f268d560c689cff635400187d0 to remote] DEBUG org.asynchttpclient.netty.request.NettyRequestSender - Using pooled Channel '[id: 0xf2133ff1, L:/127.0.0.1:51851 - R:localhost/127.0.0.1:52363]' for 'POST' to 'http://localhost:52363/session/fc4003f268d560c689cff635400187d0/element'
10:44:54.824 [Forwarding findElement on session fc4003f268d560c689cff635400187d0 to remote] DEBUG org.asynchttpclient.netty.request.NettyRequestSender - Using open Channel [id: 0xf2133ff1, L:/127.0.0.1:51851 - R:localhost/127.0.0.1:52363] for POST '/session/fc4003f268d560c689cff635400187d0/element'
10:44:54.838 [AsyncHttpClient-1-2] DEBUG org.asynchttpclient.netty.handler.HttpHandler - 

Request DefaultHttpRequest(decodeResult: success, version: HTTP/1.1)
POST /session/fc4003f268d560c689cff635400187d0/element HTTP/1.1
User-Agent: selenium/4.5.0 (java windows)
Content-Length: 116
Content-Type: application/json; charset=utf-8
host: localhost:52363
accept: */*

Response DefaultHttpResponse(decodeResult: success, version: HTTP/1.1)
HTTP/1.1 200 OK
Content-Type: application/json; charset=utf-8
cache-control: no-cache
content-length: 125

10:44:54.838 [AsyncHttpClient-1-2] DEBUG org.asynchttpclient.netty.channel.ChannelManager - Adding key: http://localhost:52363 for channel [id: 0xf2133ff1, L:/127.0.0.1:51851 - R:localhost/127.0.0.1:52363]
10:44:54.840 [Forwarding getElementText on session fc4003f268d560c689cff635400187d0 to remote] DEBUG org.asynchttpclient.netty.request.NettyRequestSender - Using pooled Channel '[id: 0xf2133ff1, L:/127.0.0.1:51851 - R:localhost/127.0.0.1:52363]' for 'GET' to 'http://localhost:52363/session/fc4003f268d560c689cff635400187d0/element/f.0E9A418F07E97C97EB777CC70B389E66.d.85CC464036CF51CBA1D230274F2BD307.e.6/text'
10:44:54.840 [Forwarding getElementText on session fc4003f268d560c689cff635400187d0 to remote] DEBUG org.asynchttpclient.netty.request.NettyRequestSender - Using open Channel [id: 0xf2133ff1, L:/127.0.0.1:51851 - R:localhost/127.0.0.1:52363] for GET '/session/fc4003f268d560c689cff635400187d0/element/f.0E9A418F07E97C97EB777CC70B389E66.d.85CC464036CF51CBA1D230274F2BD307.e.6/text'
10:44:54.850 [AsyncHttpClient-1-2] DEBUG org.asynchttpclient.netty.handler.HttpHandler - 

Request DefaultFullHttpRequest(decodeResult: success, version: HTTP/1.1, content: EmptyByteBufBE)
GET /session/fc4003f268d560c689cff635400187d0/element/f.0E9A418F07E97C97EB777CC70B389E66.d.85CC464036CF51CBA1D230274F2BD307.e.6/text HTTP/1.1
User-Agent: selenium/4.5.0 (java windows)
Cache-Control: no-cache
Content-Type: application/json; charset=utf-8
host: localhost:52363
accept: */*

Response DefaultHttpResponse(decodeResult: success, version: HTTP/1.1)
HTTP/1.1 200 OK
Content-Type: application/json; charset=utf-8
cache-control: no-cache
content-length: 49

10:44:54.851 [AsyncHttpClient-1-2] DEBUG org.asynchttpclient.netty.channel.ChannelManager - Adding key: http://localhost:52363 for channel [id: 0xf2133ff1, L:/127.0.0.1:51851 - R:localhost/127.0.0.1:52363]
10:44:54.853 [main] INFO com.example.WebPageTest - =========> Password: secret_sauce <============
10:44:54.854 [Forwarding findElement on session fc4003f268d560c689cff635400187d0 to remote] DEBUG org.asynchttpclient.netty.request.NettyRequestSender - Using pooled Channel '[id: 0xf2133ff1, L:/127.0.0.1:51851 - R:localhost/127.0.0.1:52363]' for 'POST' to 'http://localhost:52363/session/fc4003f268d560c689cff635400187d0/element'
10:44:54.855 [Forwarding findElement on session fc4003f268d560c689cff635400187d0 to remote] DEBUG org.asynchttpclient.netty.request.NettyRequestSender - Using open Channel [id: 0xf2133ff1, L:/127.0.0.1:51851 - R:localhost/127.0.0.1:52363] for POST '/session/fc4003f268d560c689cff635400187d0/element'
10:44:54.867 [AsyncHttpClient-1-2] DEBUG org.asynchttpclient.netty.handler.HttpHandler - 

Request DefaultHttpRequest(decodeResult: success, version: HTTP/1.1)
POST /session/fc4003f268d560c689cff635400187d0/element HTTP/1.1
User-Agent: selenium/4.5.0 (java windows)
Content-Length: 56
Content-Type: application/json; charset=utf-8
host: localhost:52363
accept: */*

Response DefaultHttpResponse(decodeResult: success, version: HTTP/1.1)
HTTP/1.1 200 OK
Content-Type: application/json; charset=utf-8
cache-control: no-cache
content-length: 125

10:44:54.868 [AsyncHttpClient-1-2] DEBUG org.asynchttpclient.netty.channel.ChannelManager - Adding key: http://localhost:52363 for channel [id: 0xf2133ff1, L:/127.0.0.1:51851 - R:localhost/127.0.0.1:52363]
10:44:54.873 [Forwarding sendKeysToElement on session fc4003f268d560c689cff635400187d0 to remote] DEBUG org.asynchttpclient.netty.request.NettyRequestSender - Using pooled Channel '[id: 0xf2133ff1, L:/127.0.0.1:51851 - R:localhost/127.0.0.1:52363]' for 'POST' to 'http://localhost:52363/session/fc4003f268d560c689cff635400187d0/element/f.0E9A418F07E97C97EB777CC70B389E66.d.85CC464036CF51CBA1D230274F2BD307.e.2/value'
10:44:54.873 [Forwarding sendKeysToElement on session fc4003f268d560c689cff635400187d0 to remote] DEBUG org.asynchttpclient.netty.request.NettyRequestSender - Using open Channel [id: 0xf2133ff1, L:/127.0.0.1:51851 - R:localhost/127.0.0.1:52363] for POST '/session/fc4003f268d560c689cff635400187d0/element/f.0E9A418F07E97C97EB777CC70B389E66.d.85CC464036CF51CBA1D230274F2BD307.e.2/value'
10:44:54.976 [AsyncHttpClient-1-2] DEBUG org.asynchttpclient.netty.handler.HttpHandler - 

Request DefaultHttpRequest(decodeResult: success, version: HTTP/1.1)
POST /session/fc4003f268d560c689cff635400187d0/element/f.0E9A418F07E97C97EB777CC70B389E66.d.85CC464036CF51CBA1D230274F2BD307.e.2/value HTTP/1.1
User-Agent: selenium/4.5.0 (java windows)
Content-Length: 248
Content-Type: application/json; charset=utf-8
host: localhost:52363
accept: */*

Response DefaultHttpResponse(decodeResult: success, version: HTTP/1.1)
HTTP/1.1 200 OK
Content-Type: application/json; charset=utf-8
cache-control: no-cache
content-length: 14

10:44:54.977 [AsyncHttpClient-1-2] DEBUG org.asynchttpclient.netty.channel.ChannelManager - Adding key: http://localhost:52363 for channel [id: 0xf2133ff1, L:/127.0.0.1:51851 - R:localhost/127.0.0.1:52363]
10:44:54.979 [Forwarding findElement on session fc4003f268d560c689cff635400187d0 to remote] DEBUG org.asynchttpclient.netty.request.NettyRequestSender - Using pooled Channel '[id: 0xf2133ff1, L:/127.0.0.1:51851 - R:localhost/127.0.0.1:52363]' for 'POST' to 'http://localhost:52363/session/fc4003f268d560c689cff635400187d0/element'
10:44:54.979 [Forwarding findElement on session fc4003f268d560c689cff635400187d0 to remote] DEBUG org.asynchttpclient.netty.request.NettyRequestSender - Using open Channel [id: 0xf2133ff1, L:/127.0.0.1:51851 - R:localhost/127.0.0.1:52363] for POST '/session/fc4003f268d560c689cff635400187d0/element'
10:44:54.992 [AsyncHttpClient-1-2] DEBUG org.asynchttpclient.netty.handler.HttpHandler - 

Request DefaultHttpRequest(decodeResult: success, version: HTTP/1.1)
POST /session/fc4003f268d560c689cff635400187d0/element HTTP/1.1
User-Agent: selenium/4.5.0 (java windows)
Content-Length: 53
Content-Type: application/json; charset=utf-8
host: localhost:52363
accept: */*

Response DefaultHttpResponse(decodeResult: success, version: HTTP/1.1)
HTTP/1.1 200 OK
Content-Type: application/json; charset=utf-8
cache-control: no-cache
content-length: 125

10:44:54.993 [AsyncHttpClient-1-2] DEBUG org.asynchttpclient.netty.channel.ChannelManager - Adding key: http://localhost:52363 for channel [id: 0xf2133ff1, L:/127.0.0.1:51851 - R:localhost/127.0.0.1:52363]
10:44:54.996 [Forwarding sendKeysToElement on session fc4003f268d560c689cff635400187d0 to remote] DEBUG org.asynchttpclient.netty.request.NettyRequestSender - Using pooled Channel '[id: 0xf2133ff1, L:/127.0.0.1:51851 - R:localhost/127.0.0.1:52363]' for 'POST' to 'http://localhost:52363/session/fc4003f268d560c689cff635400187d0/element/f.0E9A418F07E97C97EB777CC70B389E66.d.85CC464036CF51CBA1D230274F2BD307.e.4/value'
10:44:54.996 [Forwarding sendKeysToElement on session fc4003f268d560c689cff635400187d0 to remote] DEBUG org.asynchttpclient.netty.request.NettyRequestSender - Using open Channel [id: 0xf2133ff1, L:/127.0.0.1:51851 - R:localhost/127.0.0.1:52363] for POST '/session/fc4003f268d560c689cff635400187d0/element/f.0E9A418F07E97C97EB777CC70B389E66.d.85CC464036CF51CBA1D230274F2BD307.e.4/value'
10:44:55.075 [AsyncHttpClient-1-2] DEBUG org.asynchttpclient.netty.handler.HttpHandler - 

Request DefaultHttpRequest(decodeResult: success, version: HTTP/1.1)
POST /session/fc4003f268d560c689cff635400187d0/element/f.0E9A418F07E97C97EB777CC70B389E66.d.85CC464036CF51CBA1D230274F2BD307.e.4/value HTTP/1.1
User-Agent: selenium/4.5.0 (java windows)
Content-Length: 238
Content-Type: application/json; charset=utf-8
host: localhost:52363
accept: */*

Response DefaultHttpResponse(decodeResult: success, version: HTTP/1.1)
HTTP/1.1 200 OK
Content-Type: application/json; charset=utf-8
cache-control: no-cache
content-length: 14

10:44:55.075 [AsyncHttpClient-1-2] DEBUG org.asynchttpclient.netty.channel.ChannelManager - Adding key: http://localhost:52363 for channel [id: 0xf2133ff1, L:/127.0.0.1:51851 - R:localhost/127.0.0.1:52363]
10:44:55.078 [Forwarding findElement on session fc4003f268d560c689cff635400187d0 to remote] DEBUG org.asynchttpclient.netty.request.NettyRequestSender - Using pooled Channel '[id: 0xf2133ff1, L:/127.0.0.1:51851 - R:localhost/127.0.0.1:52363]' for 'POST' to 'http://localhost:52363/session/fc4003f268d560c689cff635400187d0/element'
10:44:55.078 [Forwarding findElement on session fc4003f268d560c689cff635400187d0 to remote] DEBUG org.asynchttpclient.netty.request.NettyRequestSender - Using open Channel [id: 0xf2133ff1, L:/127.0.0.1:51851 - R:localhost/127.0.0.1:52363] for POST '/session/fc4003f268d560c689cff635400187d0/element'
10:44:55.098 [AsyncHttpClient-1-2] DEBUG org.asynchttpclient.netty.handler.HttpHandler - 

Request DefaultHttpRequest(decodeResult: success, version: HTTP/1.1)
POST /session/fc4003f268d560c689cff635400187d0/element HTTP/1.1
User-Agent: selenium/4.5.0 (java windows)
Content-Length: 59
Content-Type: application/json; charset=utf-8
host: localhost:52363
accept: */*

Response DefaultHttpResponse(decodeResult: success, version: HTTP/1.1)
HTTP/1.1 200 OK
Content-Type: application/json; charset=utf-8
cache-control: no-cache
content-length: 125

10:44:55.098 [AsyncHttpClient-1-2] DEBUG org.asynchttpclient.netty.channel.ChannelManager - Adding key: http://localhost:52363 for channel [id: 0xf2133ff1, L:/127.0.0.1:51851 - R:localhost/127.0.0.1:52363]
10:44:55.100 [Forwarding clickElement on session fc4003f268d560c689cff635400187d0 to remote] DEBUG org.asynchttpclient.netty.request.NettyRequestSender - Using pooled Channel '[id: 0xf2133ff1, L:/127.0.0.1:51851 - R:localhost/127.0.0.1:52363]' for 'POST' to 'http://localhost:52363/session/fc4003f268d560c689cff635400187d0/element/f.0E9A418F07E97C97EB777CC70B389E66.d.85CC464036CF51CBA1D230274F2BD307.e.5/click'
10:44:55.100 [Forwarding clickElement on session fc4003f268d560c689cff635400187d0 to remote] DEBUG org.asynchttpclient.netty.request.NettyRequestSender - Using open Channel [id: 0xf2133ff1, L:/127.0.0.1:51851 - R:localhost/127.0.0.1:52363] for POST '/session/fc4003f268d560c689cff635400187d0/element/f.0E9A418F07E97C97EB777CC70B389E66.d.85CC464036CF51CBA1D230274F2BD307.e.5/click'
10:44:55.216 [AsyncHttpClient-1-1] DEBUG org.asynchttpclient.netty.channel.DefaultChannelPool - Entry count for : http://localhost:9222 : 1
10:44:55.222 [AsyncHttpClient-1-2] DEBUG org.asynchttpclient.netty.handler.HttpHandler - 

Request DefaultHttpRequest(decodeResult: success, version: HTTP/1.1)
POST /session/fc4003f268d560c689cff635400187d0/element/f.0E9A418F07E97C97EB777CC70B389E66.d.85CC464036CF51CBA1D230274F2BD307.e.5/click HTTP/1.1
User-Agent: selenium/4.5.0 (java windows)
Content-Length: 87
Content-Type: application/json; charset=utf-8
host: localhost:52363
accept: */*

Response DefaultHttpResponse(decodeResult: success, version: HTTP/1.1)
HTTP/1.1 200 OK
Content-Type: application/json; charset=utf-8
cache-control: no-cache
content-length: 14

10:44:55.222 [AsyncHttpClient-1-2] DEBUG org.asynchttpclient.netty.channel.ChannelManager - Adding key: http://localhost:52363 for channel [id: 0xf2133ff1, L:/127.0.0.1:51851 - R:localhost/127.0.0.1:52363]
10:44:55.225 [Forwarding findElements on session fc4003f268d560c689cff635400187d0 to remote] DEBUG org.asynchttpclient.netty.request.NettyRequestSender - Using pooled Channel '[id: 0xf2133ff1, L:/127.0.0.1:51851 - R:localhost/127.0.0.1:52363]' for 'POST' to 'http://localhost:52363/session/fc4003f268d560c689cff635400187d0/elements'
10:44:55.226 [Forwarding findElements on session fc4003f268d560c689cff635400187d0 to remote] DEBUG org.asynchttpclient.netty.request.NettyRequestSender - Using open Channel [id: 0xf2133ff1, L:/127.0.0.1:51851 - R:localhost/127.0.0.1:52363] for POST '/session/fc4003f268d560c689cff635400187d0/elements'
10:44:55.241 [AsyncHttpClient-1-2] DEBUG org.asynchttpclient.netty.handler.HttpHandler - 

Request DefaultHttpRequest(decodeResult: success, version: HTTP/1.1)
POST /session/fc4003f268d560c689cff635400187d0/elements HTTP/1.1
User-Agent: selenium/4.5.0 (java windows)
Content-Length: 72
Content-Type: application/json; charset=utf-8
host: localhost:52363
accept: */*

Response DefaultHttpResponse(decodeResult: success, version: HTTP/1.1)
HTTP/1.1 200 OK
Content-Type: application/json; charset=utf-8
cache-control: no-cache
content-length: 128

10:44:55.241 [AsyncHttpClient-1-2] DEBUG org.asynchttpclient.netty.channel.ChannelManager - Adding key: http://localhost:52363 for channel [id: 0xf2133ff1, L:/127.0.0.1:51851 - R:localhost/127.0.0.1:52363]
10:44:55.247 [main] INFO com.example.WebPageTest - User: standard_useris loging correctly.
10:44:55.253 [Forwarding get on session fc4003f268d560c689cff635400187d0 to remote] DEBUG org.asynchttpclient.netty.request.NettyRequestSender - Using pooled Channel '[id: 0xf2133ff1, L:/127.0.0.1:51851 - R:localhost/127.0.0.1:52363]' for 'POST' to 'http://localhost:52363/session/fc4003f268d560c689cff635400187d0/url'
10:44:55.253 [Forwarding get on session fc4003f268d560c689cff635400187d0 to remote] DEBUG org.asynchttpclient.netty.request.NettyRequestSender - Using open Channel [id: 0xf2133ff1, L:/127.0.0.1:51851 - R:localhost/127.0.0.1:52363] for POST '/session/fc4003f268d560c689cff635400187d0/url'
10:44:55.345 [AsyncHttpClient-1-2] DEBUG org.asynchttpclient.netty.handler.HttpHandler - 

Request DefaultHttpRequest(decodeResult: success, version: HTTP/1.1)
POST /session/fc4003f268d560c689cff635400187d0/url HTTP/1.1
User-Agent: selenium/4.5.0 (java windows)
Content-Length: 56
Content-Type: application/json; charset=utf-8
host: localhost:52363
accept: */*

Response DefaultHttpResponse(decodeResult: success, version: HTTP/1.1)
HTTP/1.1 200 OK
Content-Type: application/json; charset=utf-8
cache-control: no-cache
content-length: 14

10:44:55.346 [AsyncHttpClient-1-2] DEBUG org.asynchttpclient.netty.channel.ChannelManager - Adding key: http://localhost:52363 for channel [id: 0xf2133ff1, L:/127.0.0.1:51851 - R:localhost/127.0.0.1:52363]
10:44:55.347 [main] INFO com.example.WebPageTest - =========> Username: locked_out_user <============
10:44:55.348 [Forwarding findElement on session fc4003f268d560c689cff635400187d0 to remote] DEBUG org.asynchttpclient.netty.request.NettyRequestSender - Using pooled Channel '[id: 0xf2133ff1, L:/127.0.0.1:51851 - R:localhost/127.0.0.1:52363]' for 'POST' to 'http://localhost:52363/session/fc4003f268d560c689cff635400187d0/element'
10:44:55.348 [Forwarding findElement on session fc4003f268d560c689cff635400187d0 to remote] DEBUG org.asynchttpclient.netty.request.NettyRequestSender - Using open Channel [id: 0xf2133ff1, L:/127.0.0.1:51851 - R:localhost/127.0.0.1:52363] for POST '/session/fc4003f268d560c689cff635400187d0/element'
10:44:55.360 [AsyncHttpClient-1-2] DEBUG org.asynchttpclient.netty.handler.HttpHandler - 

Request DefaultHttpRequest(decodeResult: success, version: HTTP/1.1)
POST /session/fc4003f268d560c689cff635400187d0/element HTTP/1.1
User-Agent: selenium/4.5.0 (java windows)
Content-Length: 116
Content-Type: application/json; charset=utf-8
host: localhost:52363
accept: */*

Response DefaultHttpResponse(decodeResult: success, version: HTTP/1.1)
HTTP/1.1 200 OK
Content-Type: application/json; charset=utf-8
cache-control: no-cache
content-length: 126

10:44:55.361 [AsyncHttpClient-1-2] DEBUG org.asynchttpclient.netty.channel.ChannelManager - Adding key: http://localhost:52363 for channel [id: 0xf2133ff1, L:/127.0.0.1:51851 - R:localhost/127.0.0.1:52363]
10:44:55.362 [Forwarding getElementText on session fc4003f268d560c689cff635400187d0 to remote] DEBUG org.asynchttpclient.netty.request.NettyRequestSender - Using pooled Channel '[id: 0xf2133ff1, L:/127.0.0.1:51851 - R:localhost/127.0.0.1:52363]' for 'GET' to 'http://localhost:52363/session/fc4003f268d560c689cff635400187d0/element/f.0E9A418F07E97C97EB777CC70B389E66.d.01A9D2CE854F62FC2FB467AE097DC3C0.e.27/text'
10:44:55.362 [Forwarding getElementText on session fc4003f268d560c689cff635400187d0 to remote] DEBUG org.asynchttpclient.netty.request.NettyRequestSender - Using open Channel [id: 0xf2133ff1, L:/127.0.0.1:51851 - R:localhost/127.0.0.1:52363] for GET '/session/fc4003f268d560c689cff635400187d0/element/f.0E9A418F07E97C97EB777CC70B389E66.d.01A9D2CE854F62FC2FB467AE097DC3C0.e.27/text'
10:44:55.373 [AsyncHttpClient-1-2] DEBUG org.asynchttpclient.netty.handler.HttpHandler - 

Request DefaultFullHttpRequest(decodeResult: success, version: HTTP/1.1, content: EmptyByteBufBE)
GET /session/fc4003f268d560c689cff635400187d0/element/f.0E9A418F07E97C97EB777CC70B389E66.d.01A9D2CE854F62FC2FB467AE097DC3C0.e.27/text HTTP/1.1
User-Agent: selenium/4.5.0 (java windows)
Cache-Control: no-cache
Content-Type: application/json; charset=utf-8
host: localhost:52363
accept: */*

Response DefaultHttpResponse(decodeResult: success, version: HTTP/1.1)
HTTP/1.1 200 OK
Content-Type: application/json; charset=utf-8
cache-control: no-cache
content-length: 49

10:44:55.374 [AsyncHttpClient-1-2] DEBUG org.asynchttpclient.netty.channel.ChannelManager - Adding key: http://localhost:52363 for channel [id: 0xf2133ff1, L:/127.0.0.1:51851 - R:localhost/127.0.0.1:52363]
10:44:55.375 [main] INFO com.example.WebPageTest - =========> Password: secret_sauce <============
10:44:55.376 [Forwarding findElement on session fc4003f268d560c689cff635400187d0 to remote] DEBUG org.asynchttpclient.netty.request.NettyRequestSender - Using pooled Channel '[id: 0xf2133ff1, L:/127.0.0.1:51851 - R:localhost/127.0.0.1:52363]' for 'POST' to 'http://localhost:52363/session/fc4003f268d560c689cff635400187d0/element'
10:44:55.376 [Forwarding findElement on session fc4003f268d560c689cff635400187d0 to remote] DEBUG org.asynchttpclient.netty.request.NettyRequestSender - Using open Channel [id: 0xf2133ff1, L:/127.0.0.1:51851 - R:localhost/127.0.0.1:52363] for POST '/session/fc4003f268d560c689cff635400187d0/element'
10:44:55.386 [AsyncHttpClient-1-2] DEBUG org.asynchttpclient.netty.handler.HttpHandler - 

Request DefaultHttpRequest(decodeResult: success, version: HTTP/1.1)
POST /session/fc4003f268d560c689cff635400187d0/element HTTP/1.1
User-Agent: selenium/4.5.0 (java windows)
Content-Length: 56
Content-Type: application/json; charset=utf-8
host: localhost:52363
accept: */*

Response DefaultHttpResponse(decodeResult: success, version: HTTP/1.1)
HTTP/1.1 200 OK
Content-Type: application/json; charset=utf-8
cache-control: no-cache
content-length: 126

10:44:55.386 [AsyncHttpClient-1-2] DEBUG org.asynchttpclient.netty.channel.ChannelManager - Adding key: http://localhost:52363 for channel [id: 0xf2133ff1, L:/127.0.0.1:51851 - R:localhost/127.0.0.1:52363]
10:44:55.389 [Forwarding sendKeysToElement on session fc4003f268d560c689cff635400187d0 to remote] DEBUG org.asynchttpclient.netty.request.NettyRequestSender - Using pooled Channel '[id: 0xf2133ff1, L:/127.0.0.1:51851 - R:localhost/127.0.0.1:52363]' for 'POST' to 'http://localhost:52363/session/fc4003f268d560c689cff635400187d0/element/f.0E9A418F07E97C97EB777CC70B389E66.d.01A9D2CE854F62FC2FB467AE097DC3C0.e.21/value'
10:44:55.389 [Forwarding sendKeysToElement on session fc4003f268d560c689cff635400187d0 to remote] DEBUG org.asynchttpclient.netty.request.NettyRequestSender - Using open Channel [id: 0xf2133ff1, L:/127.0.0.1:51851 - R:localhost/127.0.0.1:52363] for POST '/session/fc4003f268d560c689cff635400187d0/element/f.0E9A418F07E97C97EB777CC70B389E66.d.01A9D2CE854F62FC2FB467AE097DC3C0.e.21/value'
10:44:55.474 [AsyncHttpClient-1-2] DEBUG org.asynchttpclient.netty.handler.HttpHandler - 

Request DefaultHttpRequest(decodeResult: success, version: HTTP/1.1)
POST /session/fc4003f268d560c689cff635400187d0/element/f.0E9A418F07E97C97EB777CC70B389E66.d.01A9D2CE854F62FC2FB467AE097DC3C0.e.21/value HTTP/1.1
User-Agent: selenium/4.5.0 (java windows)
Content-Length: 269
Content-Type: application/json; charset=utf-8
host: localhost:52363
accept: */*

Response DefaultHttpResponse(decodeResult: success, version: HTTP/1.1)
HTTP/1.1 200 OK
Content-Type: application/json; charset=utf-8
cache-control: no-cache
content-length: 14

10:44:55.474 [AsyncHttpClient-1-2] DEBUG org.asynchttpclient.netty.channel.ChannelManager - Adding key: http://localhost:52363 for channel [id: 0xf2133ff1, L:/127.0.0.1:51851 - R:localhost/127.0.0.1:52363]
10:44:55.476 [Forwarding findElement on session fc4003f268d560c689cff635400187d0 to remote] DEBUG org.asynchttpclient.netty.request.NettyRequestSender - Using pooled Channel '[id: 0xf2133ff1, L:/127.0.0.1:51851 - R:localhost/127.0.0.1:52363]' for 'POST' to 'http://localhost:52363/session/fc4003f268d560c689cff635400187d0/element'
10:44:55.477 [Forwarding findElement on session fc4003f268d560c689cff635400187d0 to remote] DEBUG org.asynchttpclient.netty.request.NettyRequestSender - Using open Channel [id: 0xf2133ff1, L:/127.0.0.1:51851 - R:localhost/127.0.0.1:52363] for POST '/session/fc4003f268d560c689cff635400187d0/element'
10:44:55.486 [AsyncHttpClient-1-2] DEBUG org.asynchttpclient.netty.handler.HttpHandler - 

Request DefaultHttpRequest(decodeResult: success, version: HTTP/1.1)
POST /session/fc4003f268d560c689cff635400187d0/element HTTP/1.1
User-Agent: selenium/4.5.0 (java windows)
Content-Length: 53
Content-Type: application/json; charset=utf-8
host: localhost:52363
accept: */*

Response DefaultHttpResponse(decodeResult: success, version: HTTP/1.1)
HTTP/1.1 200 OK
Content-Type: application/json; charset=utf-8
cache-control: no-cache
content-length: 126

10:44:55.486 [AsyncHttpClient-1-2] DEBUG org.asynchttpclient.netty.channel.ChannelManager - Adding key: http://localhost:52363 for channel [id: 0xf2133ff1, L:/127.0.0.1:51851 - R:localhost/127.0.0.1:52363]
10:44:55.488 [Forwarding sendKeysToElement on session fc4003f268d560c689cff635400187d0 to remote] DEBUG org.asynchttpclient.netty.request.NettyRequestSender - Using pooled Channel '[id: 0xf2133ff1, L:/127.0.0.1:51851 - R:localhost/127.0.0.1:52363]' for 'POST' to 'http://localhost:52363/session/fc4003f268d560c689cff635400187d0/element/f.0E9A418F07E97C97EB777CC70B389E66.d.01A9D2CE854F62FC2FB467AE097DC3C0.e.23/value'
10:44:55.489 [Forwarding sendKeysToElement on session fc4003f268d560c689cff635400187d0 to remote] DEBUG org.asynchttpclient.netty.request.NettyRequestSender - Using open Channel [id: 0xf2133ff1, L:/127.0.0.1:51851 - R:localhost/127.0.0.1:52363] for POST '/session/fc4003f268d560c689cff635400187d0/element/f.0E9A418F07E97C97EB777CC70B389E66.d.01A9D2CE854F62FC2FB467AE097DC3C0.e.23/value'
10:44:55.558 [AsyncHttpClient-1-2] DEBUG org.asynchttpclient.netty.handler.HttpHandler - 

Request DefaultHttpRequest(decodeResult: success, version: HTTP/1.1)
POST /session/fc4003f268d560c689cff635400187d0/element/f.0E9A418F07E97C97EB777CC70B389E66.d.01A9D2CE854F62FC2FB467AE097DC3C0.e.23/value HTTP/1.1
User-Agent: selenium/4.5.0 (java windows)
Content-Length: 239
Content-Type: application/json; charset=utf-8
host: localhost:52363
accept: */*

Response DefaultHttpResponse(decodeResult: success, version: HTTP/1.1)
HTTP/1.1 200 OK
Content-Type: application/json; charset=utf-8
cache-control: no-cache
content-length: 14

10:44:55.558 [AsyncHttpClient-1-2] DEBUG org.asynchttpclient.netty.channel.ChannelManager - Adding key: http://localhost:52363 for channel [id: 0xf2133ff1, L:/127.0.0.1:51851 - R:localhost/127.0.0.1:52363]
10:44:55.560 [Forwarding findElement on session fc4003f268d560c689cff635400187d0 to remote] DEBUG org.asynchttpclient.netty.request.NettyRequestSender - Using pooled Channel '[id: 0xf2133ff1, L:/127.0.0.1:51851 - R:localhost/127.0.0.1:52363]' for 'POST' to 'http://localhost:52363/session/fc4003f268d560c689cff635400187d0/element'
10:44:55.560 [Forwarding findElement on session fc4003f268d560c689cff635400187d0 to remote] DEBUG org.asynchttpclient.netty.request.NettyRequestSender - Using open Channel [id: 0xf2133ff1, L:/127.0.0.1:51851 - R:localhost/127.0.0.1:52363] for POST '/session/fc4003f268d560c689cff635400187d0/element'
10:44:55.569 [AsyncHttpClient-1-2] DEBUG org.asynchttpclient.netty.handler.HttpHandler - 

Request DefaultHttpRequest(decodeResult: success, version: HTTP/1.1)
POST /session/fc4003f268d560c689cff635400187d0/element HTTP/1.1
User-Agent: selenium/4.5.0 (java windows)
Content-Length: 59
Content-Type: application/json; charset=utf-8
host: localhost:52363
accept: */*

Response DefaultHttpResponse(decodeResult: success, version: HTTP/1.1)
HTTP/1.1 200 OK
Content-Type: application/json; charset=utf-8
cache-control: no-cache
content-length: 126

10:44:55.569 [AsyncHttpClient-1-2] DEBUG org.asynchttpclient.netty.channel.ChannelManager - Adding key: http://localhost:52363 for channel [id: 0xf2133ff1, L:/127.0.0.1:51851 - R:localhost/127.0.0.1:52363]
10:44:55.571 [Forwarding clickElement on session fc4003f268d560c689cff635400187d0 to remote] DEBUG org.asynchttpclient.netty.request.NettyRequestSender - Using pooled Channel '[id: 0xf2133ff1, L:/127.0.0.1:51851 - R:localhost/127.0.0.1:52363]' for 'POST' to 'http://localhost:52363/session/fc4003f268d560c689cff635400187d0/element/f.0E9A418F07E97C97EB777CC70B389E66.d.01A9D2CE854F62FC2FB467AE097DC3C0.e.24/click'
10:44:55.572 [Forwarding clickElement on session fc4003f268d560c689cff635400187d0 to remote] DEBUG org.asynchttpclient.netty.request.NettyRequestSender - Using open Channel [id: 0xf2133ff1, L:/127.0.0.1:51851 - R:localhost/127.0.0.1:52363] for POST '/session/fc4003f268d560c689cff635400187d0/element/f.0E9A418F07E97C97EB777CC70B389E66.d.01A9D2CE854F62FC2FB467AE097DC3C0.e.24/click'
10:44:55.656 [AsyncHttpClient-1-2] DEBUG org.asynchttpclient.netty.handler.HttpHandler - 

Request DefaultHttpRequest(decodeResult: success, version: HTTP/1.1)
POST /session/fc4003f268d560c689cff635400187d0/element/f.0E9A418F07E97C97EB777CC70B389E66.d.01A9D2CE854F62FC2FB467AE097DC3C0.e.24/click HTTP/1.1
User-Agent: selenium/4.5.0 (java windows)
Content-Length: 88
Content-Type: application/json; charset=utf-8
host: localhost:52363
accept: */*

Response DefaultHttpResponse(decodeResult: success, version: HTTP/1.1)
HTTP/1.1 200 OK
Content-Type: application/json; charset=utf-8
cache-control: no-cache
content-length: 14

10:44:55.656 [AsyncHttpClient-1-2] DEBUG org.asynchttpclient.netty.channel.ChannelManager - Adding key: http://localhost:52363 for channel [id: 0xf2133ff1, L:/127.0.0.1:51851 - R:localhost/127.0.0.1:52363]
10:44:55.658 [Forwarding findElements on session fc4003f268d560c689cff635400187d0 to remote] DEBUG org.asynchttpclient.netty.request.NettyRequestSender - Using pooled Channel '[id: 0xf2133ff1, L:/127.0.0.1:51851 - R:localhost/127.0.0.1:52363]' for 'POST' to 'http://localhost:52363/session/fc4003f268d560c689cff635400187d0/elements'
10:44:55.658 [Forwarding findElements on session fc4003f268d560c689cff635400187d0 to remote] DEBUG org.asynchttpclient.netty.request.NettyRequestSender - Using open Channel [id: 0xf2133ff1, L:/127.0.0.1:51851 - R:localhost/127.0.0.1:52363] for POST '/session/fc4003f268d560c689cff635400187d0/elements'
10:44:55.666 [AsyncHttpClient-1-2] DEBUG org.asynchttpclient.netty.handler.HttpHandler - 

Request DefaultHttpRequest(decodeResult: success, version: HTTP/1.1)
POST /session/fc4003f268d560c689cff635400187d0/elements HTTP/1.1
User-Agent: selenium/4.5.0 (java windows)
Content-Length: 72
Content-Type: application/json; charset=utf-8
host: localhost:52363
accept: */*

Response DefaultHttpResponse(decodeResult: success, version: HTTP/1.1)
HTTP/1.1 200 OK
Content-Type: application/json; charset=utf-8
cache-control: no-cache
content-length: 12

10:44:55.667 [AsyncHttpClient-1-2] DEBUG org.asynchttpclient.netty.channel.ChannelManager - Adding key: http://localhost:52363 for channel [id: 0xf2133ff1, L:/127.0.0.1:51851 - R:localhost/127.0.0.1:52363]
10:44:55.668 [main] INFO com.example.WebPageTest - User: locked_out_useris blocked correctly.
10:44:55.670 [Forwarding get on session fc4003f268d560c689cff635400187d0 to remote] DEBUG org.asynchttpclient.netty.request.NettyRequestSender - Using pooled Channel '[id: 0xf2133ff1, L:/127.0.0.1:51851 - R:localhost/127.0.0.1:52363]' for 'POST' to 'http://localhost:52363/session/fc4003f268d560c689cff635400187d0/url'
10:44:55.670 [Forwarding get on session fc4003f268d560c689cff635400187d0 to remote] DEBUG org.asynchttpclient.netty.request.NettyRequestSender - Using open Channel [id: 0xf2133ff1, L:/127.0.0.1:51851 - R:localhost/127.0.0.1:52363] for POST '/session/fc4003f268d560c689cff635400187d0/url'
10:44:55.717 [AsyncHttpClient-1-2] DEBUG org.asynchttpclient.netty.handler.HttpHandler - 

Request DefaultHttpRequest(decodeResult: success, version: HTTP/1.1)
POST /session/fc4003f268d560c689cff635400187d0/url HTTP/1.1
User-Agent: selenium/4.5.0 (java windows)
Content-Length: 56
Content-Type: application/json; charset=utf-8
host: localhost:52363
accept: */*

Response DefaultHttpResponse(decodeResult: success, version: HTTP/1.1)
HTTP/1.1 200 OK
Content-Type: application/json; charset=utf-8
cache-control: no-cache
content-length: 14

10:44:55.717 [AsyncHttpClient-1-2] DEBUG org.asynchttpclient.netty.channel.ChannelManager - Adding key: http://localhost:52363 for channel [id: 0xf2133ff1, L:/127.0.0.1:51851 - R:localhost/127.0.0.1:52363]
10:44:55.719 [main] INFO com.example.WebPageTest - =========> Username: problem_user <============
10:44:55.720 [Forwarding findElement on session fc4003f268d560c689cff635400187d0 to remote] DEBUG org.asynchttpclient.netty.request.NettyRequestSender - Using pooled Channel '[id: 0xf2133ff1, L:/127.0.0.1:51851 - R:localhost/127.0.0.1:52363]' for 'POST' to 'http://localhost:52363/session/fc4003f268d560c689cff635400187d0/element'
10:44:55.720 [Forwarding findElement on session fc4003f268d560c689cff635400187d0 to remote] DEBUG org.asynchttpclient.netty.request.NettyRequestSender - Using open Channel [id: 0xf2133ff1, L:/127.0.0.1:51851 - R:localhost/127.0.0.1:52363] for POST '/session/fc4003f268d560c689cff635400187d0/element'
10:44:55.731 [AsyncHttpClient-1-2] DEBUG org.asynchttpclient.netty.handler.HttpHandler - 

Request DefaultHttpRequest(decodeResult: success, version: HTTP/1.1)
POST /session/fc4003f268d560c689cff635400187d0/element HTTP/1.1
User-Agent: selenium/4.5.0 (java windows)
Content-Length: 116
Content-Type: application/json; charset=utf-8
host: localhost:52363
accept: */*

Response DefaultHttpResponse(decodeResult: success, version: HTTP/1.1)
HTTP/1.1 200 OK
Content-Type: application/json; charset=utf-8
cache-control: no-cache
content-length: 126

10:44:55.732 [AsyncHttpClient-1-2] DEBUG org.asynchttpclient.netty.channel.ChannelManager - Adding key: http://localhost:52363 for channel [id: 0xf2133ff1, L:/127.0.0.1:51851 - R:localhost/127.0.0.1:52363]
10:44:55.733 [Forwarding getElementText on session fc4003f268d560c689cff635400187d0 to remote] DEBUG org.asynchttpclient.netty.request.NettyRequestSender - Using pooled Channel '[id: 0xf2133ff1, L:/127.0.0.1:51851 - R:localhost/127.0.0.1:52363]' for 'GET' to 'http://localhost:52363/session/fc4003f268d560c689cff635400187d0/element/f.0E9A418F07E97C97EB777CC70B389E66.d.C7A0FF1AEBC0AB10CB13A5DD0E7B8A25.e.39/text'
10:44:55.734 [Forwarding getElementText on session fc4003f268d560c689cff635400187d0 to remote] DEBUG org.asynchttpclient.netty.request.NettyRequestSender - Using open Channel [id: 0xf2133ff1, L:/127.0.0.1:51851 - R:localhost/127.0.0.1:52363] for GET '/session/fc4003f268d560c689cff635400187d0/element/f.0E9A418F07E97C97EB777CC70B389E66.d.C7A0FF1AEBC0AB10CB13A5DD0E7B8A25.e.39/text'
10:44:55.744 [AsyncHttpClient-1-2] DEBUG org.asynchttpclient.netty.handler.HttpHandler - 

Request DefaultFullHttpRequest(decodeResult: success, version: HTTP/1.1, content: EmptyByteBufBE)
GET /session/fc4003f268d560c689cff635400187d0/element/f.0E9A418F07E97C97EB777CC70B389E66.d.C7A0FF1AEBC0AB10CB13A5DD0E7B8A25.e.39/text HTTP/1.1
User-Agent: selenium/4.5.0 (java windows)
Cache-Control: no-cache
Content-Type: application/json; charset=utf-8
host: localhost:52363
accept: */*

Response DefaultHttpResponse(decodeResult: success, version: HTTP/1.1)
HTTP/1.1 200 OK
Content-Type: application/json; charset=utf-8
cache-control: no-cache
content-length: 49

10:44:55.745 [AsyncHttpClient-1-2] DEBUG org.asynchttpclient.netty.channel.ChannelManager - Adding key: http://localhost:52363 for channel [id: 0xf2133ff1, L:/127.0.0.1:51851 - R:localhost/127.0.0.1:52363]
10:44:55.746 [main] INFO com.example.WebPageTest - =========> Password: secret_sauce <============
10:44:55.747 [Forwarding findElement on session fc4003f268d560c689cff635400187d0 to remote] DEBUG org.asynchttpclient.netty.request.NettyRequestSender - Using pooled Channel '[id: 0xf2133ff1, L:/127.0.0.1:51851 - R:localhost/127.0.0.1:52363]' for 'POST' to 'http://localhost:52363/session/fc4003f268d560c689cff635400187d0/element'
10:44:55.747 [Forwarding findElement on session fc4003f268d560c689cff635400187d0 to remote] DEBUG org.asynchttpclient.netty.request.NettyRequestSender - Using open Channel [id: 0xf2133ff1, L:/127.0.0.1:51851 - R:localhost/127.0.0.1:52363] for POST '/session/fc4003f268d560c689cff635400187d0/element'
10:44:55.755 [AsyncHttpClient-1-2] DEBUG org.asynchttpclient.netty.handler.HttpHandler - 

Request DefaultHttpRequest(decodeResult: success, version: HTTP/1.1)
POST /session/fc4003f268d560c689cff635400187d0/element HTTP/1.1
User-Agent: selenium/4.5.0 (java windows)
Content-Length: 56
Content-Type: application/json; charset=utf-8
host: localhost:52363
accept: */*

Response DefaultHttpResponse(decodeResult: success, version: HTTP/1.1)
HTTP/1.1 200 OK
Content-Type: application/json; charset=utf-8
cache-control: no-cache
content-length: 126

10:44:55.755 [AsyncHttpClient-1-2] DEBUG org.asynchttpclient.netty.channel.ChannelManager - Adding key: http://localhost:52363 for channel [id: 0xf2133ff1, L:/127.0.0.1:51851 - R:localhost/127.0.0.1:52363]
10:44:55.758 [Forwarding sendKeysToElement on session fc4003f268d560c689cff635400187d0 to remote] DEBUG org.asynchttpclient.netty.request.NettyRequestSender - Using pooled Channel '[id: 0xf2133ff1, L:/127.0.0.1:51851 - R:localhost/127.0.0.1:52363]' for 'POST' to 'http://localhost:52363/session/fc4003f268d560c689cff635400187d0/element/f.0E9A418F07E97C97EB777CC70B389E66.d.C7A0FF1AEBC0AB10CB13A5DD0E7B8A25.e.33/value'
10:44:55.758 [Forwarding sendKeysToElement on session fc4003f268d560c689cff635400187d0 to remote] DEBUG org.asynchttpclient.netty.request.NettyRequestSender - Using open Channel [id: 0xf2133ff1, L:/127.0.0.1:51851 - R:localhost/127.0.0.1:52363] for POST '/session/fc4003f268d560c689cff635400187d0/element/f.0E9A418F07E97C97EB777CC70B389E66.d.C7A0FF1AEBC0AB10CB13A5DD0E7B8A25.e.33/value'
10:44:55.829 [AsyncHttpClient-1-2] DEBUG org.asynchttpclient.netty.handler.HttpHandler - 

Request DefaultHttpRequest(decodeResult: success, version: HTTP/1.1)
POST /session/fc4003f268d560c689cff635400187d0/element/f.0E9A418F07E97C97EB777CC70B389E66.d.C7A0FF1AEBC0AB10CB13A5DD0E7B8A25.e.33/value HTTP/1.1
User-Agent: selenium/4.5.0 (java windows)
Content-Length: 239
Content-Type: application/json; charset=utf-8
host: localhost:52363
accept: */*

Response DefaultHttpResponse(decodeResult: success, version: HTTP/1.1)
HTTP/1.1 200 OK
Content-Type: application/json; charset=utf-8
cache-control: no-cache
content-length: 14

10:44:55.829 [AsyncHttpClient-1-2] DEBUG org.asynchttpclient.netty.channel.ChannelManager - Adding key: http://localhost:52363 for channel [id: 0xf2133ff1, L:/127.0.0.1:51851 - R:localhost/127.0.0.1:52363]
10:44:55.832 [Forwarding findElement on session fc4003f268d560c689cff635400187d0 to remote] DEBUG org.asynchttpclient.netty.request.NettyRequestSender - Using pooled Channel '[id: 0xf2133ff1, L:/127.0.0.1:51851 - R:localhost/127.0.0.1:52363]' for 'POST' to 'http://localhost:52363/session/fc4003f268d560c689cff635400187d0/element'
10:44:55.832 [Forwarding findElement on session fc4003f268d560c689cff635400187d0 to remote] DEBUG org.asynchttpclient.netty.request.NettyRequestSender - Using open Channel [id: 0xf2133ff1, L:/127.0.0.1:51851 - R:localhost/127.0.0.1:52363] for POST '/session/fc4003f268d560c689cff635400187d0/element'
10:44:55.842 [AsyncHttpClient-1-2] DEBUG org.asynchttpclient.netty.handler.HttpHandler - 

Request DefaultHttpRequest(decodeResult: success, version: HTTP/1.1)
POST /session/fc4003f268d560c689cff635400187d0/element HTTP/1.1
User-Agent: selenium/4.5.0 (java windows)
Content-Length: 53
Content-Type: application/json; charset=utf-8
host: localhost:52363
accept: */*

Response DefaultHttpResponse(decodeResult: success, version: HTTP/1.1)
HTTP/1.1 200 OK
Content-Type: application/json; charset=utf-8
cache-control: no-cache
content-length: 126

10:44:55.842 [AsyncHttpClient-1-2] DEBUG org.asynchttpclient.netty.channel.ChannelManager - Adding key: http://localhost:52363 for channel [id: 0xf2133ff1, L:/127.0.0.1:51851 - R:localhost/127.0.0.1:52363]
10:44:55.845 [Forwarding sendKeysToElement on session fc4003f268d560c689cff635400187d0 to remote] DEBUG org.asynchttpclient.netty.request.NettyRequestSender - Using pooled Channel '[id: 0xf2133ff1, L:/127.0.0.1:51851 - R:localhost/127.0.0.1:52363]' for 'POST' to 'http://localhost:52363/session/fc4003f268d560c689cff635400187d0/element/f.0E9A418F07E97C97EB777CC70B389E66.d.C7A0FF1AEBC0AB10CB13A5DD0E7B8A25.e.35/value'
10:44:55.845 [Forwarding sendKeysToElement on session fc4003f268d560c689cff635400187d0 to remote] DEBUG org.asynchttpclient.netty.request.NettyRequestSender - Using open Channel [id: 0xf2133ff1, L:/127.0.0.1:51851 - R:localhost/127.0.0.1:52363] for POST '/session/fc4003f268d560c689cff635400187d0/element/f.0E9A418F07E97C97EB777CC70B389E66.d.C7A0FF1AEBC0AB10CB13A5DD0E7B8A25.e.35/value'
10:44:55.917 [AsyncHttpClient-1-2] DEBUG org.asynchttpclient.netty.handler.HttpHandler - 

Request DefaultHttpRequest(decodeResult: success, version: HTTP/1.1)
POST /session/fc4003f268d560c689cff635400187d0/element/f.0E9A418F07E97C97EB777CC70B389E66.d.C7A0FF1AEBC0AB10CB13A5DD0E7B8A25.e.35/value HTTP/1.1
User-Agent: selenium/4.5.0 (java windows)
Content-Length: 239
Content-Type: application/json; charset=utf-8
host: localhost:52363
accept: */*

Response DefaultHttpResponse(decodeResult: success, version: HTTP/1.1)
HTTP/1.1 200 OK
Content-Type: application/json; charset=utf-8
cache-control: no-cache
content-length: 14

10:44:55.918 [AsyncHttpClient-1-2] DEBUG org.asynchttpclient.netty.channel.ChannelManager - Adding key: http://localhost:52363 for channel [id: 0xf2133ff1, L:/127.0.0.1:51851 - R:localhost/127.0.0.1:52363]
10:44:55.920 [Forwarding findElement on session fc4003f268d560c689cff635400187d0 to remote] DEBUG org.asynchttpclient.netty.request.NettyRequestSender - Using pooled Channel '[id: 0xf2133ff1, L:/127.0.0.1:51851 - R:localhost/127.0.0.1:52363]' for 'POST' to 'http://localhost:52363/session/fc4003f268d560c689cff635400187d0/element'
10:44:55.920 [Forwarding findElement on session fc4003f268d560c689cff635400187d0 to remote] DEBUG org.asynchttpclient.netty.request.NettyRequestSender - Using open Channel [id: 0xf2133ff1, L:/127.0.0.1:51851 - R:localhost/127.0.0.1:52363] for POST '/session/fc4003f268d560c689cff635400187d0/element'
10:44:55.929 [AsyncHttpClient-1-2] DEBUG org.asynchttpclient.netty.handler.HttpHandler - 

Request DefaultHttpRequest(decodeResult: success, version: HTTP/1.1)
POST /session/fc4003f268d560c689cff635400187d0/element HTTP/1.1
User-Agent: selenium/4.5.0 (java windows)
Content-Length: 59
Content-Type: application/json; charset=utf-8
host: localhost:52363
accept: */*

Response DefaultHttpResponse(decodeResult: success, version: HTTP/1.1)
HTTP/1.1 200 OK
Content-Type: application/json; charset=utf-8
cache-control: no-cache
content-length: 126

10:44:55.929 [AsyncHttpClient-1-2] DEBUG org.asynchttpclient.netty.channel.ChannelManager - Adding key: http://localhost:52363 for channel [id: 0xf2133ff1, L:/127.0.0.1:51851 - R:localhost/127.0.0.1:52363]
10:44:55.931 [Forwarding clickElement on session fc4003f268d560c689cff635400187d0 to remote] DEBUG org.asynchttpclient.netty.request.NettyRequestSender - Using pooled Channel '[id: 0xf2133ff1, L:/127.0.0.1:51851 - R:localhost/127.0.0.1:52363]' for 'POST' to 'http://localhost:52363/session/fc4003f268d560c689cff635400187d0/element/f.0E9A418F07E97C97EB777CC70B389E66.d.C7A0FF1AEBC0AB10CB13A5DD0E7B8A25.e.36/click'
10:44:55.931 [Forwarding clickElement on session fc4003f268d560c689cff635400187d0 to remote] DEBUG org.asynchttpclient.netty.request.NettyRequestSender - Using open Channel [id: 0xf2133ff1, L:/127.0.0.1:51851 - R:localhost/127.0.0.1:52363] for POST '/session/fc4003f268d560c689cff635400187d0/element/f.0E9A418F07E97C97EB777CC70B389E66.d.C7A0FF1AEBC0AB10CB13A5DD0E7B8A25.e.36/click'
10:44:56.015 [AsyncHttpClient-1-2] DEBUG org.asynchttpclient.netty.handler.HttpHandler - 

Request DefaultHttpRequest(decodeResult: success, version: HTTP/1.1)
POST /session/fc4003f268d560c689cff635400187d0/element/f.0E9A418F07E97C97EB777CC70B389E66.d.C7A0FF1AEBC0AB10CB13A5DD0E7B8A25.e.36/click HTTP/1.1
User-Agent: selenium/4.5.0 (java windows)
Content-Length: 88
Content-Type: application/json; charset=utf-8
host: localhost:52363
accept: */*

Response DefaultHttpResponse(decodeResult: success, version: HTTP/1.1)
HTTP/1.1 200 OK
Content-Type: application/json; charset=utf-8
cache-control: no-cache
content-length: 14

10:44:56.015 [AsyncHttpClient-1-2] DEBUG org.asynchttpclient.netty.channel.ChannelManager - Adding key: http://localhost:52363 for channel [id: 0xf2133ff1, L:/127.0.0.1:51851 - R:localhost/127.0.0.1:52363]
10:44:56.017 [Forwarding findElements on session fc4003f268d560c689cff635400187d0 to remote] DEBUG org.asynchttpclient.netty.request.NettyRequestSender - Using pooled Channel '[id: 0xf2133ff1, L:/127.0.0.1:51851 - R:localhost/127.0.0.1:52363]' for 'POST' to 'http://localhost:52363/session/fc4003f268d560c689cff635400187d0/elements'
10:44:56.017 [Forwarding findElements on session fc4003f268d560c689cff635400187d0 to remote] DEBUG org.asynchttpclient.netty.request.NettyRequestSender - Using open Channel [id: 0xf2133ff1, L:/127.0.0.1:51851 - R:localhost/127.0.0.1:52363] for POST '/session/fc4003f268d560c689cff635400187d0/elements'
10:44:56.027 [AsyncHttpClient-1-2] DEBUG org.asynchttpclient.netty.handler.HttpHandler - 

Request DefaultHttpRequest(decodeResult: success, version: HTTP/1.1)
POST /session/fc4003f268d560c689cff635400187d0/elements HTTP/1.1
User-Agent: selenium/4.5.0 (java windows)
Content-Length: 72
Content-Type: application/json; charset=utf-8
host: localhost:52363
accept: */*

Response DefaultHttpResponse(decodeResult: success, version: HTTP/1.1)
HTTP/1.1 200 OK
Content-Type: application/json; charset=utf-8
cache-control: no-cache
content-length: 128

10:44:56.027 [AsyncHttpClient-1-2] DEBUG org.asynchttpclient.netty.channel.ChannelManager - Adding key: http://localhost:52363 for channel [id: 0xf2133ff1, L:/127.0.0.1:51851 - R:localhost/127.0.0.1:52363]
10:44:56.028 [main] INFO com.example.WebPageTest - User: problem_useris loging correctly.
10:44:56.029 [Forwarding get on session fc4003f268d560c689cff635400187d0 to remote] DEBUG org.asynchttpclient.netty.request.NettyRequestSender - Using pooled Channel '[id: 0xf2133ff1, L:/127.0.0.1:51851 - R:localhost/127.0.0.1:52363]' for 'POST' to 'http://localhost:52363/session/fc4003f268d560c689cff635400187d0/url'
10:44:56.029 [Forwarding get on session fc4003f268d560c689cff635400187d0 to remote] DEBUG org.asynchttpclient.netty.request.NettyRequestSender - Using open Channel [id: 0xf2133ff1, L:/127.0.0.1:51851 - R:localhost/127.0.0.1:52363] for POST '/session/fc4003f268d560c689cff635400187d0/url'
10:44:56.086 [AsyncHttpClient-1-2] DEBUG org.asynchttpclient.netty.handler.HttpHandler - 

Request DefaultHttpRequest(decodeResult: success, version: HTTP/1.1)
POST /session/fc4003f268d560c689cff635400187d0/url HTTP/1.1
User-Agent: selenium/4.5.0 (java windows)
Content-Length: 56
Content-Type: application/json; charset=utf-8
host: localhost:52363
accept: */*

Response DefaultHttpResponse(decodeResult: success, version: HTTP/1.1)
HTTP/1.1 200 OK
Content-Type: application/json; charset=utf-8
cache-control: no-cache
content-length: 14

10:44:56.087 [AsyncHttpClient-1-2] DEBUG org.asynchttpclient.netty.channel.ChannelManager - Adding key: http://localhost:52363 for channel [id: 0xf2133ff1, L:/127.0.0.1:51851 - R:localhost/127.0.0.1:52363]
10:44:56.088 [main] INFO com.example.WebPageTest - =========> Username: performance_glitch_user <============
10:44:56.089 [Forwarding findElement on session fc4003f268d560c689cff635400187d0 to remote] DEBUG org.asynchttpclient.netty.request.NettyRequestSender - Using pooled Channel '[id: 0xf2133ff1, L:/127.0.0.1:51851 - R:localhost/127.0.0.1:52363]' for 'POST' to 'http://localhost:52363/session/fc4003f268d560c689cff635400187d0/element'
10:44:56.089 [Forwarding findElement on session fc4003f268d560c689cff635400187d0 to remote] DEBUG org.asynchttpclient.netty.request.NettyRequestSender - Using open Channel [id: 0xf2133ff1, L:/127.0.0.1:51851 - R:localhost/127.0.0.1:52363] for POST '/session/fc4003f268d560c689cff635400187d0/element'
10:44:56.098 [AsyncHttpClient-1-2] DEBUG org.asynchttpclient.netty.handler.HttpHandler - 

Request DefaultHttpRequest(decodeResult: success, version: HTTP/1.1)
POST /session/fc4003f268d560c689cff635400187d0/element HTTP/1.1
User-Agent: selenium/4.5.0 (java windows)
Content-Length: 116
Content-Type: application/json; charset=utf-8
host: localhost:52363
accept: */*

Response DefaultHttpResponse(decodeResult: success, version: HTTP/1.1)
HTTP/1.1 200 OK
Content-Type: application/json; charset=utf-8
cache-control: no-cache
content-length: 126

10:44:56.098 [AsyncHttpClient-1-2] DEBUG org.asynchttpclient.netty.channel.ChannelManager - Adding key: http://localhost:52363 for channel [id: 0xf2133ff1, L:/127.0.0.1:51851 - R:localhost/127.0.0.1:52363]
10:44:56.100 [Forwarding getElementText on session fc4003f268d560c689cff635400187d0 to remote] DEBUG org.asynchttpclient.netty.request.NettyRequestSender - Using pooled Channel '[id: 0xf2133ff1, L:/127.0.0.1:51851 - R:localhost/127.0.0.1:52363]' for 'GET' to 'http://localhost:52363/session/fc4003f268d560c689cff635400187d0/element/f.0E9A418F07E97C97EB777CC70B389E66.d.EF08403B924DAD72BA715957D2CFD786.e.55/text'
10:44:56.101 [Forwarding getElementText on session fc4003f268d560c689cff635400187d0 to remote] DEBUG org.asynchttpclient.netty.request.NettyRequestSender - Using open Channel [id: 0xf2133ff1, L:/127.0.0.1:51851 - R:localhost/127.0.0.1:52363] for GET '/session/fc4003f268d560c689cff635400187d0/element/f.0E9A418F07E97C97EB777CC70B389E66.d.EF08403B924DAD72BA715957D2CFD786.e.55/text'
10:44:56.112 [AsyncHttpClient-1-2] DEBUG org.asynchttpclient.netty.handler.HttpHandler - 

Request DefaultFullHttpRequest(decodeResult: success, version: HTTP/1.1, content: EmptyByteBufBE)
GET /session/fc4003f268d560c689cff635400187d0/element/f.0E9A418F07E97C97EB777CC70B389E66.d.EF08403B924DAD72BA715957D2CFD786.e.55/text HTTP/1.1
User-Agent: selenium/4.5.0 (java windows)
Cache-Control: no-cache
Content-Type: application/json; charset=utf-8
host: localhost:52363
accept: */*

Response DefaultHttpResponse(decodeResult: success, version: HTTP/1.1)
HTTP/1.1 200 OK
Content-Type: application/json; charset=utf-8
cache-control: no-cache
content-length: 49

10:44:56.113 [AsyncHttpClient-1-2] DEBUG org.asynchttpclient.netty.channel.ChannelManager - Adding key: http://localhost:52363 for channel [id: 0xf2133ff1, L:/127.0.0.1:51851 - R:localhost/127.0.0.1:52363]
10:44:56.115 [main] INFO com.example.WebPageTest - =========> Password: secret_sauce <============
10:44:56.118 [Forwarding findElement on session fc4003f268d560c689cff635400187d0 to remote] DEBUG org.asynchttpclient.netty.request.NettyRequestSender - Using pooled Channel '[id: 0xf2133ff1, L:/127.0.0.1:51851 - R:localhost/127.0.0.1:52363]' for 'POST' to 'http://localhost:52363/session/fc4003f268d560c689cff635400187d0/element'
10:44:56.118 [Forwarding findElement on session fc4003f268d560c689cff635400187d0 to remote] DEBUG org.asynchttpclient.netty.request.NettyRequestSender - Using open Channel [id: 0xf2133ff1, L:/127.0.0.1:51851 - R:localhost/127.0.0.1:52363] for POST '/session/fc4003f268d560c689cff635400187d0/element'
10:44:56.129 [AsyncHttpClient-1-2] DEBUG org.asynchttpclient.netty.handler.HttpHandler - 

Request DefaultHttpRequest(decodeResult: success, version: HTTP/1.1)
POST /session/fc4003f268d560c689cff635400187d0/element HTTP/1.1
User-Agent: selenium/4.5.0 (java windows)
Content-Length: 56
Content-Type: application/json; charset=utf-8
host: localhost:52363
accept: */*

Response DefaultHttpResponse(decodeResult: success, version: HTTP/1.1)
HTTP/1.1 200 OK
Content-Type: application/json; charset=utf-8
cache-control: no-cache
content-length: 126

10:44:56.130 [AsyncHttpClient-1-2] DEBUG org.asynchttpclient.netty.channel.ChannelManager - Adding key: http://localhost:52363 for channel [id: 0xf2133ff1, L:/127.0.0.1:51851 - R:localhost/127.0.0.1:52363]
10:44:56.132 [Forwarding sendKeysToElement on session fc4003f268d560c689cff635400187d0 to remote] DEBUG org.asynchttpclient.netty.request.NettyRequestSender - Using pooled Channel '[id: 0xf2133ff1, L:/127.0.0.1:51851 - R:localhost/127.0.0.1:52363]' for 'POST' to 'http://localhost:52363/session/fc4003f268d560c689cff635400187d0/element/f.0E9A418F07E97C97EB777CC70B389E66.d.EF08403B924DAD72BA715957D2CFD786.e.49/value'
10:44:56.132 [Forwarding sendKeysToElement on session fc4003f268d560c689cff635400187d0 to remote] DEBUG org.asynchttpclient.netty.request.NettyRequestSender - Using open Channel [id: 0xf2133ff1, L:/127.0.0.1:51851 - R:localhost/127.0.0.1:52363] for POST '/session/fc4003f268d560c689cff635400187d0/element/f.0E9A418F07E97C97EB777CC70B389E66.d.EF08403B924DAD72BA715957D2CFD786.e.49/value'
10:44:56.218 [AsyncHttpClient-1-2] DEBUG org.asynchttpclient.netty.handler.HttpHandler - 

Request DefaultHttpRequest(decodeResult: success, version: HTTP/1.1)
POST /session/fc4003f268d560c689cff635400187d0/element/f.0E9A418F07E97C97EB777CC70B389E66.d.EF08403B924DAD72BA715957D2CFD786.e.49/value HTTP/1.1
User-Agent: selenium/4.5.0 (java windows)
Content-Length: 349
Content-Type: application/json; charset=utf-8
host: localhost:52363
accept: */*

Response DefaultHttpResponse(decodeResult: success, version: HTTP/1.1)
HTTP/1.1 200 OK
Content-Type: application/json; charset=utf-8
cache-control: no-cache
content-length: 14

10:44:56.218 [AsyncHttpClient-1-2] DEBUG org.asynchttpclient.netty.channel.ChannelManager - Adding key: http://localhost:52363 for channel [id: 0xf2133ff1, L:/127.0.0.1:51851 - R:localhost/127.0.0.1:52363]
10:44:56.220 [Forwarding findElement on session fc4003f268d560c689cff635400187d0 to remote] DEBUG org.asynchttpclient.netty.request.NettyRequestSender - Using pooled Channel '[id: 0xf2133ff1, L:/127.0.0.1:51851 - R:localhost/127.0.0.1:52363]' for 'POST' to 'http://localhost:52363/session/fc4003f268d560c689cff635400187d0/element'
10:44:56.220 [Forwarding findElement on session fc4003f268d560c689cff635400187d0 to remote] DEBUG org.asynchttpclient.netty.request.NettyRequestSender - Using open Channel [id: 0xf2133ff1, L:/127.0.0.1:51851 - R:localhost/127.0.0.1:52363] for POST '/session/fc4003f268d560c689cff635400187d0/element'
10:44:56.229 [AsyncHttpClient-1-2] DEBUG org.asynchttpclient.netty.handler.HttpHandler - 

Request DefaultHttpRequest(decodeResult: success, version: HTTP/1.1)
POST /session/fc4003f268d560c689cff635400187d0/element HTTP/1.1
User-Agent: selenium/4.5.0 (java windows)
Content-Length: 53
Content-Type: application/json; charset=utf-8
host: localhost:52363
accept: */*

Response DefaultHttpResponse(decodeResult: success, version: HTTP/1.1)
HTTP/1.1 200 OK
Content-Type: application/json; charset=utf-8
cache-control: no-cache
content-length: 126

10:44:56.229 [AsyncHttpClient-1-2] DEBUG org.asynchttpclient.netty.channel.ChannelManager - Adding key: http://localhost:52363 for channel [id: 0xf2133ff1, L:/127.0.0.1:51851 - R:localhost/127.0.0.1:52363]
10:44:56.231 [Forwarding sendKeysToElement on session fc4003f268d560c689cff635400187d0 to remote] DEBUG org.asynchttpclient.netty.request.NettyRequestSender - Using pooled Channel '[id: 0xf2133ff1, L:/127.0.0.1:51851 - R:localhost/127.0.0.1:52363]' for 'POST' to 'http://localhost:52363/session/fc4003f268d560c689cff635400187d0/element/f.0E9A418F07E97C97EB777CC70B389E66.d.EF08403B924DAD72BA715957D2CFD786.e.51/value'
10:44:56.232 [Forwarding sendKeysToElement on session fc4003f268d560c689cff635400187d0 to remote] DEBUG org.asynchttpclient.netty.request.NettyRequestSender - Using open Channel [id: 0xf2133ff1, L:/127.0.0.1:51851 - R:localhost/127.0.0.1:52363] for POST '/session/fc4003f268d560c689cff635400187d0/element/f.0E9A418F07E97C97EB777CC70B389E66.d.EF08403B924DAD72BA715957D2CFD786.e.51/value'
10:44:56.299 [AsyncHttpClient-1-2] DEBUG org.asynchttpclient.netty.handler.HttpHandler - 

Request DefaultHttpRequest(decodeResult: success, version: HTTP/1.1)
POST /session/fc4003f268d560c689cff635400187d0/element/f.0E9A418F07E97C97EB777CC70B389E66.d.EF08403B924DAD72BA715957D2CFD786.e.51/value HTTP/1.1
User-Agent: selenium/4.5.0 (java windows)
Content-Length: 239
Content-Type: application/json; charset=utf-8
host: localhost:52363
accept: */*

Response DefaultHttpResponse(decodeResult: success, version: HTTP/1.1)
HTTP/1.1 200 OK
Content-Type: application/json; charset=utf-8
cache-control: no-cache
content-length: 14

10:44:56.300 [AsyncHttpClient-1-2] DEBUG org.asynchttpclient.netty.channel.ChannelManager - Adding key: http://localhost:52363 for channel [id: 0xf2133ff1, L:/127.0.0.1:51851 - R:localhost/127.0.0.1:52363]
10:44:56.302 [Forwarding findElement on session fc4003f268d560c689cff635400187d0 to remote] DEBUG org.asynchttpclient.netty.request.NettyRequestSender - Using pooled Channel '[id: 0xf2133ff1, L:/127.0.0.1:51851 - R:localhost/127.0.0.1:52363]' for 'POST' to 'http://localhost:52363/session/fc4003f268d560c689cff635400187d0/element'
10:44:56.302 [Forwarding findElement on session fc4003f268d560c689cff635400187d0 to remote] DEBUG org.asynchttpclient.netty.request.NettyRequestSender - Using open Channel [id: 0xf2133ff1, L:/127.0.0.1:51851 - R:localhost/127.0.0.1:52363] for POST '/session/fc4003f268d560c689cff635400187d0/element'
10:44:56.310 [AsyncHttpClient-1-2] DEBUG org.asynchttpclient.netty.handler.HttpHandler - 

Request DefaultHttpRequest(decodeResult: success, version: HTTP/1.1)
POST /session/fc4003f268d560c689cff635400187d0/element HTTP/1.1
User-Agent: selenium/4.5.0 (java windows)
Content-Length: 59
Content-Type: application/json; charset=utf-8
host: localhost:52363
accept: */*

Response DefaultHttpResponse(decodeResult: success, version: HTTP/1.1)
HTTP/1.1 200 OK
Content-Type: application/json; charset=utf-8
cache-control: no-cache
content-length: 126

10:44:56.311 [AsyncHttpClient-1-2] DEBUG org.asynchttpclient.netty.channel.ChannelManager - Adding key: http://localhost:52363 for channel [id: 0xf2133ff1, L:/127.0.0.1:51851 - R:localhost/127.0.0.1:52363]
10:44:56.313 [Forwarding clickElement on session fc4003f268d560c689cff635400187d0 to remote] DEBUG org.asynchttpclient.netty.request.NettyRequestSender - Using pooled Channel '[id: 0xf2133ff1, L:/127.0.0.1:51851 - R:localhost/127.0.0.1:52363]' for 'POST' to 'http://localhost:52363/session/fc4003f268d560c689cff635400187d0/element/f.0E9A418F07E97C97EB777CC70B389E66.d.EF08403B924DAD72BA715957D2CFD786.e.52/click'
10:44:56.313 [Forwarding clickElement on session fc4003f268d560c689cff635400187d0 to remote] DEBUG org.asynchttpclient.netty.request.NettyRequestSender - Using open Channel [id: 0xf2133ff1, L:/127.0.0.1:51851 - R:localhost/127.0.0.1:52363] for POST '/session/fc4003f268d560c689cff635400187d0/element/f.0E9A418F07E97C97EB777CC70B389E66.d.EF08403B924DAD72BA715957D2CFD786.e.52/click'
10:44:56.316 [AsyncHttpClient-1-1] DEBUG org.asynchttpclient.netty.channel.DefaultChannelPool - Entry count for : http://localhost:9222 : 1
10:44:57.416 [AsyncHttpClient-1-1] DEBUG org.asynchttpclient.netty.channel.DefaultChannelPool - Entry count for : http://localhost:9222 : 1
10:44:58.524 [AsyncHttpClient-1-1] DEBUG org.asynchttpclient.netty.channel.DefaultChannelPool - Entry count for : http://localhost:9222 : 1
10:44:59.617 [AsyncHttpClient-1-1] DEBUG org.asynchttpclient.netty.channel.DefaultChannelPool - Entry count for : http://localhost:9222 : 1
10:45:00.726 [AsyncHttpClient-1-1] DEBUG org.asynchttpclient.netty.channel.DefaultChannelPool - Entry count for : http://localhost:9222 : 1
10:45:01.406 [AsyncHttpClient-1-2] DEBUG org.asynchttpclient.netty.handler.HttpHandler - 

Request DefaultHttpRequest(decodeResult: success, version: HTTP/1.1)
POST /session/fc4003f268d560c689cff635400187d0/element/f.0E9A418F07E97C97EB777CC70B389E66.d.EF08403B924DAD72BA715957D2CFD786.e.52/click HTTP/1.1
User-Agent: selenium/4.5.0 (java windows)
Content-Length: 88
Content-Type: application/json; charset=utf-8
host: localhost:52363
accept: */*

Response DefaultHttpResponse(decodeResult: success, version: HTTP/1.1)
HTTP/1.1 200 OK
Content-Type: application/json; charset=utf-8
cache-control: no-cache
content-length: 14

10:45:01.407 [AsyncHttpClient-1-2] DEBUG org.asynchttpclient.netty.channel.ChannelManager - Adding key: http://localhost:52363 for channel [id: 0xf2133ff1, L:/127.0.0.1:51851 - R:localhost/127.0.0.1:52363]
10:45:01.409 [Forwarding findElements on session fc4003f268d560c689cff635400187d0 to remote] DEBUG org.asynchttpclient.netty.request.NettyRequestSender - Using pooled Channel '[id: 0xf2133ff1, L:/127.0.0.1:51851 - R:localhost/127.0.0.1:52363]' for 'POST' to 'http://localhost:52363/session/fc4003f268d560c689cff635400187d0/elements'
10:45:01.409 [Forwarding findElements on session fc4003f268d560c689cff635400187d0 to remote] DEBUG org.asynchttpclient.netty.request.NettyRequestSender - Using open Channel [id: 0xf2133ff1, L:/127.0.0.1:51851 - R:localhost/127.0.0.1:52363] for POST '/session/fc4003f268d560c689cff635400187d0/elements'
10:45:01.419 [AsyncHttpClient-1-2] DEBUG org.asynchttpclient.netty.handler.HttpHandler - 

Request DefaultHttpRequest(decodeResult: success, version: HTTP/1.1)
POST /session/fc4003f268d560c689cff635400187d0/elements HTTP/1.1
User-Agent: selenium/4.5.0 (java windows)
Content-Length: 72
Content-Type: application/json; charset=utf-8
host: localhost:52363
accept: */*

Response DefaultHttpResponse(decodeResult: success, version: HTTP/1.1)
HTTP/1.1 200 OK
Content-Type: application/json; charset=utf-8
cache-control: no-cache
content-length: 128

10:45:01.420 [AsyncHttpClient-1-2] DEBUG org.asynchttpclient.netty.channel.ChannelManager - Adding key: http://localhost:52363 for channel [id: 0xf2133ff1, L:/127.0.0.1:51851 - R:localhost/127.0.0.1:52363]
10:45:01.421 [main] INFO com.example.WebPageTest - User: performance_glitch_useris loging correctly.
10:45:01.422 [Forwarding get on session fc4003f268d560c689cff635400187d0 to remote] DEBUG org.asynchttpclient.netty.request.NettyRequestSender - Using pooled Channel '[id: 0xf2133ff1, L:/127.0.0.1:51851 - R:localhost/127.0.0.1:52363]' for 'POST' to 'http://localhost:52363/session/fc4003f268d560c689cff635400187d0/url'
10:45:01.422 [Forwarding get on session fc4003f268d560c689cff635400187d0 to remote] DEBUG org.asynchttpclient.netty.request.NettyRequestSender - Using open Channel [id: 0xf2133ff1, L:/127.0.0.1:51851 - R:localhost/127.0.0.1:52363] for POST '/session/fc4003f268d560c689cff635400187d0/url'
10:45:01.519 [AsyncHttpClient-1-2] DEBUG org.asynchttpclient.netty.handler.HttpHandler - 

Request DefaultHttpRequest(decodeResult: success, version: HTTP/1.1)
POST /session/fc4003f268d560c689cff635400187d0/url HTTP/1.1
User-Agent: selenium/4.5.0 (java windows)
Content-Length: 56
Content-Type: application/json; charset=utf-8
host: localhost:52363
accept: */*

Response DefaultHttpResponse(decodeResult: success, version: HTTP/1.1)
HTTP/1.1 200 OK
Content-Type: application/json; charset=utf-8
cache-control: no-cache
content-length: 14

10:45:01.520 [AsyncHttpClient-1-2] DEBUG org.asynchttpclient.netty.channel.ChannelManager - Adding key: http://localhost:52363 for channel [id: 0xf2133ff1, L:/127.0.0.1:51851 - R:localhost/127.0.0.1:52363]
10:45:01.521 [main] INFO com.example.WebPageTest - =========> Username: error_user <============
10:45:01.522 [Forwarding findElement on session fc4003f268d560c689cff635400187d0 to remote] DEBUG org.asynchttpclient.netty.request.NettyRequestSender - Using pooled Channel '[id: 0xf2133ff1, L:/127.0.0.1:51851 - R:localhost/127.0.0.1:52363]' for 'POST' to 'http://localhost:52363/session/fc4003f268d560c689cff635400187d0/element'
10:45:01.522 [Forwarding findElement on session fc4003f268d560c689cff635400187d0 to remote] DEBUG org.asynchttpclient.netty.request.NettyRequestSender - Using open Channel [id: 0xf2133ff1, L:/127.0.0.1:51851 - R:localhost/127.0.0.1:52363] for POST '/session/fc4003f268d560c689cff635400187d0/element'
10:45:01.532 [AsyncHttpClient-1-2] DEBUG org.asynchttpclient.netty.handler.HttpHandler - 

Request DefaultHttpRequest(decodeResult: success, version: HTTP/1.1)
POST /session/fc4003f268d560c689cff635400187d0/element HTTP/1.1
User-Agent: selenium/4.5.0 (java windows)
Content-Length: 116
[...]

Request DefaultHttpRequest(decodeResult: success, version: HTTP/1.1)
POST /session/fc4003f268d560c689cff635400187d0/element/f.0E9A418F07E97C97EB777CC70B389E66.d.6D9D6625D21F629C4012F060102296A8.e.69/click HTTP/1.1
User-Agent: selenium/4.5.0 (java windows)
Content-Length: 88
Content-Type: application/json; charset=utf-8
host: localhost:52363
accept: */*

Response DefaultHttpResponse(decodeResult: success, version: HTTP/1.1)
HTTP/1.1 200 OK
Content-Type: application/json; charset=utf-8
cache-control: no-cache
content-length: 14

10:45:01.832 [AsyncHttpClient-1-2] DEBUG org.asynchttpclient.netty.channel.ChannelManager - Adding key: http://localhost:52363 for channel [id: 0xf2133ff1, L:/127.0.0.1:51851 - R:localhost/127.0.0.1:52363]
10:45:01.834 [Forwarding findElements on session fc4003f268d560c689cff635400187d0 to remote] DEBUG org.asynchttpclient.netty.request.NettyRequestSender - Using pooled Channel '[id: 0xf2133ff1, L:/127.0.0.1:51851 - R:localhost/127.0.0.1:52363]' for 'POST' to 'http://localhost:52363/session/fc4003f268d560c689cff635400187d0/elements'
10:45:01.834 [Forwarding findElements on session fc4003f268d560c689cff635400187d0 to remote] DEBUG org.asynchttpclient.netty.request.NettyRequestSender - Using open Channel [id: 0xf2133ff1, L:/127.0.0.1:51851 - R:localhost/127.0.0.1:52363] for POST '/session/fc4003f268d560c689cff635400187d0/elements'
10:45:01.843 [AsyncHttpClient-1-2] DEBUG org.asynchttpclient.netty.handler.HttpHandler - 

Request DefaultHttpRequest(decodeResult: success, version: HTTP/1.1)
POST /session/fc4003f268d560c689cff635400187d0/elements HTTP/1.1
User-Agent: selenium/4.5.0 (java windows)
Content-Length: 72
Content-Type: application/json; charset=utf-8
host: localhost:52363
accept: */*

Response DefaultHttpResponse(decodeResult: success, version: HTTP/1.1)
HTTP/1.1 200 OK
Content-Type: application/json; charset=utf-8
cache-control: no-cache
content-length: 128

10:45:01.843 [AsyncHttpClient-1-2] DEBUG org.asynchttpclient.netty.channel.ChannelManager - Adding key: http://localhost:52363 for channel [id: 0xf2133ff1, L:/127.0.0.1:51851 - R:localhost/127.0.0.1:52363]
10:45:01.844 [main] INFO com.example.WebPageTest - User: error_useris loging correctly.
10:45:01.845 [Forwarding get on session fc4003f268d560c689cff635400187d0 to remote] DEBUG org.asynchttpclient.netty.request.NettyRequestSender - Using pooled Channel '[id: 0xf2133ff1, L:/127.0.0.1:51851 - R:localhost/127.0.0.1:52363]' for 'POST' to 'http://localhost:52363/session/fc4003f268d560c689cff635400187d0/url'
10:45:01.845 [Forwarding get on session fc4003f268d560c689cff635400187d0 to remote] DEBUG org.asynchttpclient.netty.request.NettyRequestSender - Using open Channel [id: 0xf2133ff1, L:/127.0.0.1:51851 - R:localhost/127.0.0.1:52363] for POST '/session/fc4003f268d560c689cff635400187d0/url'
10:45:01.902 [AsyncHttpClient-1-2] DEBUG org.asynchttpclient.netty.handler.HttpHandler - 

Request DefaultHttpRequest(decodeResult: success, version: HTTP/1.1)
POST /session/fc4003f268d560c689cff635400187d0/url HTTP/1.1
User-Agent: selenium/4.5.0 (java windows)
Content-Length: 56
Content-Type: application/json; charset=utf-8
host: localhost:52363
accept: */*

Response DefaultHttpResponse(decodeResult: success, version: HTTP/1.1)
HTTP/1.1 200 OK
Content-Type: application/json; charset=utf-8
cache-control: no-cache
content-length: 14

10:45:01.902 [AsyncHttpClient-1-2] DEBUG org.asynchttpclient.netty.channel.ChannelManager - Adding key: http://localhost:52363 for channel [id: 0xf2133ff1, L:/127.0.0.1:51851 - R:localhost/127.0.0.1:52363]
10:45:01.903 [main] INFO com.example.WebPageTest - =========> Username: visual_user <============
10:45:01.905 [Forwarding findElement on session fc4003f268d560c689cff635400187d0 to remote] DEBUG org.asynchttpclient.netty.request.NettyRequestSender - Using pooled Channel '[id: 0xf2133ff1, L:/127.0.0.1:51851 - R:localhost/127.0.0.1:52363]' for 'POST' to 'http://localhost:52363/session/fc4003f268d560c689cff635400187d0/element'
10:45:01.905 [Forwarding findElement on session fc4003f268d560c689cff635400187d0 to remote] DEBUG org.asynchttpclient.netty.request.NettyRequestSender - Using open Channel [id: 0xf2133ff1, L:/127.0.0.1:51851 - R:localhost/127.0.0.1:52363] for POST '/session/fc4003f268d560c689cff635400187d0/element'
10:45:01.915 [AsyncHttpClient-1-2] DEBUG org.asynchttpclient.netty.handler.HttpHandler - 

Request DefaultHttpRequest(decodeResult: success, version: HTTP/1.1)
POST /session/fc4003f268d560c689cff635400187d0/element HTTP/1.1
User-Agent: selenium/4.5.0 (java windows)
Content-Length: 116
Content-Type: application/json; charset=utf-8
host: localhost:52363
accept: */*

Response DefaultHttpResponse(decodeResult: success, version: HTTP/1.1)
HTTP/1.1 200 OK
Content-Type: application/json; charset=utf-8
cache-control: no-cache
content-length: 126

10:45:01.916 [AsyncHttpClient-1-2] DEBUG org.asynchttpclient.netty.channel.ChannelManager - Adding key: http://localhost:52363 for channel [id: 0xf2133ff1, L:/127.0.0.1:51851 - R:localhost/127.0.0.1:52363]
10:45:01.918 [Forwarding getElementText on session fc4003f268d560c689cff635400187d0 to remote] DEBUG org.asynchttpclient.netty.request.NettyRequestSender - Using pooled Channel '[id: 0xf2133ff1, L:/127.0.0.1:51851 - R:localhost/127.0.0.1:52363]' for 'GET' to 'http://localhost:52363/session/fc4003f268d560c689cff635400187d0/element/f.0E9A418F07E97C97EB777CC70B389E66.d.C3C033ABADCE1BDB00674294AB381C0C.e.99/text'
10:45:01.918 [Forwarding getElementText on session fc4003f268d560c689cff635400187d0 to remote] DEBUG org.asynchttpclient.netty.request.NettyRequestSender - Using open Channel [id: 0xf2133ff1, L:/127.0.0.1:51851 - R:localhost/127.0.0.1:52363] for GET '/session/fc4003f268d560c689cff635400187d0/element/f.0E9A418F07E97C97EB777CC70B389E66.d.C3C033ABADCE1BDB00674294AB381C0C.e.99/text'
10:45:01.928 [AsyncHttpClient-1-2] DEBUG org.asynchttpclient.netty.handler.HttpHandler - 

Request DefaultFullHttpRequest(decodeResult: success, version: HTTP/1.1, content: EmptyByteBufBE)
GET /session/fc4003f268d560c689cff635400187d0/element/f.0E9A418F07E97C97EB777CC70B389E66.d.C3C033ABADCE1BDB00674294AB381C0C.e.99/text HTTP/1.1
User-Agent: selenium/4.5.0 (java windows)
Cache-Control: no-cache
Content-Type: application/json; charset=utf-8
host: localhost:52363
accept: */*

Response DefaultHttpResponse(decodeResult: success, version: HTTP/1.1)
HTTP/1.1 200 OK
Content-Type: application/json; charset=utf-8
cache-control: no-cache
content-length: 49

10:45:01.928 [AsyncHttpClient-1-2] DEBUG org.asynchttpclient.netty.channel.ChannelManager - Adding key: http://localhost:52363 for channel [id: 0xf2133ff1, L:/127.0.0.1:51851 - R:localhost/127.0.0.1:52363]
10:45:01.929 [main] INFO com.example.WebPageTest - =========> Password: secret_sauce <============
10:45:01.930 [Forwarding findElement on session fc4003f268d560c689cff635400187d0 to remote] DEBUG org.asynchttpclient.netty.request.NettyRequestSender - Using pooled Channel '[id: 0xf2133ff1, L:/127.0.0.1:51851 - R:localhost/127.0.0.1:52363]' for 'POST' to 'http://localhost:52363/session/fc4003f268d560c689cff635400187d0/element'
10:45:01.930 [Forwarding findElement on session fc4003f268d560c689cff635400187d0 to remote] DEBUG org.asynchttpclient.netty.request.NettyRequestSender - Using open Channel [id: 0xf2133ff1, L:/127.0.0.1:51851 - R:localhost/127.0.0.1:52363] for POST '/session/fc4003f268d560c689cff635400187d0/element'
10:45:01.939 [AsyncHttpClient-1-2] DEBUG org.asynchttpclient.netty.handler.HttpHandler - 

Request DefaultHttpRequest(decodeResult: success, version: HTTP/1.1)
POST /session/fc4003f268d560c689cff635400187d0/element HTTP/1.1
User-Agent: selenium/4.5.0 (java windows)
Content-Length: 56
Content-Type: application/json; charset=utf-8
host: localhost:52363
accept: */*

Response DefaultHttpResponse(decodeResult: success, version: HTTP/1.1)
HTTP/1.1 200 OK
Content-Type: application/json; charset=utf-8
cache-control: no-cache
content-length: 126

10:45:01.939 [AsyncHttpClient-1-2] DEBUG org.asynchttpclient.netty.channel.ChannelManager - Adding key: http://localhost:52363 for channel [id: 0xf2133ff1, L:/127.0.0.1:51851 - R:localhost/127.0.0.1:52363]
10:45:01.942 [Forwarding sendKeysToElement on session fc4003f268d560c689cff635400187d0 to remote] DEBUG org.asynchttpclient.netty.request.NettyRequestSender - Using pooled Channel '[id: 0xf2133ff1, L:/127.0.0.1:51851 - R:localhost/127.0.0.1:52363]' for 'POST' to 'http://localhost:52363/session/fc4003f268d560c689cff635400187d0/element/f.0E9A418F07E97C97EB777CC70B389E66.d.C3C033ABADCE1BDB00674294AB381C0C.e.93/value'
10:45:01.942 [Forwarding sendKeysToElement on session fc4003f268d560c689cff635400187d0 to remote] DEBUG org.asynchttpclient.netty.request.NettyRequestSender - Using open Channel [id: 0xf2133ff1, L:/127.0.0.1:51851 - R:localhost/127.0.0.1:52363] for POST '/session/fc4003f268d560c689cff635400187d0/element/f.0E9A418F07E97C97EB777CC70B389E66.d.C3C033ABADCE1BDB00674294AB381C0C.e.93/value'
10:45:02.009 [AsyncHttpClient-1-2] DEBUG org.asynchttpclient.netty.handler.HttpHandler - 

Request DefaultHttpRequest(decodeResult: success, version: HTTP/1.1)
POST /session/fc4003f268d560c689cff635400187d0/element/f.0E9A418F07E97C97EB777CC70B389E66.d.C3C033ABADCE1BDB00674294AB381C0C.e.93/value HTTP/1.1
User-Agent: selenium/4.5.0 (java windows)
Content-Length: 229
Content-Type: application/json; charset=utf-8
host: localhost:52363
accept: */*

Response DefaultHttpResponse(decodeResult: success, version: HTTP/1.1)
HTTP/1.1 200 OK
Content-Type: application/json; charset=utf-8
cache-control: no-cache
content-length: 14

10:45:02.009 [AsyncHttpClient-1-2] DEBUG org.asynchttpclient.netty.channel.ChannelManager - Adding key: http://localhost:52363 for channel [id: 0xf2133ff1, L:/127.0.0.1:51851 - R:localhost/127.0.0.1:52363]
10:45:02.011 [Forwarding findElement on session fc4003f268d560c689cff635400187d0 to remote] DEBUG org.asynchttpclient.netty.request.NettyRequestSender - Using pooled Channel '[id: 0xf2133ff1, L:/127.0.0.1:51851 - R:localhost/127.0.0.1:52363]' for 'POST' to 'http://localhost:52363/session/fc4003f268d560c689cff635400187d0/element'
10:45:02.011 [Forwarding findElement on session fc4003f268d560c689cff635400187d0 to remote] DEBUG org.asynchttpclient.netty.request.NettyRequestSender - Using open Channel [id: 0xf2133ff1, L:/127.0.0.1:51851 - R:localhost/127.0.0.1:52363] for POST '/session/fc4003f268d560c689cff635400187d0/element'
10:45:02.019 [AsyncHttpClient-1-2] DEBUG org.asynchttpclient.netty.handler.HttpHandler - 

Request DefaultHttpRequest(decodeResult: success, version: HTTP/1.1)
POST /session/fc4003f268d560c689cff635400187d0/element HTTP/1.1
User-Agent: selenium/4.5.0 (java windows)
Content-Length: 53
Content-Type: application/json; charset=utf-8
host: localhost:52363
accept: */*

Response DefaultHttpResponse(decodeResult: success, version: HTTP/1.1)
HTTP/1.1 200 OK
Content-Type: application/json; charset=utf-8
cache-control: no-cache
content-length: 126

10:45:02.020 [AsyncHttpClient-1-2] DEBUG org.asynchttpclient.netty.channel.ChannelManager - Adding key: http://localhost:52363 for channel [id: 0xf2133ff1, L:/127.0.0.1:51851 - R:localhost/127.0.0.1:52363]
10:45:02.022 [Forwarding sendKeysToElement on session fc4003f268d560c689cff635400187d0 to remote] DEBUG org.asynchttpclient.netty.request.NettyRequestSender - Using pooled Channel '[id: 0xf2133ff1, L:/127.0.0.1:51851 - R:localhost/127.0.0.1:52363]' for 'POST' to 'http://localhost:52363/session/fc4003f268d560c689cff635400187d0/element/f.0E9A418F07E97C97EB777CC70B389E66.d.C3C033ABADCE1BDB00674294AB381C0C.e.95/value'
10:45:02.022 [Forwarding sendKeysToElement on session fc4003f268d560c689cff635400187d0 to remote] DEBUG org.asynchttpclient.netty.request.NettyRequestSender - Using open Channel [id: 0xf2133ff1, L:/127.0.0.1:51851 - R:localhost/127.0.0.1:52363] for POST '/session/fc4003f268d560c689cff635400187d0/element/f.0E9A418F07E97C97EB777CC70B389E66.d.C3C033ABADCE1BDB00674294AB381C0C.e.95/value'
10:45:02.090 [AsyncHttpClient-1-2] DEBUG org.asynchttpclient.netty.handler.HttpHandler - 

Request DefaultHttpRequest(decodeResult: success, version: HTTP/1.1)
POST /session/fc4003f268d560c689cff635400187d0/element/f.0E9A418F07E97C97EB777CC70B389E66.d.C3C033ABADCE1BDB00674294AB381C0C.e.95/value HTTP/1.1
User-Agent: selenium/4.5.0 (java windows)
Content-Length: 239
Content-Type: application/json; charset=utf-8
host: localhost:52363
accept: */*

Response DefaultHttpResponse(decodeResult: success, version: HTTP/1.1)
HTTP/1.1 200 OK
Content-Type: application/json; charset=utf-8
cache-control: no-cache
content-length: 14

10:45:02.090 [AsyncHttpClient-1-2] DEBUG org.asynchttpclient.netty.channel.ChannelManager - Adding key: http://localhost:52363 for channel [id: 0xf2133ff1, L:/127.0.0.1:51851 - R:localhost/127.0.0.1:52363]
10:45:02.092 [Forwarding findElement on session fc4003f268d560c689cff635400187d0 to remote] DEBUG org.asynchttpclient.netty.request.NettyRequestSender - Using pooled Channel '[id: 0xf2133ff1, L:/127.0.0.1:51851 - R:localhost/127.0.0.1:52363]' for 'POST' to 'http://localhost:52363/session/fc4003f268d560c689cff635400187d0/element'
10:45:02.092 [Forwarding findElement on session fc4003f268d560c689cff635400187d0 to remote] DEBUG org.asynchttpclient.netty.request.NettyRequestSender - Using open Channel [id: 0xf2133ff1, L:/127.0.0.1:51851 - R:localhost/127.0.0.1:52363] for POST '/session/fc4003f268d560c689cff635400187d0/element'
10:45:02.100 [AsyncHttpClient-1-2] DEBUG org.asynchttpclient.netty.handler.HttpHandler - 

Request DefaultHttpRequest(decodeResult: success, version: HTTP/1.1)
POST /session/fc4003f268d560c689cff635400187d0/element HTTP/1.1
User-Agent: selenium/4.5.0 (java windows)
Content-Length: 59
Content-Type: application/json; charset=utf-8
host: localhost:52363
accept: */*

Response DefaultHttpResponse(decodeResult: success, version: HTTP/1.1)
HTTP/1.1 200 OK
Content-Type: application/json; charset=utf-8
cache-control: no-cache
content-length: 126

10:45:02.101 [AsyncHttpClient-1-2] DEBUG org.asynchttpclient.netty.channel.ChannelManager - Adding key: http://localhost:52363 for channel [id: 0xf2133ff1, L:/127.0.0.1:51851 - R:localhost/127.0.0.1:52363]
10:45:02.102 [Forwarding clickElement on session fc4003f268d560c689cff635400187d0 to remote] DEBUG org.asynchttpclient.netty.request.NettyRequestSender - Using pooled Channel '[id: 0xf2133ff1, L:/127.0.0.1:51851 - R:localhost/127.0.0.1:52363]' for 'POST' to 'http://localhost:52363/session/fc4003f268d560c689cff635400187d0/element/f.0E9A418F07E97C97EB777CC70B389E66.d.C3C033ABADCE1BDB00674294AB381C0C.e.96/click'
10:45:02.102 [Forwarding clickElement on session fc4003f268d560c689cff635400187d0 to remote] DEBUG org.asynchttpclient.netty.request.NettyRequestSender - Using open Channel [id: 0xf2133ff1, L:/127.0.0.1:51851 - R:localhost/127.0.0.1:52363] for POST '/session/fc4003f268d560c689cff635400187d0/element/f.0E9A418F07E97C97EB777CC70B389E66.d.C3C033ABADCE1BDB00674294AB381C0C.e.96/click'
10:45:02.185 [AsyncHttpClient-1-2] DEBUG org.asynchttpclient.netty.handler.HttpHandler - 

Request DefaultHttpRequest(decodeResult: success, version: HTTP/1.1)
POST /session/fc4003f268d560c689cff635400187d0/element/f.0E9A418F07E97C97EB777CC70B389E66.d.C3C033ABADCE1BDB00674294AB381C0C.e.96/click HTTP/1.1
User-Agent: selenium/4.5.0 (java windows)
Content-Length: 88
Content-Type: application/json; charset=utf-8
host: localhost:52363
accept: */*

Response DefaultHttpResponse(decodeResult: success, version: HTTP/1.1)
HTTP/1.1 200 OK
Content-Type: application/json; charset=utf-8
cache-control: no-cache
content-length: 14

10:45:02.185 [AsyncHttpClient-1-2] DEBUG org.asynchttpclient.netty.channel.ChannelManager - Adding key: http://localhost:52363 for channel [id: 0xf2133ff1, L:/127.0.0.1:51851 - R:localhost/127.0.0.1:52363]
10:45:02.187 [Forwarding findElements on session fc4003f268d560c689cff635400187d0 to remote] DEBUG org.asynchttpclient.netty.request.NettyRequestSender - Using pooled Channel '[id: 0xf2133ff1, L:/127.0.0.1:51851 - R:localhost/127.0.0.1:52363]' for 'POST' to 'http://localhost:52363/session/fc4003f268d560c689cff635400187d0/elements'
10:45:02.187 [Forwarding findElements on session fc4003f268d560c689cff635400187d0 to remote] DEBUG org.asynchttpclient.netty.request.NettyRequestSender - Using open Channel [id: 0xf2133ff1, L:/127.0.0.1:51851 - R:localhost/127.0.0.1:52363] for POST '/session/fc4003f268d560c689cff635400187d0/elements'
10:45:02.196 [AsyncHttpClient-1-2] DEBUG org.asynchttpclient.netty.handler.HttpHandler - 

Request DefaultHttpRequest(decodeResult: success, version: HTTP/1.1)
POST /session/fc4003f268d560c689cff635400187d0/elements HTTP/1.1
User-Agent: selenium/4.5.0 (java windows)
Content-Length: 72
Content-Type: application/json; charset=utf-8
host: localhost:52363
accept: */*

Response DefaultHttpResponse(decodeResult: success, version: HTTP/1.1)
HTTP/1.1 200 OK
Content-Type: application/json; charset=utf-8
cache-control: no-cache
content-length: 129

10:45:02.197 [AsyncHttpClient-1-2] DEBUG org.asynchttpclient.netty.channel.ChannelManager - Adding key: http://localhost:52363 for channel [id: 0xf2133ff1, L:/127.0.0.1:51851 - R:localhost/127.0.0.1:52363]
10:45:02.198 [main] INFO com.example.WebPageTest - User: visual_useris loging correctly.
10:45:02.199 [Forwarding get on session fc4003f268d560c689cff635400187d0 to remote] DEBUG org.asynchttpclient.netty.request.NettyRequestSender - Using pooled Channel '[id: 0xf2133ff1, L:/127.0.0.1:51851 - R:localhost/127.0.0.1:52363]' for 'POST' to 'http://localhost:52363/session/fc4003f268d560c689cff635400187d0/url'
10:45:02.199 [Forwarding get on session fc4003f268d560c689cff635400187d0 to remote] DEBUG org.asynchttpclient.netty.request.NettyRequestSender - Using open Channel [id: 0xf2133ff1, L:/127.0.0.1:51851 - R:localhost/127.0.0.1:52363] for POST '/session/fc4003f268d560c689cff635400187d0/url'
10:45:02.258 [AsyncHttpClient-1-2] DEBUG org.asynchttpclient.netty.handler.HttpHandler - 

Request DefaultHttpRequest(decodeResult: success, version: HTTP/1.1)
POST /session/fc4003f268d560c689cff635400187d0/url HTTP/1.1
User-Agent: selenium/4.5.0 (java windows)
Content-Length: 56
Content-Type: application/json; charset=utf-8
host: localhost:52363
accept: */*

Response DefaultHttpResponse(decodeResult: success, version: HTTP/1.1)
HTTP/1.1 200 OK
Content-Type: application/json; charset=utf-8
cache-control: no-cache
content-length: 14

10:45:02.258 [AsyncHttpClient-1-2] DEBUG org.asynchttpclient.netty.channel.ChannelManager - Adding key: http://localhost:52363 for channel [id: 0xf2133ff1, L:/127.0.0.1:51851 - R:localhost/127.0.0.1:52363]
]]></system-out>
    <system-err><![CDATA[Starting ChromeDriver 131.0.6778.69 (77e2244bbcda3ab9362d5b8aeeb006a86a6d4832-refs/branch-heads/6778@{#2141}) on port 52363
Only local connections are allowed.
Please see https://chromedriver.chromium.org/security-considerations for suggestions on keeping ChromeDriver safe.
ChromeDriver was started successfully on port 52363.
Nov 14, 2024 10:44:50 AM org.openqa.selenium.remote.ProtocolHandshake createSession
INFO: Detected upstream dialect: W3C
Nov 14, 2024 10:44:50 AM org.openqa.selenium.devtools.CdpVersionFinder findNearestMatch
WARNING: Unable to find an exact match for CDP version 131, so returning the closest version found: a no-op implementation
Nov 14, 2024 10:44:50 AM org.openqa.selenium.devtools.CdpVersionFinder findNearestMatch
INFO: Unable to find CDP implementation matching 131.
Nov 14, 2024 10:44:50 AM org.openqa.selenium.chromium.ChromiumDriver lambda$new$3
WARNING: Unable to find version of CDP to use for . You may need to include a dependency on a specific version of the CDP using something similar to `org.seleniumhq.selenium:selenium-devtools-v86:4.5.0` where the version ("v86") matches the version of the chromium-based browser you're using and the version number of the artifact is the same as Selenium's.
]]></system-err>
  </testcase>
</testsuite>