<?xml version="1.0" encoding="UTF-8"?>
<testsuite xmlns:xsi="http://www.w3.org/2001/XMLSchema-instance" xsi:noNamespaceSchemaLocation="https://maven.apache.org/surefire/maven-surefire-plugin/xsd/surefire-test-report-3.0.xsd" version="3.0" name="com.example.WebPageTest" time="9.896" tests="1" errors="0" skipped="0" failures="0">
  <properties>
[...]
</properties>
  <testcase name="testLoginInPage" classname="com.example.WebPageTest" time="9.626">
    <system-out><![CDATA[23:08:06.786 [main] INFO com.example.WebPageTest - ------------------Starting Test---------------------
23:08:06.911 [main] DEBUG io.netty.util.internal.logging.InternalLoggerFactory - Using SLF4J as the default logging framework
23:08:06.914 [main] DEBUG io.netty.util.ResourceLeakDetector - -Dio.netty.leakDetection.level: simple
23:08:06.915 [main] DEBUG io.netty.util.ResourceLeakDetector - -Dio.netty.leakDetection.targetRecords: 4
23:08:06.918 [main] DEBUG io.netty.util.ResourceLeakDetectorFactory - Loaded default ResourceLeakDetector: io.netty.util.ResourceLeakDetector@d23e042
23:08:06.932 [main] DEBUG io.netty.util.internal.PlatformDependent0 - -Dio.netty.noUnsafe: false
23:08:06.933 [main] DEBUG io.netty.util.internal.PlatformDependent0 - Java version: 21
23:08:06.934 [main] DEBUG io.netty.util.internal.PlatformDependent0 - sun.misc.Unsafe.theUnsafe: available
23:08:06.934 [main] DEBUG io.netty.util.internal.PlatformDependent0 - sun.misc.Unsafe.copyMemory: available
23:08:06.935 [main] DEBUG io.netty.util.internal.PlatformDependent0 - sun.misc.Unsafe.storeFence: available
23:08:06.935 [main] DEBUG io.netty.util.internal.PlatformDependent0 - java.nio.Buffer.address: available
23:08:06.936 [main] DEBUG io.netty.util.internal.PlatformDependent0 - direct buffer constructor: unavailable: java.nio.DirectByteBuffer.<init>(long,int)
23:08:06.936 [main] DEBUG io.netty.util.internal.PlatformDependent0 - java.nio.Bits.unaligned: available, true
23:08:06.937 [main] DEBUG io.netty.util.internal.PlatformDependent0 - jdk.internal.misc.Unsafe.allocateUninitializedArray(int): unavailable: class io.netty.util.internal.PlatformDependent0$7 cannot access class jdk.internal.misc.Unsafe (in module java.base) because module java.base does not export jdk.internal.misc to unnamed module @67b467e9
23:08:06.938 [main] DEBUG io.netty.util.internal.PlatformDependent0 - java.nio.DirectByteBuffer.<init>(long, int): unavailable
23:08:06.938 [main] DEBUG io.netty.util.internal.PlatformDependent - sun.misc.Unsafe: available
23:08:06.939 [main] DEBUG io.netty.util.internal.PlatformDependent - maxDirectMemory: 4271898624 bytes (maybe)
23:08:06.939 [main] DEBUG io.netty.util.internal.PlatformDependent - -Dio.netty.tmpdir: C:\Users\USURIO~2\AppData\Local\Temp (java.io.tmpdir)
23:08:06.939 [main] DEBUG io.netty.util.internal.PlatformDependent - -Dio.netty.bitMode: 64 (sun.arch.data.model)
23:08:06.939 [main] DEBUG io.netty.util.internal.PlatformDependent - Platform: Windows
23:08:06.940 [main] DEBUG io.netty.util.internal.PlatformDependent - -Dio.netty.maxDirectMemory: -1 bytes
23:08:06.940 [main] DEBUG io.netty.util.internal.PlatformDependent - -Dio.netty.uninitializedArrayAllocationThreshold: -1
23:08:06.941 [main] DEBUG io.netty.util.internal.CleanerJava9 - java.nio.ByteBuffer.cleaner(): available
23:08:06.941 [main] DEBUG io.netty.util.internal.PlatformDependent - -Dio.netty.noPreferDirect: false
23:08:06.949 [main] DEBUG io.netty.util.internal.PlatformDependent - org.jctools-core.MpscChunkedArrayQueue: available
23:08:06.966 [main] DEBUG io.netty.util.internal.InternalThreadLocalMap - -Dio.netty.threadLocalMap.stringBuilder.initialSize: 1024
23:08:06.966 [main] DEBUG io.netty.util.internal.InternalThreadLocalMap - -Dio.netty.threadLocalMap.stringBuilder.maxSize: 4096
23:08:07.125 [main] DEBUG io.netty.handler.ssl.JdkSslContext - Default protocols (JDK): [TLSv1.3, TLSv1.2] 
23:08:07.125 [main] DEBUG io.netty.handler.ssl.JdkSslContext - Default cipher suites (JDK): [TLS_ECDHE_ECDSA_WITH_AES_256_GCM_SHA384, TLS_ECDHE_ECDSA_WITH_AES_128_GCM_SHA256, TLS_ECDHE_RSA_WITH_AES_128_GCM_SHA256, TLS_ECDHE_RSA_WITH_AES_256_GCM_SHA384, TLS_ECDHE_RSA_WITH_AES_128_CBC_SHA, TLS_ECDHE_RSA_WITH_AES_256_CBC_SHA, TLS_RSA_WITH_AES_128_GCM_SHA256, TLS_RSA_WITH_AES_128_CBC_SHA, TLS_RSA_WITH_AES_256_CBC_SHA, TLS_AES_128_GCM_SHA256, TLS_AES_256_GCM_SHA384]
23:08:07.146 [main] DEBUG io.netty.channel.MultithreadEventLoopGroup - -Dio.netty.eventLoopThreads: 24
23:08:07.152 [main] DEBUG io.netty.channel.nio.NioEventLoop - -Dio.netty.noKeySetOptimization: false
23:08:07.152 [main] DEBUG io.netty.channel.nio.NioEventLoop - -Dio.netty.selectorAutoRebuildThreshold: 512
23:08:07.204 [main] DEBUG io.netty.buffer.PooledByteBufAllocator - -Dio.netty.allocator.numHeapArenas: 24
23:08:07.204 [main] DEBUG io.netty.buffer.PooledByteBufAllocator - -Dio.netty.allocator.numDirectArenas: 24
23:08:07.204 [main] DEBUG io.netty.buffer.PooledByteBufAllocator - -Dio.netty.allocator.pageSize: 8192
23:08:07.204 [main] DEBUG io.netty.buffer.PooledByteBufAllocator - -Dio.netty.allocator.maxOrder: 9
23:08:07.204 [main] DEBUG io.netty.buffer.PooledByteBufAllocator - -Dio.netty.allocator.chunkSize: 4194304
23:08:07.204 [main] DEBUG io.netty.buffer.PooledByteBufAllocator - -Dio.netty.allocator.smallCacheSize: 256
23:08:07.204 [main] DEBUG io.netty.buffer.PooledByteBufAllocator - -Dio.netty.allocator.normalCacheSize: 64
23:08:07.204 [main] DEBUG io.netty.buffer.PooledByteBufAllocator - -Dio.netty.allocator.maxCachedBufferCapacity: 32768
23:08:07.204 [main] DEBUG io.netty.buffer.PooledByteBufAllocator - -Dio.netty.allocator.cacheTrimInterval: 8192
23:08:07.204 [main] DEBUG io.netty.buffer.PooledByteBufAllocator - -Dio.netty.allocator.cacheTrimIntervalMillis: 0
23:08:07.204 [main] DEBUG io.netty.buffer.PooledByteBufAllocator - -Dio.netty.allocator.useCacheForAllThreads: false
23:08:07.204 [main] DEBUG io.netty.buffer.PooledByteBufAllocator - -Dio.netty.allocator.maxCachedByteBuffersPerChunk: 1023
23:08:07.213 [main] DEBUG io.netty.buffer.ByteBufUtil - -Dio.netty.allocator.type: pooled
23:08:07.213 [main] DEBUG io.netty.buffer.ByteBufUtil - -Dio.netty.threadLocalDirectBufferSize: 0
23:08:07.213 [main] DEBUG io.netty.buffer.ByteBufUtil - -Dio.netty.maxThreadLocalCharBufferSize: 16384
23:08:07.490 [Forwarding newSession on session null to remote] DEBUG io.netty.channel.DefaultChannelId - -Dio.netty.processId: 22988 (auto-detected)
23:08:07.491 [Forwarding newSession on session null to remote] DEBUG io.netty.util.NetUtil - -Djava.net.preferIPv4Stack: false
23:08:07.492 [Forwarding newSession on session null to remote] DEBUG io.netty.util.NetUtil - -Djava.net.preferIPv6Addresses: false
23:08:07.493 [Forwarding newSession on session null to remote] DEBUG io.netty.util.NetUtilInitializations - Loopback interface: loopback_0 (Software Loopback Interface 1, 0:0:0:0:0:0:0:1)
23:08:07.494 [Forwarding newSession on session null to remote] DEBUG io.netty.util.NetUtil - Failed to get SOMAXCONN from sysctl and file \proc\sys\net\core\somaxconn. Default: 200
23:08:07.495 [Forwarding newSession on session null to remote] DEBUG io.netty.channel.DefaultChannelId - -Dio.netty.machineId: 3c:7c:3f:ff:fe:3b:50:c6 (auto-detected)
23:08:07.532 [AsyncHttpClient-1-2] DEBUG io.netty.buffer.AbstractByteBuf - -Dio.netty.buffer.checkAccessible: true
23:08:07.532 [AsyncHttpClient-1-2] DEBUG io.netty.buffer.AbstractByteBuf - -Dio.netty.buffer.checkBounds: true
23:08:07.532 [AsyncHttpClient-1-2] DEBUG io.netty.util.ResourceLeakDetectorFactory - Loaded default ResourceLeakDetector: io.netty.util.ResourceLeakDetector@1b969eea
23:08:07.541 [AsyncHttpClient-1-2] DEBUG org.asynchttpclient.netty.channel.NettyConnectListener - Using new Channel '[id: 0xb6aaec0c, L:/127.0.0.1:61053 - R:localhost/127.0.0.1:64928]' for 'POST' to '/session'
23:08:07.555 [AsyncHttpClient-1-2] DEBUG io.netty.util.Recycler - -Dio.netty.recycler.maxCapacityPerThread: 4096
23:08:07.555 [AsyncHttpClient-1-2] DEBUG io.netty.util.Recycler - -Dio.netty.recycler.ratio: 8
23:08:07.555 [AsyncHttpClient-1-2] DEBUG io.netty.util.Recycler - -Dio.netty.recycler.chunkSize: 32
23:08:07.555 [AsyncHttpClient-1-2] DEBUG io.netty.util.Recycler - -Dio.netty.recycler.blocking: false
23:08:08.551 [AsyncHttpClient-1-2] DEBUG io.netty.handler.codec.compression.Brotli - brotli4j not in the classpath; Brotli support will be unavailable.
23:08:08.551 [AsyncHttpClient-1-2] DEBUG org.asynchttpclient.netty.handler.HttpHandler - 

Request DefaultHttpRequest(decodeResult: success, version: HTTP/1.1)
POST /session HTTP/1.1
User-Agent: selenium/4.5.0 (java windows)
Content-Length: 703
Content-Type: application/json; charset=utf-8
host: localhost:64928
accept: */*

Response DefaultHttpResponse(decodeResult: success, version: HTTP/1.1)
HTTP/1.1 200 OK
Content-Type: application/json; charset=utf-8
cache-control: no-cache
content-length: 884

23:08:08.555 [AsyncHttpClient-1-2] DEBUG org.asynchttpclient.netty.channel.ChannelManager - Adding key: http://localhost:64928 for channel [id: 0xb6aaec0c, L:/127.0.0.1:61053 - R:localhost/127.0.0.1:64928]
23:08:08.629 [AsyncHttpClient-1-3] DEBUG org.asynchttpclient.netty.channel.NettyConnectListener - Using new Channel '[id: 0x2f285f67, L:/127.0.0.1:61061 - R:localhost/127.0.0.1:9222]' for 'GET' to '/json/version'
23:08:08.631 [AsyncHttpClient-1-3] DEBUG org.asynchttpclient.netty.handler.HttpHandler - 

Request DefaultFullHttpRequest(decodeResult: success, version: HTTP/1.1, content: EmptyByteBufBE)
GET /json/version HTTP/1.1
User-Agent: selenium/4.5.0 (java windows)
host: localhost:9222
accept: */*

Response DefaultHttpResponse(decodeResult: success, version: HTTP/1.1)
HTTP/1.1 200 OK
Content-Security-Policy: frame-ancestors 'none'
Content-Type: application/json; charset=UTF-8
content-length: 421

23:08:08.631 [AsyncHttpClient-1-3] DEBUG org.asynchttpclient.netty.channel.ChannelManager - Adding key: http://localhost:9222 for channel [id: 0x2f285f67, L:/127.0.0.1:61061 - R:localhost/127.0.0.1:9222]
23:08:08.639 [main] DEBUG io.netty.util.internal.ThreadLocalRandom - -Dio.netty.initialSeedUniquifier: 0x7f7e2c011992684b
23:08:08.645 [AsyncHttpClient-1-4] DEBUG org.asynchttpclient.netty.channel.NettyConnectListener - Using new Channel '[id: 0xa912f4c0, L:/127.0.0.1:61062 - R:localhost/127.0.0.1:9222]' for 'GET' to '/devtools/browser/bd3ccffc-3a1c-4832-8b62-2438a360f513'
23:08:08.650 [AsyncHttpClient-1-4] DEBUG org.asynchttpclient.netty.handler.WebSocketHandler - 

Request DefaultFullHttpRequest(decodeResult: success, version: HTTP/1.1, content: EmptyByteBufBE)
GET /devtools/browser/bd3ccffc-3a1c-4832-8b62-2438a360f513 HTTP/1.1
upgrade: websocket
connection: upgrade
sec-websocket-key: B3TKObst5Pm+WTI6qvfryw==
sec-websocket-version: 13
origin: http://localhost:9222
host: localhost:9222
accept: */*
user-agent: AHC/2.1

Response DefaultHttpResponse(decodeResult: success, version: HTTP/1.1)
HTTP/1.1 101 WebSocket Protocol Handshake
Upgrade: WebSocket
Connection: Upgrade
Sec-WebSocket-Accept: xeeJQlLJVX5Pb6Ov8hxjKIYrTqg=

23:08:08.678 [Forwarding get on session edf1b5e867573bece71939953182acc3 to remote] DEBUG org.asynchttpclient.netty.request.NettyRequestSender - Using pooled Channel '[id: 0xb6aaec0c, L:/127.0.0.1:61053 - R:localhost/127.0.0.1:64928]' for 'POST' to 'http://localhost:64928/session/edf1b5e867573bece71939953182acc3/url'
23:08:08.678 [Forwarding get on session edf1b5e867573bece71939953182acc3 to remote] DEBUG org.asynchttpclient.netty.request.NettyRequestSender - Using open Channel [id: 0xb6aaec0c, L:/127.0.0.1:61053 - R:localhost/127.0.0.1:64928] for POST '/session/edf1b5e867573bece71939953182acc3/url'
23:08:09.253 [AsyncHttpClient-1-1] DEBUG org.asynchttpclient.netty.channel.DefaultChannelPool - Entry count for : http://localhost:9222 : 1
23:08:10.106 [AsyncHttpClient-1-2] DEBUG org.asynchttpclient.netty.handler.HttpHandler - 

Request DefaultHttpRequest(decodeResult: success, version: HTTP/1.1)
POST /session/edf1b5e867573bece71939953182acc3/url HTTP/1.1
User-Agent: selenium/4.5.0 (java windows)
Content-Length: 56
Content-Type: application/json; charset=utf-8
host: localhost:64928
accept: */*

Response DefaultHttpResponse(decodeResult: success, version: HTTP/1.1)
HTTP/1.1 200 OK
Content-Type: application/json; charset=utf-8
cache-control: no-cache
content-length: 14

23:08:10.107 [AsyncHttpClient-1-2] DEBUG org.asynchttpclient.netty.channel.ChannelManager - Adding key: http://localhost:64928 for channel [id: 0xb6aaec0c, L:/127.0.0.1:61053 - R:localhost/127.0.0.1:64928]
23:08:10.110 [Forwarding getTitle on session edf1b5e867573bece71939953182acc3 to remote] DEBUG org.asynchttpclient.netty.request.NettyRequestSender - Using pooled Channel '[id: 0xb6aaec0c, L:/127.0.0.1:61053 - R:localhost/127.0.0.1:64928]' for 'GET' to 'http://localhost:64928/session/edf1b5e867573bece71939953182acc3/title'
23:08:10.110 [Forwarding getTitle on session edf1b5e867573bece71939953182acc3 to remote] DEBUG org.asynchttpclient.netty.request.NettyRequestSender - Using open Channel [id: 0xb6aaec0c, L:/127.0.0.1:61053 - R:localhost/127.0.0.1:64928] for GET '/session/edf1b5e867573bece71939953182acc3/title'
23:08:10.114 [AsyncHttpClient-1-2] DEBUG org.asynchttpclient.netty.handler.HttpHandler - 

Request DefaultFullHttpRequest(decodeResult: success, version: HTTP/1.1, content: EmptyByteBufBE)
GET /session/edf1b5e867573bece71939953182acc3/title HTTP/1.1
User-Agent: selenium/4.5.0 (java windows)
Cache-Control: no-cache
Content-Type: application/json; charset=utf-8
host: localhost:64928
accept: */*

Response DefaultHttpResponse(decodeResult: success, version: HTTP/1.1)
HTTP/1.1 200 OK
Content-Type: application/json; charset=utf-8
cache-control: no-cache
content-length: 21

23:08:10.115 [AsyncHttpClient-1-2] DEBUG org.asynchttpclient.netty.channel.ChannelManager - Adding key: http://localhost:64928 for channel [id: 0xb6aaec0c, L:/127.0.0.1:61053 - R:localhost/127.0.0.1:64928]
23:08:10.115 [main] INFO com.example.WebPageTest - Swag Labs
23:08:10.115 [main] INFO com.example.WebPageTest - --------------------------Starting Login Process---------------------------
23:08:10.117 [Forwarding findElement on session edf1b5e867573bece71939953182acc3 to remote] DEBUG org.asynchttpclient.netty.request.NettyRequestSender - Using pooled Channel '[id: 0xb6aaec0c, L:/127.0.0.1:61053 - R:localhost/127.0.0.1:64928]' for 'POST' to 'http://localhost:64928/session/edf1b5e867573bece71939953182acc3/element'
23:08:10.117 [Forwarding findElement on session edf1b5e867573bece71939953182acc3 to remote] DEBUG org.asynchttpclient.netty.request.NettyRequestSender - Using open Channel [id: 0xb6aaec0c, L:/127.0.0.1:61053 - R:localhost/127.0.0.1:64928] for POST '/session/edf1b5e867573bece71939953182acc3/element'
23:08:10.125 [AsyncHttpClient-1-2] DEBUG org.asynchttpclient.netty.handler.HttpHandler - 

Request DefaultHttpRequest(decodeResult: success, version: HTTP/1.1)
POST /session/edf1b5e867573bece71939953182acc3/element HTTP/1.1
User-Agent: selenium/4.5.0 (java windows)
Content-Length: 62
Content-Type: application/json; charset=utf-8
host: localhost:64928
accept: */*

Response DefaultHttpResponse(decodeResult: success, version: HTTP/1.1)
HTTP/1.1 200 OK
Content-Type: application/json; charset=utf-8
cache-control: no-cache
content-length: 126

23:08:10.126 [AsyncHttpClient-1-2] DEBUG org.asynchttpclient.netty.channel.ChannelManager - Adding key: http://localhost:64928 for channel [id: 0xb6aaec0c, L:/127.0.0.1:61053 - R:localhost/127.0.0.1:64928]
23:08:10.128 [Forwarding getElementText on session edf1b5e867573bece71939953182acc3 to remote] DEBUG org.asynchttpclient.netty.request.NettyRequestSender - Using pooled Channel '[id: 0xb6aaec0c, L:/127.0.0.1:61053 - R:localhost/127.0.0.1:64928]' for 'GET' to 'http://localhost:64928/session/edf1b5e867573bece71939953182acc3/element/f.897781253299D66C726BFB5FF78C1BC4.d.57CE00E2991E2502C7BEB13151F7C108.e.10/text'
23:08:10.128 [Forwarding getElementText on session edf1b5e867573bece71939953182acc3 to remote] DEBUG org.asynchttpclient.netty.request.NettyRequestSender - Using open Channel [id: 0xb6aaec0c, L:/127.0.0.1:61053 - R:localhost/127.0.0.1:64928] for GET '/session/edf1b5e867573bece71939953182acc3/element/f.897781253299D66C726BFB5FF78C1BC4.d.57CE00E2991E2502C7BEB13151F7C108.e.10/text'
23:08:10.140 [AsyncHttpClient-1-2] DEBUG org.asynchttpclient.netty.handler.HttpHandler - 

Request DefaultFullHttpRequest(decodeResult: success, version: HTTP/1.1, content: EmptyByteBufBE)
GET /session/edf1b5e867573bece71939953182acc3/element/f.897781253299D66C726BFB5FF78C1BC4.d.57CE00E2991E2502C7BEB13151F7C108.e.10/text HTTP/1.1
User-Agent: selenium/4.5.0 (java windows)
Cache-Control: no-cache
Content-Type: application/json; charset=utf-8
host: localhost:64928
accept: */*

Response DefaultHttpResponse(decodeResult: success, version: HTTP/1.1)
HTTP/1.1 200 OK
Content-Type: application/json; charset=utf-8
cache-control: no-cache
content-length: 131

23:08:10.140 [AsyncHttpClient-1-2] DEBUG org.asynchttpclient.netty.channel.ChannelManager - Adding key: http://localhost:64928 for channel [id: 0xb6aaec0c, L:/127.0.0.1:61053 - R:localhost/127.0.0.1:64928]
23:08:10.141 [main] INFO com.example.WebPageTest - =========> Username: standard_user<============
23:08:10.142 [Forwarding findElement on session edf1b5e867573bece71939953182acc3 to remote] DEBUG org.asynchttpclient.netty.request.NettyRequestSender - Using pooled Channel '[id: 0xb6aaec0c, L:/127.0.0.1:61053 - R:localhost/127.0.0.1:64928]' for 'POST' to 'http://localhost:64928/session/edf1b5e867573bece71939953182acc3/element'
23:08:10.142 [Forwarding findElement on session edf1b5e867573bece71939953182acc3 to remote] DEBUG org.asynchttpclient.netty.request.NettyRequestSender - Using open Channel [id: 0xb6aaec0c, L:/127.0.0.1:61053 - R:localhost/127.0.0.1:64928] for POST '/session/edf1b5e867573bece71939953182acc3/element'
23:08:10.150 [AsyncHttpClient-1-2] DEBUG org.asynchttpclient.netty.handler.HttpHandler - 

Request DefaultHttpRequest(decodeResult: success, version: HTTP/1.1)
POST /session/edf1b5e867573bece71939953182acc3/element HTTP/1.1
User-Agent: selenium/4.5.0 (java windows)
Content-Length: 116
Content-Type: application/json; charset=utf-8
host: localhost:64928
accept: */*

Response DefaultHttpResponse(decodeResult: success, version: HTTP/1.1)
HTTP/1.1 200 OK
Content-Type: application/json; charset=utf-8
cache-control: no-cache
content-length: 126

23:08:10.151 [AsyncHttpClient-1-2] DEBUG org.asynchttpclient.netty.channel.ChannelManager - Adding key: http://localhost:64928 for channel [id: 0xb6aaec0c, L:/127.0.0.1:61053 - R:localhost/127.0.0.1:64928]
23:08:10.152 [Forwarding getElementText on session edf1b5e867573bece71939953182acc3 to remote] DEBUG org.asynchttpclient.netty.request.NettyRequestSender - Using pooled Channel '[id: 0xb6aaec0c, L:/127.0.0.1:61053 - R:localhost/127.0.0.1:64928]' for 'GET' to 'http://localhost:64928/session/edf1b5e867573bece71939953182acc3/element/f.897781253299D66C726BFB5FF78C1BC4.d.57CE00E2991E2502C7BEB13151F7C108.e.11/text'
23:08:10.152 [Forwarding getElementText on session edf1b5e867573bece71939953182acc3 to remote] DEBUG org.asynchttpclient.netty.request.NettyRequestSender - Using open Channel [id: 0xb6aaec0c, L:/127.0.0.1:61053 - R:localhost/127.0.0.1:64928] for GET '/session/edf1b5e867573bece71939953182acc3/element/f.897781253299D66C726BFB5FF78C1BC4.d.57CE00E2991E2502C7BEB13151F7C108.e.11/text'
23:08:10.157 [AsyncHttpClient-1-2] DEBUG org.asynchttpclient.netty.handler.HttpHandler - 

Request DefaultFullHttpRequest(decodeResult: success, version: HTTP/1.1, content: EmptyByteBufBE)
GET /session/edf1b5e867573bece71939953182acc3/element/f.897781253299D66C726BFB5FF78C1BC4.d.57CE00E2991E2502C7BEB13151F7C108.e.11/text HTTP/1.1
User-Agent: selenium/4.5.0 (java windows)
Cache-Control: no-cache
Content-Type: application/json; charset=utf-8
host: localhost:64928
accept: */*

Response DefaultHttpResponse(decodeResult: success, version: HTTP/1.1)
HTTP/1.1 200 OK
Content-Type: application/json; charset=utf-8
cache-control: no-cache
content-length: 49

23:08:10.157 [AsyncHttpClient-1-2] DEBUG org.asynchttpclient.netty.channel.ChannelManager - Adding key: http://localhost:64928 for channel [id: 0xb6aaec0c, L:/127.0.0.1:61053 - R:localhost/127.0.0.1:64928]
23:08:10.158 [main] INFO com.example.WebPageTest - =========> Password: secret_sauce<============
23:08:10.159 [Forwarding findElement on session edf1b5e867573bece71939953182acc3 to remote] DEBUG org.asynchttpclient.netty.request.NettyRequestSender - Using pooled Channel '[id: 0xb6aaec0c, L:/127.0.0.1:61053 - R:localhost/127.0.0.1:64928]' for 'POST' to 'http://localhost:64928/session/edf1b5e867573bece71939953182acc3/element'
23:08:10.159 [Forwarding findElement on session edf1b5e867573bece71939953182acc3 to remote] DEBUG org.asynchttpclient.netty.request.NettyRequestSender - Using open Channel [id: 0xb6aaec0c, L:/127.0.0.1:61053 - R:localhost/127.0.0.1:64928] for POST '/session/edf1b5e867573bece71939953182acc3/element'
23:08:10.167 [AsyncHttpClient-1-2] DEBUG org.asynchttpclient.netty.handler.HttpHandler - 

Request DefaultHttpRequest(decodeResult: success, version: HTTP/1.1)
POST /session/edf1b5e867573bece71939953182acc3/element HTTP/1.1
User-Agent: selenium/4.5.0 (java windows)
Content-Length: 56
Content-Type: application/json; charset=utf-8
host: localhost:64928
accept: */*

Response DefaultHttpResponse(decodeResult: success, version: HTTP/1.1)
HTTP/1.1 200 OK
Content-Type: application/json; charset=utf-8
cache-control: no-cache
content-length: 125

23:08:10.167 [AsyncHttpClient-1-2] DEBUG org.asynchttpclient.netty.channel.ChannelManager - Adding key: http://localhost:64928 for channel [id: 0xb6aaec0c, L:/127.0.0.1:61053 - R:localhost/127.0.0.1:64928]
23:08:10.170 [Forwarding sendKeysToElement on session edf1b5e867573bece71939953182acc3 to remote] DEBUG org.asynchttpclient.netty.request.NettyRequestSender - Using pooled Channel '[id: 0xb6aaec0c, L:/127.0.0.1:61053 - R:localhost/127.0.0.1:64928]' for 'POST' to 'http://localhost:64928/session/edf1b5e867573bece71939953182acc3/element/f.897781253299D66C726BFB5FF78C1BC4.d.57CE00E2991E2502C7BEB13151F7C108.e.2/value'
23:08:10.170 [Forwarding sendKeysToElement on session edf1b5e867573bece71939953182acc3 to remote] DEBUG org.asynchttpclient.netty.request.NettyRequestSender - Using open Channel [id: 0xb6aaec0c, L:/127.0.0.1:61053 - R:localhost/127.0.0.1:64928] for POST '/session/edf1b5e867573bece71939953182acc3/element/f.897781253299D66C726BFB5FF78C1BC4.d.57CE00E2991E2502C7BEB13151F7C108.e.2/value'
23:08:10.226 [AsyncHttpClient-1-2] DEBUG org.asynchttpclient.netty.handler.HttpHandler - 

Request DefaultHttpRequest(decodeResult: success, version: HTTP/1.1)
POST /session/edf1b5e867573bece71939953182acc3/element/f.897781253299D66C726BFB5FF78C1BC4.d.57CE00E2991E2502C7BEB13151F7C108.e.2/value HTTP/1.1
User-Agent: selenium/4.5.0 (java windows)
Content-Length: 248
Content-Type: application/json; charset=utf-8
host: localhost:64928
accept: */*

Response DefaultHttpResponse(decodeResult: success, version: HTTP/1.1)
HTTP/1.1 200 OK
Content-Type: application/json; charset=utf-8
cache-control: no-cache
content-length: 14

23:08:10.226 [AsyncHttpClient-1-2] DEBUG org.asynchttpclient.netty.channel.ChannelManager - Adding key: http://localhost:64928 for channel [id: 0xb6aaec0c, L:/127.0.0.1:61053 - R:localhost/127.0.0.1:64928]
23:08:10.227 [Forwarding findElement on session edf1b5e867573bece71939953182acc3 to remote] DEBUG org.asynchttpclient.netty.request.NettyRequestSender - Using pooled Channel '[id: 0xb6aaec0c, L:/127.0.0.1:61053 - R:localhost/127.0.0.1:64928]' for 'POST' to 'http://localhost:64928/session/edf1b5e867573bece71939953182acc3/element'
23:08:10.227 [Forwarding findElement on session edf1b5e867573bece71939953182acc3 to remote] DEBUG org.asynchttpclient.netty.request.NettyRequestSender - Using open Channel [id: 0xb6aaec0c, L:/127.0.0.1:61053 - R:localhost/127.0.0.1:64928] for POST '/session/edf1b5e867573bece71939953182acc3/element'
23:08:10.236 [AsyncHttpClient-1-2] DEBUG org.asynchttpclient.netty.handler.HttpHandler - 

Request DefaultHttpRequest(decodeResult: success, version: HTTP/1.1)
POST /session/edf1b5e867573bece71939953182acc3/element HTTP/1.1
User-Agent: selenium/4.5.0 (java windows)
Content-Length: 53
Content-Type: application/json; charset=utf-8
host: localhost:64928
accept: */*

Response DefaultHttpResponse(decodeResult: success, version: HTTP/1.1)
HTTP/1.1 200 OK
Content-Type: application/json; charset=utf-8
cache-control: no-cache
content-length: 125

23:08:10.236 [AsyncHttpClient-1-2] DEBUG org.asynchttpclient.netty.channel.ChannelManager - Adding key: http://localhost:64928 for channel [id: 0xb6aaec0c, L:/127.0.0.1:61053 - R:localhost/127.0.0.1:64928]
23:08:10.238 [Forwarding sendKeysToElement on session edf1b5e867573bece71939953182acc3 to remote] DEBUG org.asynchttpclient.netty.request.NettyRequestSender - Using pooled Channel '[id: 0xb6aaec0c, L:/127.0.0.1:61053 - R:localhost/127.0.0.1:64928]' for 'POST' to 'http://localhost:64928/session/edf1b5e867573bece71939953182acc3/element/f.897781253299D66C726BFB5FF78C1BC4.d.57CE00E2991E2502C7BEB13151F7C108.e.4/value'
23:08:10.238 [Forwarding sendKeysToElement on session edf1b5e867573bece71939953182acc3 to remote] DEBUG org.asynchttpclient.netty.request.NettyRequestSender - Using open Channel [id: 0xb6aaec0c, L:/127.0.0.1:61053 - R:localhost/127.0.0.1:64928] for POST '/session/edf1b5e867573bece71939953182acc3/element/f.897781253299D66C726BFB5FF78C1BC4.d.57CE00E2991E2502C7BEB13151F7C108.e.4/value'
23:08:10.273 [AsyncHttpClient-1-2] DEBUG org.asynchttpclient.netty.handler.HttpHandler - 

Request DefaultHttpRequest(decodeResult: success, version: HTTP/1.1)
POST /session/edf1b5e867573bece71939953182acc3/element/f.897781253299D66C726BFB5FF78C1BC4.d.57CE00E2991E2502C7BEB13151F7C108.e.4/value HTTP/1.1
User-Agent: selenium/4.5.0 (java windows)
Content-Length: 238
Content-Type: application/json; charset=utf-8
host: localhost:64928
accept: */*

Response DefaultHttpResponse(decodeResult: success, version: HTTP/1.1)
HTTP/1.1 200 OK
Content-Type: application/json; charset=utf-8
cache-control: no-cache
content-length: 14

23:08:10.274 [AsyncHttpClient-1-2] DEBUG org.asynchttpclient.netty.channel.ChannelManager - Adding key: http://localhost:64928 for channel [id: 0xb6aaec0c, L:/127.0.0.1:61053 - R:localhost/127.0.0.1:64928]
23:08:10.275 [Forwarding findElement on session edf1b5e867573bece71939953182acc3 to remote] DEBUG org.asynchttpclient.netty.request.NettyRequestSender - Using pooled Channel '[id: 0xb6aaec0c, L:/127.0.0.1:61053 - R:localhost/127.0.0.1:64928]' for 'POST' to 'http://localhost:64928/session/edf1b5e867573bece71939953182acc3/element'
23:08:10.275 [Forwarding findElement on session edf1b5e867573bece71939953182acc3 to remote] DEBUG org.asynchttpclient.netty.request.NettyRequestSender - Using open Channel [id: 0xb6aaec0c, L:/127.0.0.1:61053 - R:localhost/127.0.0.1:64928] for POST '/session/edf1b5e867573bece71939953182acc3/element'
23:08:10.284 [AsyncHttpClient-1-2] DEBUG org.asynchttpclient.netty.handler.HttpHandler - 

Request DefaultHttpRequest(decodeResult: success, version: HTTP/1.1)
POST /session/edf1b5e867573bece71939953182acc3/element HTTP/1.1
User-Agent: selenium/4.5.0 (java windows)
Content-Length: 59
Content-Type: application/json; charset=utf-8
host: localhost:64928
accept: */*

Response DefaultHttpResponse(decodeResult: success, version: HTTP/1.1)
HTTP/1.1 200 OK
Content-Type: application/json; charset=utf-8
cache-control: no-cache
content-length: 125

23:08:10.284 [AsyncHttpClient-1-2] DEBUG org.asynchttpclient.netty.channel.ChannelManager - Adding key: http://localhost:64928 for channel [id: 0xb6aaec0c, L:/127.0.0.1:61053 - R:localhost/127.0.0.1:64928]
23:08:10.285 [Forwarding clickElement on session edf1b5e867573bece71939953182acc3 to remote] DEBUG org.asynchttpclient.netty.request.NettyRequestSender - Using pooled Channel '[id: 0xb6aaec0c, L:/127.0.0.1:61053 - R:localhost/127.0.0.1:64928]' for 'POST' to 'http://localhost:64928/session/edf1b5e867573bece71939953182acc3/element/f.897781253299D66C726BFB5FF78C1BC4.d.57CE00E2991E2502C7BEB13151F7C108.e.5/click'
23:08:10.285 [Forwarding clickElement on session edf1b5e867573bece71939953182acc3 to remote] DEBUG org.asynchttpclient.netty.request.NettyRequestSender - Using open Channel [id: 0xb6aaec0c, L:/127.0.0.1:61053 - R:localhost/127.0.0.1:64928] for POST '/session/edf1b5e867573bece71939953182acc3/element/f.897781253299D66C726BFB5FF78C1BC4.d.57CE00E2991E2502C7BEB13151F7C108.e.5/click'
23:08:10.359 [AsyncHttpClient-1-2] DEBUG org.asynchttpclient.netty.handler.HttpHandler - 

Request DefaultHttpRequest(decodeResult: success, version: HTTP/1.1)
POST /session/edf1b5e867573bece71939953182acc3/element/f.897781253299D66C726BFB5FF78C1BC4.d.57CE00E2991E2502C7BEB13151F7C108.e.5/click HTTP/1.1
User-Agent: selenium/4.5.0 (java windows)
Content-Length: 87
Content-Type: application/json; charset=utf-8
host: localhost:64928
accept: */*

Response DefaultHttpResponse(decodeResult: success, version: HTTP/1.1)
HTTP/1.1 200 OK
Content-Type: application/json; charset=utf-8
cache-control: no-cache
content-length: 14

23:08:10.359 [AsyncHttpClient-1-2] DEBUG org.asynchttpclient.netty.channel.ChannelManager - Adding key: http://localhost:64928 for channel [id: 0xb6aaec0c, L:/127.0.0.1:61053 - R:localhost/127.0.0.1:64928]
23:08:10.360 [AsyncHttpClient-1-1] DEBUG org.asynchttpclient.netty.channel.DefaultChannelPool - Entry count for : http://localhost:64928 : 1
23:08:10.360 [AsyncHttpClient-1-1] DEBUG org.asynchttpclient.netty.channel.DefaultChannelPool - Entry count for : http://localhost:9222 : 1
23:08:10.361 [Forwarding get on session edf1b5e867573bece71939953182acc3 to remote] DEBUG org.asynchttpclient.netty.request.NettyRequestSender - Using pooled Channel '[id: 0xb6aaec0c, L:/127.0.0.1:61053 - R:localhost/127.0.0.1:64928]' for 'POST' to 'http://localhost:64928/session/edf1b5e867573bece71939953182acc3/url'
23:08:10.361 [Forwarding get on session edf1b5e867573bece71939953182acc3 to remote] DEBUG org.asynchttpclient.netty.request.NettyRequestSender - Using open Channel [id: 0xb6aaec0c, L:/127.0.0.1:61053 - R:localhost/127.0.0.1:64928] for POST '/session/edf1b5e867573bece71939953182acc3/url'
23:08:10.409 [AsyncHttpClient-1-2] DEBUG org.asynchttpclient.netty.handler.HttpHandler - 

Request DefaultHttpRequest(decodeResult: success, version: HTTP/1.1)
POST /session/edf1b5e867573bece71939953182acc3/url HTTP/1.1
User-Agent: selenium/4.5.0 (java windows)
Content-Length: 56
Content-Type: application/json; charset=utf-8
host: localhost:64928
accept: */*

Response DefaultHttpResponse(decodeResult: success, version: HTTP/1.1)
HTTP/1.1 200 OK
Content-Type: application/json; charset=utf-8
cache-control: no-cache
content-length: 14

23:08:10.409 [AsyncHttpClient-1-2] DEBUG org.asynchttpclient.netty.channel.ChannelManager - Adding key: http://localhost:64928 for channel [id: 0xb6aaec0c, L:/127.0.0.1:61053 - R:localhost/127.0.0.1:64928]
23:08:10.410 [main] INFO com.example.WebPageTest - =========> Username: locked_out_user<============
23:08:10.411 [Forwarding findElement on session edf1b5e867573bece71939953182acc3 to remote] DEBUG org.asynchttpclient.netty.request.NettyRequestSender - Using pooled Channel '[id: 0xb6aaec0c, L:/127.0.0.1:61053 - R:localhost/127.0.0.1:64928]' for 'POST' to 'http://localhost:64928/session/edf1b5e867573bece71939953182acc3/element'
23:08:10.411 [Forwarding findElement on session edf1b5e867573bece71939953182acc3 to remote] DEBUG org.asynchttpclient.netty.request.NettyRequestSender - Using open Channel [id: 0xb6aaec0c, L:/127.0.0.1:61053 - R:localhost/127.0.0.1:64928] for POST '/session/edf1b5e867573bece71939953182acc3/element'
23:08:10.417 [AsyncHttpClient-1-2] DEBUG org.asynchttpclient.netty.handler.HttpHandler - 

Request DefaultHttpRequest(decodeResult: success, version: HTTP/1.1)
POST /session/edf1b5e867573bece71939953182acc3/element HTTP/1.1
User-Agent: selenium/4.5.0 (java windows)
Content-Length: 116
Content-Type: application/json; charset=utf-8
host: localhost:64928
accept: */*

Response DefaultHttpResponse(decodeResult: success, version: HTTP/1.1)
HTTP/1.1 200 OK
Content-Type: application/json; charset=utf-8
cache-control: no-cache
content-length: 126

23:08:10.418 [AsyncHttpClient-1-2] DEBUG org.asynchttpclient.netty.channel.ChannelManager - Adding key: http://localhost:64928 for channel [id: 0xb6aaec0c, L:/127.0.0.1:61053 - R:localhost/127.0.0.1:64928]
23:08:10.419 [Forwarding getElementText on session edf1b5e867573bece71939953182acc3 to remote] DEBUG org.asynchttpclient.netty.request.NettyRequestSender - Using pooled Channel '[id: 0xb6aaec0c, L:/127.0.0.1:61053 - R:localhost/127.0.0.1:64928]' for 'GET' to 'http://localhost:64928/session/edf1b5e867573bece71939953182acc3/element/f.897781253299D66C726BFB5FF78C1BC4.d.C1EE836FC24218434D45F283DCE2C33F.e.24/text'
23:08:10.419 [Forwarding getElementText on session edf1b5e867573bece71939953182acc3 to remote] DEBUG org.asynchttpclient.netty.request.NettyRequestSender - Using open Channel [id: 0xb6aaec0c, L:/127.0.0.1:61053 - R:localhost/127.0.0.1:64928] for GET '/session/edf1b5e867573bece71939953182acc3/element/f.897781253299D66C726BFB5FF78C1BC4.d.C1EE836FC24218434D45F283DCE2C33F.e.24/text'
23:08:10.428 [AsyncHttpClient-1-2] DEBUG org.asynchttpclient.netty.handler.HttpHandler - 

Request DefaultFullHttpRequest(decodeResult: success, version: HTTP/1.1, content: EmptyByteBufBE)
GET /session/edf1b5e867573bece71939953182acc3/element/f.897781253299D66C726BFB5FF78C1BC4.d.C1EE836FC24218434D45F283DCE2C33F.e.24/text HTTP/1.1
User-Agent: selenium/4.5.0 (java windows)
Cache-Control: no-cache
Content-Type: application/json; charset=utf-8
host: localhost:64928
accept: */*

Response DefaultHttpResponse(decodeResult: success, version: HTTP/1.1)
HTTP/1.1 200 OK
Content-Type: application/json; charset=utf-8
cache-control: no-cache
content-length: 49

23:08:10.428 [AsyncHttpClient-1-2] DEBUG org.asynchttpclient.netty.channel.ChannelManager - Adding key: http://localhost:64928 for channel [id: 0xb6aaec0c, L:/127.0.0.1:61053 - R:localhost/127.0.0.1:64928]
23:08:10.429 [main] INFO com.example.WebPageTest - =========> Password: secret_sauce<============
23:08:10.430 [Forwarding findElement on session edf1b5e867573bece71939953182acc3 to remote] DEBUG org.asynchttpclient.netty.request.NettyRequestSender - Using pooled Channel '[id: 0xb6aaec0c, L:/127.0.0.1:61053 - R:localhost/127.0.0.1:64928]' for 'POST' to 'http://localhost:64928/session/edf1b5e867573bece71939953182acc3/element'
23:08:10.430 [Forwarding findElement on session edf1b5e867573bece71939953182acc3 to remote] DEBUG org.asynchttpclient.netty.request.NettyRequestSender - Using open Channel [id: 0xb6aaec0c, L:/127.0.0.1:61053 - R:localhost/127.0.0.1:64928] for POST '/session/edf1b5e867573bece71939953182acc3/element'
23:08:10.438 [AsyncHttpClient-1-2] DEBUG org.asynchttpclient.netty.handler.HttpHandler - 

Request DefaultHttpRequest(decodeResult: success, version: HTTP/1.1)
POST /session/edf1b5e867573bece71939953182acc3/element HTTP/1.1
User-Agent: selenium/4.5.0 (java windows)
Content-Length: 56
Content-Type: application/json; charset=utf-8
host: localhost:64928
accept: */*

Response DefaultHttpResponse(decodeResult: success, version: HTTP/1.1)
HTTP/1.1 200 OK
Content-Type: application/json; charset=utf-8
cache-control: no-cache
content-length: 126

23:08:10.439 [AsyncHttpClient-1-2] DEBUG org.asynchttpclient.netty.channel.ChannelManager - Adding key: http://localhost:64928 for channel [id: 0xb6aaec0c, L:/127.0.0.1:61053 - R:localhost/127.0.0.1:64928]
23:08:10.441 [Forwarding sendKeysToElement on session edf1b5e867573bece71939953182acc3 to remote] DEBUG org.asynchttpclient.netty.request.NettyRequestSender - Using pooled Channel '[id: 0xb6aaec0c, L:/127.0.0.1:61053 - R:localhost/127.0.0.1:64928]' for 'POST' to 'http://localhost:64928/session/edf1b5e867573bece71939953182acc3/element/f.897781253299D66C726BFB5FF78C1BC4.d.C1EE836FC24218434D45F283DCE2C33F.e.18/value'
23:08:10.441 [Forwarding sendKeysToElement on session edf1b5e867573bece71939953182acc3 to remote] DEBUG org.asynchttpclient.netty.request.NettyRequestSender - Using open Channel [id: 0xb6aaec0c, L:/127.0.0.1:61053 - R:localhost/127.0.0.1:64928] for POST '/session/edf1b5e867573bece71939953182acc3/element/f.897781253299D66C726BFB5FF78C1BC4.d.C1EE836FC24218434D45F283DCE2C33F.e.18/value'
23:08:10.486 [AsyncHttpClient-1-2] DEBUG org.asynchttpclient.netty.handler.HttpHandler - 

Request DefaultHttpRequest(decodeResult: success, version: HTTP/1.1)
POST /session/edf1b5e867573bece71939953182acc3/element/f.897781253299D66C726BFB5FF78C1BC4.d.C1EE836FC24218434D45F283DCE2C33F.e.18/value HTTP/1.1
User-Agent: selenium/4.5.0 (java windows)
Content-Length: 269
Content-Type: application/json; charset=utf-8
host: localhost:64928
accept: */*

Response DefaultHttpResponse(decodeResult: success, version: HTTP/1.1)
HTTP/1.1 200 OK
Content-Type: application/json; charset=utf-8
cache-control: no-cache
content-length: 14

23:08:10.486 [AsyncHttpClient-1-2] DEBUG org.asynchttpclient.netty.channel.ChannelManager - Adding key: http://localhost:64928 for channel [id: 0xb6aaec0c, L:/127.0.0.1:61053 - R:localhost/127.0.0.1:64928]
23:08:10.488 [Forwarding findElement on session edf1b5e867573bece71939953182acc3 to remote] DEBUG org.asynchttpclient.netty.request.NettyRequestSender - Using pooled Channel '[id: 0xb6aaec0c, L:/127.0.0.1:61053 - R:localhost/127.0.0.1:64928]' for 'POST' to 'http://localhost:64928/session/edf1b5e867573bece71939953182acc3/element'
23:08:10.488 [Forwarding findElement on session edf1b5e867573bece71939953182acc3 to remote] DEBUG org.asynchttpclient.netty.request.NettyRequestSender - Using open Channel [id: 0xb6aaec0c, L:/127.0.0.1:61053 - R:localhost/127.0.0.1:64928] for POST '/session/edf1b5e867573bece71939953182acc3/element'
23:08:10.493 [AsyncHttpClient-1-2] DEBUG org.asynchttpclient.netty.handler.HttpHandler - 

Request DefaultHttpRequest(decodeResult: success, version: HTTP/1.1)
POST /session/edf1b5e867573bece71939953182acc3/element HTTP/1.1
User-Agent: selenium/4.5.0 (java windows)
Content-Length: 53
Content-Type: application/json; charset=utf-8
host: localhost:64928
accept: */*

Response DefaultHttpResponse(decodeResult: success, version: HTTP/1.1)
HTTP/1.1 200 OK
Content-Type: application/json; charset=utf-8
cache-control: no-cache
content-length: 126

23:08:10.494 [AsyncHttpClient-1-2] DEBUG org.asynchttpclient.netty.channel.ChannelManager - Adding key: http://localhost:64928 for channel [id: 0xb6aaec0c, L:/127.0.0.1:61053 - R:localhost/127.0.0.1:64928]
23:08:10.496 [Forwarding sendKeysToElement on session edf1b5e867573bece71939953182acc3 to remote] DEBUG org.asynchttpclient.netty.request.NettyRequestSender - Using pooled Channel '[id: 0xb6aaec0c, L:/127.0.0.1:61053 - R:localhost/127.0.0.1:64928]' for 'POST' to 'http://localhost:64928/session/edf1b5e867573bece71939953182acc3/element/f.897781253299D66C726BFB5FF78C1BC4.d.C1EE836FC24218434D45F283DCE2C33F.e.20/value'
23:08:10.496 [Forwarding sendKeysToElement on session edf1b5e867573bece71939953182acc3 to remote] DEBUG org.asynchttpclient.netty.request.NettyRequestSender - Using open Channel [id: 0xb6aaec0c, L:/127.0.0.1:61053 - R:localhost/127.0.0.1:64928] for POST '/session/edf1b5e867573bece71939953182acc3/element/f.897781253299D66C726BFB5FF78C1BC4.d.C1EE836FC24218434D45F283DCE2C33F.e.20/value'
23:08:10.536 [AsyncHttpClient-1-2] DEBUG org.asynchttpclient.netty.handler.HttpHandler - 

Request DefaultHttpRequest(decodeResult: success, version: HTTP/1.1)
POST /session/edf1b5e867573bece71939953182acc3/element/f.897781253299D66C726BFB5FF78C1BC4.d.C1EE836FC24218434D45F283DCE2C33F.e.20/value HTTP/1.1
User-Agent: selenium/4.5.0 (java windows)
Content-Length: 239
Content-Type: application/json; charset=utf-8
host: localhost:64928
accept: */*

Response DefaultHttpResponse(decodeResult: success, version: HTTP/1.1)
HTTP/1.1 200 OK
Content-Type: application/json; charset=utf-8
cache-control: no-cache
content-length: 14

23:08:10.536 [AsyncHttpClient-1-2] DEBUG org.asynchttpclient.netty.channel.ChannelManager - Adding key: http://localhost:64928 for channel [id: 0xb6aaec0c, L:/127.0.0.1:61053 - R:localhost/127.0.0.1:64928]
23:08:10.538 [Forwarding findElement on session edf1b5e867573bece71939953182acc3 to remote] DEBUG org.asynchttpclient.netty.request.NettyRequestSender - Using pooled Channel '[id: 0xb6aaec0c, L:/127.0.0.1:61053 - R:localhost/127.0.0.1:64928]' for 'POST' to 'http://localhost:64928/session/edf1b5e867573bece71939953182acc3/element'
23:08:10.538 [Forwarding findElement on session edf1b5e867573bece71939953182acc3 to remote] DEBUG org.asynchttpclient.netty.request.NettyRequestSender - Using open Channel [id: 0xb6aaec0c, L:/127.0.0.1:61053 - R:localhost/127.0.0.1:64928] for POST '/session/edf1b5e867573bece71939953182acc3/element'
23:08:10.543 [AsyncHttpClient-1-2] DEBUG org.asynchttpclient.netty.handler.HttpHandler - 

Request DefaultHttpRequest(decodeResult: success, version: HTTP/1.1)
POST /session/edf1b5e867573bece71939953182acc3/element HTTP/1.1
User-Agent: selenium/4.5.0 (java windows)
Content-Length: 59
Content-Type: application/json; charset=utf-8
host: localhost:64928
accept: */*

Response DefaultHttpResponse(decodeResult: success, version: HTTP/1.1)
HTTP/1.1 200 OK
Content-Type: application/json; charset=utf-8
cache-control: no-cache
content-length: 126

23:08:10.543 [AsyncHttpClient-1-2] DEBUG org.asynchttpclient.netty.channel.ChannelManager - Adding key: http://localhost:64928 for channel [id: 0xb6aaec0c, L:/127.0.0.1:61053 - R:localhost/127.0.0.1:64928]
23:08:10.545 [Forwarding clickElement on session edf1b5e867573bece71939953182acc3 to remote] DEBUG org.asynchttpclient.netty.request.NettyRequestSender - Using pooled Channel '[id: 0xb6aaec0c, L:/127.0.0.1:61053 - R:localhost/127.0.0.1:64928]' for 'POST' to 'http://localhost:64928/session/edf1b5e867573bece71939953182acc3/element/f.897781253299D66C726BFB5FF78C1BC4.d.C1EE836FC24218434D45F283DCE2C33F.e.21/click'
23:08:10.545 [Forwarding clickElement on session edf1b5e867573bece71939953182acc3 to remote] DEBUG org.asynchttpclient.netty.request.NettyRequestSender - Using open Channel [id: 0xb6aaec0c, L:/127.0.0.1:61053 - R:localhost/127.0.0.1:64928] for POST '/session/edf1b5e867573bece71939953182acc3/element/f.897781253299D66C726BFB5FF78C1BC4.d.C1EE836FC24218434D45F283DCE2C33F.e.21/click'
23:08:10.592 [AsyncHttpClient-1-2] DEBUG org.asynchttpclient.netty.handler.HttpHandler - 

Request DefaultHttpRequest(decodeResult: success, version: HTTP/1.1)
POST /session/edf1b5e867573bece71939953182acc3/element/f.897781253299D66C726BFB5FF78C1BC4.d.C1EE836FC24218434D45F283DCE2C33F.e.21/click HTTP/1.1
User-Agent: selenium/4.5.0 (java windows)
Content-Length: 88
Content-Type: application/json; charset=utf-8
host: localhost:64928
accept: */*

Response DefaultHttpResponse(decodeResult: success, version: HTTP/1.1)
HTTP/1.1 200 OK
Content-Type: application/json; charset=utf-8
cache-control: no-cache
content-length: 14

23:08:10.592 [AsyncHttpClient-1-2] DEBUG org.asynchttpclient.netty.channel.ChannelManager - Adding key: http://localhost:64928 for channel [id: 0xb6aaec0c, L:/127.0.0.1:61053 - R:localhost/127.0.0.1:64928]
23:08:10.593 [Forwarding get on session edf1b5e867573bece71939953182acc3 to remote] DEBUG org.asynchttpclient.netty.request.NettyRequestSender - Using pooled Channel '[id: 0xb6aaec0c, L:/127.0.0.1:61053 - R:localhost/127.0.0.1:64928]' for 'POST' to 'http://localhost:64928/session/edf1b5e867573bece71939953182acc3/url'
23:08:10.593 [Forwarding get on session edf1b5e867573bece71939953182acc3 to remote] DEBUG org.asynchttpclient.netty.request.NettyRequestSender - Using open Channel [id: 0xb6aaec0c, L:/127.0.0.1:61053 - R:localhost/127.0.0.1:64928] for POST '/session/edf1b5e867573bece71939953182acc3/url'
23:08:10.626 [AsyncHttpClient-1-2] DEBUG org.asynchttpclient.netty.handler.HttpHandler - 

Request DefaultHttpRequest(decodeResult: success, version: HTTP/1.1)
POST /session/edf1b5e867573bece71939953182acc3/url HTTP/1.1
User-Agent: selenium/4.5.0 (java windows)
Content-Length: 56
Content-Type: application/json; charset=utf-8
host: localhost:64928
accept: */*

Response DefaultHttpResponse(decodeResult: success, version: HTTP/1.1)
HTTP/1.1 200 OK
Content-Type: application/json; charset=utf-8
cache-control: no-cache
content-length: 14

23:08:10.627 [AsyncHttpClient-1-2] DEBUG org.asynchttpclient.netty.channel.ChannelManager - Adding key: http://localhost:64928 for channel [id: 0xb6aaec0c, L:/127.0.0.1:61053 - R:localhost/127.0.0.1:64928]
23:08:10.628 [main] INFO com.example.WebPageTest - =========> Username: problem_user<============
23:08:10.629 [Forwarding findElement on session edf1b5e867573bece71939953182acc3 to remote] DEBUG org.asynchttpclient.netty.request.NettyRequestSender - Using pooled Channel '[id: 0xb6aaec0c, L:/127.0.0.1:61053 - R:localhost/127.0.0.1:64928]' for 'POST' to 'http://localhost:64928/session/edf1b5e867573bece71939953182acc3/element'
23:08:10.629 [Forwarding findElement on session edf1b5e867573bece71939953182acc3 to remote] DEBUG org.asynchttpclient.netty.request.NettyRequestSender - Using open Channel [id: 0xb6aaec0c, L:/127.0.0.1:61053 - R:localhost/127.0.0.1:64928] for POST '/session/edf1b5e867573bece71939953182acc3/element'
23:08:10.637 [AsyncHttpClient-1-2] DEBUG org.asynchttpclient.netty.handler.HttpHandler - 

Request DefaultHttpRequest(decodeResult: success, version: HTTP/1.1)
POST /session/edf1b5e867573bece71939953182acc3/element HTTP/1.1
User-Agent: selenium/4.5.0 (java windows)
Content-Length: 116
Content-Type: application/json; charset=utf-8
host: localhost:64928
accept: */*

Response DefaultHttpResponse(decodeResult: success, version: HTTP/1.1)
HTTP/1.1 200 OK
Content-Type: application/json; charset=utf-8
cache-control: no-cache
content-length: 126

23:08:10.637 [AsyncHttpClient-1-2] DEBUG org.asynchttpclient.netty.channel.ChannelManager - Adding key: http://localhost:64928 for channel [id: 0xb6aaec0c, L:/127.0.0.1:61053 - R:localhost/127.0.0.1:64928]
23:08:10.639 [Forwarding getElementText on session edf1b5e867573bece71939953182acc3 to remote] DEBUG org.asynchttpclient.netty.request.NettyRequestSender - Using pooled Channel '[id: 0xb6aaec0c, L:/127.0.0.1:61053 - R:localhost/127.0.0.1:64928]' for 'GET' to 'http://localhost:64928/session/edf1b5e867573bece71939953182acc3/element/f.897781253299D66C726BFB5FF78C1BC4.d.2DA15796EECD51C48740225987D404F1.e.36/text'
23:08:10.639 [Forwarding getElementText on session edf1b5e867573bece71939953182acc3 to remote] DEBUG org.asynchttpclient.netty.request.NettyRequestSender - Using open Channel [id: 0xb6aaec0c, L:/127.0.0.1:61053 - R:localhost/127.0.0.1:64928] for GET '/session/edf1b5e867573bece71939953182acc3/element/f.897781253299D66C726BFB5FF78C1BC4.d.2DA15796EECD51C48740225987D404F1.e.36/text'
23:08:10.647 [AsyncHttpClient-1-2] DEBUG org.asynchttpclient.netty.handler.HttpHandler - 

Request DefaultFullHttpRequest(decodeResult: success, version: HTTP/1.1, content: EmptyByteBufBE)
GET /session/edf1b5e867573bece71939953182acc3/element/f.897781253299D66C726BFB5FF78C1BC4.d.2DA15796EECD51C48740225987D404F1.e.36/text HTTP/1.1
User-Agent: selenium/4.5.0 (java windows)
Cache-Control: no-cache
Content-Type: application/json; charset=utf-8
host: localhost:64928
accept: */*

Response DefaultHttpResponse(decodeResult: success, version: HTTP/1.1)
HTTP/1.1 200 OK
Content-Type: application/json; charset=utf-8
cache-control: no-cache
content-length: 49

23:08:10.648 [AsyncHttpClient-1-2] DEBUG org.asynchttpclient.netty.channel.ChannelManager - Adding key: http://localhost:64928 for channel [id: 0xb6aaec0c, L:/127.0.0.1:61053 - R:localhost/127.0.0.1:64928]
23:08:10.648 [main] INFO com.example.WebPageTest - =========> Password: secret_sauce<============
23:08:10.649 [Forwarding findElement on session edf1b5e867573bece71939953182acc3 to remote] DEBUG org.asynchttpclient.netty.request.NettyRequestSender - Using pooled Channel '[id: 0xb6aaec0c, L:/127.0.0.1:61053 - R:localhost/127.0.0.1:64928]' for 'POST' to 'http://localhost:64928/session/edf1b5e867573bece71939953182acc3/element'
23:08:10.649 [Forwarding findElement on session edf1b5e867573bece71939953182acc3 to remote] DEBUG org.asynchttpclient.netty.request.NettyRequestSender - Using open Channel [id: 0xb6aaec0c, L:/127.0.0.1:61053 - R:localhost/127.0.0.1:64928] for POST '/session/edf1b5e867573bece71939953182acc3/element'
23:08:10.654 [AsyncHttpClient-1-2] DEBUG org.asynchttpclient.netty.handler.HttpHandler - 

Request DefaultHttpRequest(decodeResult: success, version: HTTP/1.1)
POST /session/edf1b5e867573bece71939953182acc3/element HTTP/1.1
User-Agent: selenium/4.5.0 (java windows)
Content-Length: 56
Content-Type: application/json; charset=utf-8
host: localhost:64928
accept: */*

Response DefaultHttpResponse(decodeResult: success, version: HTTP/1.1)
HTTP/1.1 200 OK
Content-Type: application/json; charset=utf-8
cache-control: no-cache
content-length: 126

23:08:10.654 [AsyncHttpClient-1-2] DEBUG org.asynchttpclient.netty.channel.ChannelManager - Adding key: http://localhost:64928 for channel [id: 0xb6aaec0c, L:/127.0.0.1:61053 - R:localhost/127.0.0.1:64928]
23:08:10.656 [Forwarding sendKeysToElement on session edf1b5e867573bece71939953182acc3 to remote] DEBUG org.asynchttpclient.netty.request.NettyRequestSender - Using pooled Channel '[id: 0xb6aaec0c, L:/127.0.0.1:61053 - R:localhost/127.0.0.1:64928]' for 'POST' to 'http://localhost:64928/session/edf1b5e867573bece71939953182acc3/element/f.897781253299D66C726BFB5FF78C1BC4.d.2DA15796EECD51C48740225987D404F1.e.30/value'
23:08:10.656 [Forwarding sendKeysToElement on session edf1b5e867573bece71939953182acc3 to remote] DEBUG org.asynchttpclient.netty.request.NettyRequestSender - Using open Channel [id: 0xb6aaec0c, L:/127.0.0.1:61053 - R:localhost/127.0.0.1:64928] for POST '/session/edf1b5e867573bece71939953182acc3/element/f.897781253299D66C726BFB5FF78C1BC4.d.2DA15796EECD51C48740225987D404F1.e.30/value'
23:08:10.690 [AsyncHttpClient-1-2] DEBUG org.asynchttpclient.netty.handler.HttpHandler - 

Request DefaultHttpRequest(decodeResult: success, version: HTTP/1.1)
POST /session/edf1b5e867573bece71939953182acc3/element/f.897781253299D66C726BFB5FF78C1BC4.d.2DA15796EECD51C48740225987D404F1.e.30/value HTTP/1.1
User-Agent: selenium/4.5.0 (java windows)
Content-Length: 239
Content-Type: application/json; charset=utf-8
host: localhost:64928
accept: */*

Response DefaultHttpResponse(decodeResult: success, version: HTTP/1.1)
HTTP/1.1 200 OK
Content-Type: application/json; charset=utf-8
cache-control: no-cache
content-length: 14

23:08:10.690 [AsyncHttpClient-1-2] DEBUG org.asynchttpclient.netty.channel.ChannelManager - Adding key: http://localhost:64928 for channel [id: 0xb6aaec0c, L:/127.0.0.1:61053 - R:localhost/127.0.0.1:64928]
23:08:10.692 [Forwarding findElement on session edf1b5e867573bece71939953182acc3 to remote] DEBUG org.asynchttpclient.netty.request.NettyRequestSender - Using pooled Channel '[id: 0xb6aaec0c, L:/127.0.0.1:61053 - R:localhost/127.0.0.1:64928]' for 'POST' to 'http://localhost:64928/session/edf1b5e867573bece71939953182acc3/element'
23:08:10.692 [Forwarding findElement on session edf1b5e867573bece71939953182acc3 to remote] DEBUG org.asynchttpclient.netty.request.NettyRequestSender - Using open Channel [id: 0xb6aaec0c, L:/127.0.0.1:61053 - R:localhost/127.0.0.1:64928] for POST '/session/edf1b5e867573bece71939953182acc3/element'
23:08:10.697 [AsyncHttpClient-1-2] DEBUG org.asynchttpclient.netty.handler.HttpHandler - 

Request DefaultHttpRequest(decodeResult: success, version: HTTP/1.1)
POST /session/edf1b5e867573bece71939953182acc3/element HTTP/1.1
User-Agent: selenium/4.5.0 (java windows)
Content-Length: 53
Content-Type: application/json; charset=utf-8
host: localhost:64928
accept: */*

Response DefaultHttpResponse(decodeResult: success, version: HTTP/1.1)
HTTP/1.1 200 OK
Content-Type: application/json; charset=utf-8
cache-control: no-cache
content-length: 126

23:08:10.698 [AsyncHttpClient-1-2] DEBUG org.asynchttpclient.netty.channel.ChannelManager - Adding key: http://localhost:64928 for channel [id: 0xb6aaec0c, L:/127.0.0.1:61053 - R:localhost/127.0.0.1:64928]
23:08:10.699 [Forwarding sendKeysToElement on session edf1b5e867573bece71939953182acc3 to remote] DEBUG org.asynchttpclient.netty.request.NettyRequestSender - Using pooled Channel '[id: 0xb6aaec0c, L:/127.0.0.1:61053 - R:localhost/127.0.0.1:64928]' for 'POST' to 'http://localhost:64928/session/edf1b5e867573bece71939953182acc3/element/f.897781253299D66C726BFB5FF78C1BC4.d.2DA15796EECD51C48740225987D404F1.e.32/value'
23:08:10.699 [Forwarding sendKeysToElement on session edf1b5e867573bece71939953182acc3 to remote] DEBUG org.asynchttpclient.netty.request.NettyRequestSender - Using open Channel [id: 0xb6aaec0c, L:/127.0.0.1:61053 - R:localhost/127.0.0.1:64928] for POST '/session/edf1b5e867573bece71939953182acc3/element/f.897781253299D66C726BFB5FF78C1BC4.d.2DA15796EECD51C48740225987D404F1.e.32/value'
23:08:10.738 [AsyncHttpClient-1-2] DEBUG org.asynchttpclient.netty.handler.HttpHandler - 

Request DefaultHttpRequest(decodeResult: success, version: HTTP/1.1)
POST /session/edf1b5e867573bece71939953182acc3/element/f.897781253299D66C726BFB5FF78C1BC4.d.2DA15796EECD51C48740225987D404F1.e.32/value HTTP/1.1
User-Agent: selenium/4.5.0 (java windows)
Content-Length: 239
Content-Type: application/json; charset=utf-8
host: localhost:64928
accept: */*

Response DefaultHttpResponse(decodeResult: success, version: HTTP/1.1)
HTTP/1.1 200 OK
Content-Type: application/json; charset=utf-8
cache-control: no-cache
content-length: 14

23:08:10.738 [AsyncHttpClient-1-2] DEBUG org.asynchttpclient.netty.channel.ChannelManager - Adding key: http://localhost:64928 for channel [id: 0xb6aaec0c, L:/127.0.0.1:61053 - R:localhost/127.0.0.1:64928]
23:08:10.739 [Forwarding findElement on session edf1b5e867573bece71939953182acc3 to remote] DEBUG org.asynchttpclient.netty.request.NettyRequestSender - Using pooled Channel '[id: 0xb6aaec0c, L:/127.0.0.1:61053 - R:localhost/127.0.0.1:64928]' for 'POST' to 'http://localhost:64928/session/edf1b5e867573bece71939953182acc3/element'
23:08:10.739 [Forwarding findElement on session edf1b5e867573bece71939953182acc3 to remote] DEBUG org.asynchttpclient.netty.request.NettyRequestSender - Using open Channel [id: 0xb6aaec0c, L:/127.0.0.1:61053 - R:localhost/127.0.0.1:64928] for POST '/session/edf1b5e867573bece71939953182acc3/element'
23:08:10.744 [AsyncHttpClient-1-2] DEBUG org.asynchttpclient.netty.handler.HttpHandler - 

Request DefaultHttpRequest(decodeResult: success, version: HTTP/1.1)
POST /session/edf1b5e867573bece71939953182acc3/element HTTP/1.1
User-Agent: selenium/4.5.0 (java windows)
Content-Length: 59
Content-Type: application/json; charset=utf-8
host: localhost:64928
accept: */*

Response DefaultHttpResponse(decodeResult: success, version: HTTP/1.1)
HTTP/1.1 200 OK
Content-Type: application/json; charset=utf-8
cache-control: no-cache
content-length: 126

23:08:10.745 [AsyncHttpClient-1-2] DEBUG org.asynchttpclient.netty.channel.ChannelManager - Adding key: http://localhost:64928 for channel [id: 0xb6aaec0c, L:/127.0.0.1:61053 - R:localhost/127.0.0.1:64928]
23:08:10.746 [Forwarding clickElement on session edf1b5e867573bece71939953182acc3 to remote] DEBUG org.asynchttpclient.netty.request.NettyRequestSender - Using pooled Channel '[id: 0xb6aaec0c, L:/127.0.0.1:61053 - R:localhost/127.0.0.1:64928]' for 'POST' to 'http://localhost:64928/session/edf1b5e867573bece71939953182acc3/element/f.897781253299D66C726BFB5FF78C1BC4.d.2DA15796EECD51C48740225987D404F1.e.33/click'
23:08:10.746 [Forwarding clickElement on session edf1b5e867573bece71939953182acc3 to remote] DEBUG org.asynchttpclient.netty.request.NettyRequestSender - Using open Channel [id: 0xb6aaec0c, L:/127.0.0.1:61053 - R:localhost/127.0.0.1:64928] for POST '/session/edf1b5e867573bece71939953182acc3/element/f.897781253299D66C726BFB5FF78C1BC4.d.2DA15796EECD51C48740225987D404F1.e.33/click'
23:08:10.795 [AsyncHttpClient-1-2] DEBUG org.asynchttpclient.netty.handler.HttpHandler - 

Request DefaultHttpRequest(decodeResult: success, version: HTTP/1.1)
POST /session/edf1b5e867573bece71939953182acc3/element/f.897781253299D66C726BFB5FF78C1BC4.d.2DA15796EECD51C48740225987D404F1.e.33/click HTTP/1.1
User-Agent: selenium/4.5.0 (java windows)
Content-Length: 88
Content-Type: application/json; charset=utf-8
host: localhost:64928
accept: */*

Response DefaultHttpResponse(decodeResult: success, version: HTTP/1.1)
HTTP/1.1 200 OK
Content-Type: application/json; charset=utf-8
cache-control: no-cache
content-length: 14

23:08:10.796 [AsyncHttpClient-1-2] DEBUG org.asynchttpclient.netty.channel.ChannelManager - Adding key: http://localhost:64928 for channel [id: 0xb6aaec0c, L:/127.0.0.1:61053 - R:localhost/127.0.0.1:64928]
23:08:10.797 [Forwarding get on session edf1b5e867573bece71939953182acc3 to remote] DEBUG org.asynchttpclient.netty.request.NettyRequestSender - Using pooled Channel '[id: 0xb6aaec0c, L:/127.0.0.1:61053 - R:localhost/127.0.0.1:64928]' for 'POST' to 'http://localhost:64928/session/edf1b5e867573bece71939953182acc3/url'
23:08:10.797 [Forwarding get on session edf1b5e867573bece71939953182acc3 to remote] DEBUG org.asynchttpclient.netty.request.NettyRequestSender - Using open Channel [id: 0xb6aaec0c, L:/127.0.0.1:61053 - R:localhost/127.0.0.1:64928] for POST '/session/edf1b5e867573bece71939953182acc3/url'
23:08:10.827 [AsyncHttpClient-1-2] DEBUG org.asynchttpclient.netty.handler.HttpHandler - 

Request DefaultHttpRequest(decodeResult: success, version: HTTP/1.1)
POST /session/edf1b5e867573bece71939953182acc3/url HTTP/1.1
User-Agent: selenium/4.5.0 (java windows)
Content-Length: 56
Content-Type: application/json; charset=utf-8
host: localhost:64928
accept: */*

Response DefaultHttpResponse(decodeResult: success, version: HTTP/1.1)
HTTP/1.1 200 OK
Content-Type: application/json; charset=utf-8
cache-control: no-cache
content-length: 14

23:08:10.828 [AsyncHttpClient-1-2] DEBUG org.asynchttpclient.netty.channel.ChannelManager - Adding key: http://localhost:64928 for channel [id: 0xb6aaec0c, L:/127.0.0.1:61053 - R:localhost/127.0.0.1:64928]
23:08:10.828 [main] INFO com.example.WebPageTest - =========> Username: performance_glitch_user<============
23:08:10.829 [Forwarding findElement on session edf1b5e867573bece71939953182acc3 to remote] DEBUG org.asynchttpclient.netty.request.NettyRequestSender - Using pooled Channel '[id: 0xb6aaec0c, L:/127.0.0.1:61053 - R:localhost/127.0.0.1:64928]' for 'POST' to 'http://localhost:64928/session/edf1b5e867573bece71939953182acc3/element'
23:08:10.829 [Forwarding findElement on session edf1b5e867573bece71939953182acc3 to remote] DEBUG org.asynchttpclient.netty.request.NettyRequestSender - Using open Channel [id: 0xb6aaec0c, L:/127.0.0.1:61053 - R:localhost/127.0.0.1:64928] for POST '/session/edf1b5e867573bece71939953182acc3/element'
23:08:10.835 [AsyncHttpClient-1-2] DEBUG org.asynchttpclient.netty.handler.HttpHandler - 

Request DefaultHttpRequest(decodeResult: success, version: HTTP/1.1)
POST /session/edf1b5e867573bece71939953182acc3/element HTTP/1.1
User-Agent: selenium/4.5.0 (java windows)
Content-Length: 116
Content-Type: application/json; charset=utf-8
host: localhost:64928
accept: */*

Response DefaultHttpResponse(decodeResult: success, version: HTTP/1.1)
HTTP/1.1 200 OK
Content-Type: application/json; charset=utf-8
cache-control: no-cache
content-length: 126

23:08:10.835 [AsyncHttpClient-1-2] DEBUG org.asynchttpclient.netty.channel.ChannelManager - Adding key: http://localhost:64928 for channel [id: 0xb6aaec0c, L:/127.0.0.1:61053 - R:localhost/127.0.0.1:64928]
23:08:10.837 [Forwarding getElementText on session edf1b5e867573bece71939953182acc3 to remote] DEBUG org.asynchttpclient.netty.request.NettyRequestSender - Using pooled Channel '[id: 0xb6aaec0c, L:/127.0.0.1:61053 - R:localhost/127.0.0.1:64928]' for 'GET' to 'http://localhost:64928/session/edf1b5e867573bece71939953182acc3/element/f.897781253299D66C726BFB5FF78C1BC4.d.B0BDA3C73C1303F81D75287503A2CC4A.e.50/text'
23:08:10.837 [Forwarding getElementText on session edf1b5e867573bece71939953182acc3 to remote] DEBUG org.asynchttpclient.netty.request.NettyRequestSender - Using open Channel [id: 0xb6aaec0c, L:/127.0.0.1:61053 - R:localhost/127.0.0.1:64928] for GET '/session/edf1b5e867573bece71939953182acc3/element/f.897781253299D66C726BFB5FF78C1BC4.d.B0BDA3C73C1303F81D75287503A2CC4A.e.50/text'
23:08:10.845 [AsyncHttpClient-1-2] DEBUG org.asynchttpclient.netty.handler.HttpHandler - 

Request DefaultFullHttpRequest(decodeResult: success, version: HTTP/1.1, content: EmptyByteBufBE)
GET /session/edf1b5e867573bece71939953182acc3/element/f.897781253299D66C726BFB5FF78C1BC4.d.B0BDA3C73C1303F81D75287503A2CC4A.e.50/text HTTP/1.1
User-Agent: selenium/4.5.0 (java windows)
Cache-Control: no-cache
Content-Type: application/json; charset=utf-8
host: localhost:64928
accept: */*

Response DefaultHttpResponse(decodeResult: success, version: HTTP/1.1)
HTTP/1.1 200 OK
Content-Type: application/json; charset=utf-8
cache-control: no-cache
content-length: 49

23:08:10.845 [AsyncHttpClient-1-2] DEBUG org.asynchttpclient.netty.channel.ChannelManager - Adding key: http://localhost:64928 for channel [id: 0xb6aaec0c, L:/127.0.0.1:61053 - R:localhost/127.0.0.1:64928]
23:08:10.846 [main] INFO com.example.WebPageTest - =========> Password: secret_sauce<============
23:08:10.846 [Forwarding findElement on session edf1b5e867573bece71939953182acc3 to remote] DEBUG org.asynchttpclient.netty.request.NettyRequestSender - Using pooled Channel '[id: 0xb6aaec0c, L:/127.0.0.1:61053 - R:localhost/127.0.0.1:64928]' for 'POST' to 'http://localhost:64928/session/edf1b5e867573bece71939953182acc3/element'
23:08:10.846 [Forwarding findElement on session edf1b5e867573bece71939953182acc3 to remote] DEBUG org.asynchttpclient.netty.request.NettyRequestSender - Using open Channel [id: 0xb6aaec0c, L:/127.0.0.1:61053 - R:localhost/127.0.0.1:64928] for POST '/session/edf1b5e867573bece71939953182acc3/element'
23:08:10.851 [AsyncHttpClient-1-2] DEBUG org.asynchttpclient.netty.handler.HttpHandler - 

Request DefaultHttpRequest(decodeResult: success, version: HTTP/1.1)
POST /session/edf1b5e867573bece71939953182acc3/element HTTP/1.1
User-Agent: selenium/4.5.0 (java windows)
Content-Length: 56
Content-Type: application/json; charset=utf-8
host: localhost:64928
accept: */*

Response DefaultHttpResponse(decodeResult: success, version: HTTP/1.1)
HTTP/1.1 200 OK
Content-Type: application/json; charset=utf-8
cache-control: no-cache
content-length: 126

23:08:10.852 [AsyncHttpClient-1-2] DEBUG org.asynchttpclient.netty.channel.ChannelManager - Adding key: http://localhost:64928 for channel [id: 0xb6aaec0c, L:/127.0.0.1:61053 - R:localhost/127.0.0.1:64928]
23:08:10.853 [Forwarding sendKeysToElement on session edf1b5e867573bece71939953182acc3 to remote] DEBUG org.asynchttpclient.netty.request.NettyRequestSender - Using pooled Channel '[id: 0xb6aaec0c, L:/127.0.0.1:61053 - R:localhost/127.0.0.1:64928]' for 'POST' to 'http://localhost:64928/session/edf1b5e867573bece71939953182acc3/element/f.897781253299D66C726BFB5FF78C1BC4.d.B0BDA3C73C1303F81D75287503A2CC4A.e.46/value'
23:08:10.853 [Forwarding sendKeysToElement on session edf1b5e867573bece71939953182acc3 to remote] DEBUG org.asynchttpclient.netty.request.NettyRequestSender - Using open Channel [id: 0xb6aaec0c, L:/127.0.0.1:61053 - R:localhost/127.0.0.1:64928] for POST '/session/edf1b5e867573bece71939953182acc3/element/f.897781253299D66C726BFB5FF78C1BC4.d.B0BDA3C73C1303F81D75287503A2CC4A.e.46/value'
23:08:10.894 [AsyncHttpClient-1-2] DEBUG org.asynchttpclient.netty.handler.HttpHandler - 

Request DefaultHttpRequest(decodeResult: success, version: HTTP/1.1)
POST /session/edf1b5e867573bece71939953182acc3/element/f.897781253299D66C726BFB5FF78C1BC4.d.B0BDA3C73C1303F81D75287503A2CC4A.e.46/value HTTP/1.1
User-Agent: selenium/4.5.0 (java windows)
Content-Length: 349
Content-Type: application/json; charset=utf-8
host: localhost:64928
accept: */*

Response DefaultHttpResponse(decodeResult: success, version: HTTP/1.1)
HTTP/1.1 200 OK
Content-Type: application/json; charset=utf-8
cache-control: no-cache
content-length: 14

23:08:10.894 [AsyncHttpClient-1-2] DEBUG org.asynchttpclient.netty.channel.ChannelManager - Adding key: http://localhost:64928 for channel [id: 0xb6aaec0c, L:/127.0.0.1:61053 - R:localhost/127.0.0.1:64928]
23:08:10.895 [Forwarding findElement on session edf1b5e867573bece71939953182acc3 to remote] DEBUG org.asynchttpclient.netty.request.NettyRequestSender - Using pooled Channel '[id: 0xb6aaec0c, L:/127.0.0.1:61053 - R:localhost/127.0.0.1:64928]' for 'POST' to 'http://localhost:64928/session/edf1b5e867573bece71939953182acc3/element'
23:08:10.895 [Forwarding findElement on session edf1b5e867573bece71939953182acc3 to remote] DEBUG org.asynchttpclient.netty.request.NettyRequestSender - Using open Channel [id: 0xb6aaec0c, L:/127.0.0.1:61053 - R:localhost/127.0.0.1:64928] for POST '/session/edf1b5e867573bece71939953182acc3/element'
23:08:10.900 [AsyncHttpClient-1-2] DEBUG org.asynchttpclient.netty.handler.HttpHandler - 

Request DefaultHttpRequest(decodeResult: success, version: HTTP/1.1)
POST /session/edf1b5e867573bece71939953182acc3/element HTTP/1.1
User-Agent: selenium/4.5.0 (java windows)
Content-Length: 53
Content-Type: application/json; charset=utf-8
host: localhost:64928
accept: */*

Response DefaultHttpResponse(decodeResult: success, version: HTTP/1.1)
HTTP/1.1 200 OK
Content-Type: application/json; charset=utf-8
cache-control: no-cache
content-length: 126

23:08:10.901 [AsyncHttpClient-1-2] DEBUG org.asynchttpclient.netty.channel.ChannelManager - Adding key: http://localhost:64928 for channel [id: 0xb6aaec0c, L:/127.0.0.1:61053 - R:localhost/127.0.0.1:64928]
23:08:10.902 [Forwarding sendKeysToElement on session edf1b5e867573bece71939953182acc3 to remote] DEBUG org.asynchttpclient.netty.request.NettyRequestSender - Using pooled Channel '[id: 0xb6aaec0c, L:/127.0.0.1:61053 - R:localhost/127.0.0.1:64928]' for 'POST' to 'http://localhost:64928/session/edf1b5e867573bece71939953182acc3/element/f.897781253299D66C726BFB5FF78C1BC4.d.B0BDA3C73C1303F81D75287503A2CC4A.e.48/value'
23:08:10.902 [Forwarding sendKeysToElement on session edf1b5e867573bece71939953182acc3 to remote] DEBUG org.asynchttpclient.netty.request.NettyRequestSender - Using open Channel [id: 0xb6aaec0c, L:/127.0.0.1:61053 - R:localhost/127.0.0.1:64928] for POST '/session/edf1b5e867573bece71939953182acc3/element/f.897781253299D66C726BFB5FF78C1BC4.d.B0BDA3C73C1303F81D75287503A2CC4A.e.48/value'
23:08:10.936 [AsyncHttpClient-1-2] DEBUG org.asynchttpclient.netty.handler.HttpHandler - 

Request DefaultHttpRequest(decodeResult: success, version: HTTP/1.1)
POST /session/edf1b5e867573bece71939953182acc3/element/f.897781253299D66C726BFB5FF78C1BC4.d.B0BDA3C73C1303F81D75287503A2CC4A.e.48/value HTTP/1.1
User-Agent: selenium/4.5.0 (java windows)
Content-Length: 239
Content-Type: application/json; charset=utf-8
host: localhost:64928
accept: */*

Response DefaultHttpResponse(decodeResult: success, version: HTTP/1.1)
HTTP/1.1 200 OK
Content-Type: application/json; charset=utf-8
cache-control: no-cache
content-length: 14

23:08:10.936 [AsyncHttpClient-1-2] DEBUG org.asynchttpclient.netty.channel.ChannelManager - Adding key: http://localhost:64928 for channel [id: 0xb6aaec0c, L:/127.0.0.1:61053 - R:localhost/127.0.0.1:64928]
23:08:10.937 [Forwarding findElement on session edf1b5e867573bece71939953182acc3 to remote] DEBUG org.asynchttpclient.netty.request.NettyRequestSender - Using pooled Channel '[id: 0xb6aaec0c, L:/127.0.0.1:61053 - R:localhost/127.0.0.1:64928]' for 'POST' to 'http://localhost:64928/session/edf1b5e867573bece71939953182acc3/element'
23:08:10.937 [Forwarding findElement on session edf1b5e867573bece71939953182acc3 to remote] DEBUG org.asynchttpclient.netty.request.NettyRequestSender - Using open Channel [id: 0xb6aaec0c, L:/127.0.0.1:61053 - R:localhost/127.0.0.1:64928] for POST '/session/edf1b5e867573bece71939953182acc3/element'
23:08:10.943 [AsyncHttpClient-1-2] DEBUG org.asynchttpclient.netty.handler.HttpHandler - 

Request DefaultHttpRequest(decodeResult: success, version: HTTP/1.1)
POST /session/edf1b5e867573bece71939953182acc3/element HTTP/1.1
User-Agent: selenium/4.5.0 (java windows)
Content-Length: 59
Content-Type: application/json; charset=utf-8
host: localhost:64928
accept: */*

Response DefaultHttpResponse(decodeResult: success, version: HTTP/1.1)
HTTP/1.1 200 OK
Content-Type: application/json; charset=utf-8
cache-control: no-cache
content-length: 126

23:08:10.944 [AsyncHttpClient-1-2] DEBUG org.asynchttpclient.netty.channel.ChannelManager - Adding key: http://localhost:64928 for channel [id: 0xb6aaec0c, L:/127.0.0.1:61053 - R:localhost/127.0.0.1:64928]
23:08:10.945 [Forwarding clickElement on session edf1b5e867573bece71939953182acc3 to remote] DEBUG org.asynchttpclient.netty.request.NettyRequestSender - Using pooled Channel '[id: 0xb6aaec0c, L:/127.0.0.1:61053 - R:localhost/127.0.0.1:64928]' for 'POST' to 'http://localhost:64928/session/edf1b5e867573bece71939953182acc3/element/f.897781253299D66C726BFB5FF78C1BC4.d.B0BDA3C73C1303F81D75287503A2CC4A.e.49/click'
23:08:10.945 [Forwarding clickElement on session edf1b5e867573bece71939953182acc3 to remote] DEBUG org.asynchttpclient.netty.request.NettyRequestSender - Using open Channel [id: 0xb6aaec0c, L:/127.0.0.1:61053 - R:localhost/127.0.0.1:64928] for POST '/session/edf1b5e867573bece71939953182acc3/element/f.897781253299D66C726BFB5FF78C1BC4.d.B0BDA3C73C1303F81D75287503A2CC4A.e.49/click'
23:08:11.453 [AsyncHttpClient-1-1] DEBUG org.asynchttpclient.netty.channel.DefaultChannelPool - Entry count for : http://localhost:9222 : 1
23:08:12.557 [AsyncHttpClient-1-1] DEBUG org.asynchttpclient.netty.channel.DefaultChannelPool - Entry count for : http://localhost:9222 : 1
23:08:13.653 [AsyncHttpClient-1-1] DEBUG org.asynchttpclient.netty.channel.DefaultChannelPool - Entry count for : http://localhost:9222 : 1
23:08:14.753 [AsyncHttpClient-1-1] DEBUG org.asynchttpclient.netty.channel.DefaultChannelPool - Entry count for : http://localhost:9222 : 1
23:08:15.856 [AsyncHttpClient-1-1] DEBUG org.asynchttpclient.netty.channel.DefaultChannelPool - Entry count for : http://localhost:9222 : 1
23:08:15.997 [AsyncHttpClient-1-2] DEBUG org.asynchttpclient.netty.handler.HttpHandler - 

Request DefaultHttpRequest(decodeResult: success, version: HTTP/1.1)
POST /session/edf1b5e867573bece71939953182acc3/element/f.897781253299D66C726BFB5FF78C1BC4.d.B0BDA3C73C1303F81D75287503A2CC4A.e.49/click HTTP/1.1
User-Agent: selenium/4.5.0 (java windows)
Content-Length: 88
Content-Type: application/json; charset=utf-8
host: localhost:64928
accept: */*

Response DefaultHttpResponse(decodeResult: success, version: HTTP/1.1)
HTTP/1.1 200 OK
Content-Type: application/json; charset=utf-8
cache-control: no-cache
content-length: 14

23:08:15.997 [AsyncHttpClient-1-2] DEBUG org.asynchttpclient.netty.channel.ChannelManager - Adding key: http://localhost:64928 for channel [id: 0xb6aaec0c, L:/127.0.0.1:61053 - R:localhost/127.0.0.1:64928]
23:08:15.998 [Forwarding get on session edf1b5e867573bece71939953182acc3 to remote] DEBUG org.asynchttpclient.netty.request.NettyRequestSender - Using pooled Channel '[id: 0xb6aaec0c, L:/127.0.0.1:61053 - R:localhost/127.0.0.1:64928]' for 'POST' to 'http://localhost:64928/session/edf1b5e867573bece71939953182acc3/url'
23:08:15.999 [Forwarding get on session edf1b5e867573bece71939953182acc3 to remote] DEBUG org.asynchttpclient.netty.request.NettyRequestSender - Using open Channel [id: 0xb6aaec0c, L:/127.0.0.1:61053 - R:localhost/127.0.0.1:64928] for POST '/session/edf1b5e867573bece71939953182acc3/url'
23:08:16.052 [AsyncHttpClient-1-2] DEBUG org.asynchttpclient.netty.handler.HttpHandler - 

Request DefaultHttpRequest(decodeResult: success, version: HTTP/1.1)
POST /session/edf1b5e867573bece71939953182acc3/url HTTP/1.1
User-Agent: selenium/4.5.0 (java windows)
Content-Length: 56
Content-Type: application/json; charset=utf-8
host: localhost:64928
accept: */*

Response DefaultHttpResponse(decodeResult: success, version: HTTP/1.1)
HTTP/1.1 200 OK
Content-Type: application/json; charset=utf-8
cache-control: no-cache
content-length: 14

23:08:16.052 [AsyncHttpClient-1-2] DEBUG org.asynchttpclient.netty.channel.ChannelManager - Adding key: http://localhost:64928 for channel [id: 0xb6aaec0c, L:/127.0.0.1:61053 - R:localhost/127.0.0.1:64928]
23:08:16.053 [main] INFO com.example.WebPageTest - =========> Username: error_user<============
23:08:16.053 [Forwarding findElement on session edf1b5e867573bece71939953182acc3 to remote] DEBUG org.asynchttpclient.netty.request.NettyRequestSender - Using pooled Channel '[id: 0xb6aaec0c, L:/127.0.0.1:61053 - R:localhost/127.0.0.1:64928]' for 'POST' to 'http://localhost:64928/session/edf1b5e867573bece71939953182acc3/element'
23:08:16.053 [Forwarding findElement on session edf1b5e867573bece71939953182acc3 to remote] DEBUG org.asynchttpclient.netty.request.NettyRequestSender - Using open Channel [id: 0xb6aaec0c, L:/127.0.0.1:61053 - R:localhost/127.0.0.1:64928] for POST '/session/edf1b5e867573bece71939953182acc3/element'
23:08:16.059 [AsyncHttpClient-1-2] DEBUG org.asynchttpclient.netty.handler.HttpHandler - 

Request DefaultHttpRequest(decodeResult: success, version: HTTP/1.1)
POST /session/edf1b5e867573bece71939953182acc3/element HTTP/1.1
User-Agent: selenium/4.5.0 (java windows)
Content-Length: 116
Content-Type: application/json; charset=utf-8
host: localhost:64928
accept: */*

Response DefaultHttpResponse(decodeResult: success, version: HTTP/1.1)
HTTP/1.1 200 OK
Content-Type: application/json; charset=utf-8
cache-control: no-cache
content-length: 126

23:08:16.059 [AsyncHttpClient-1-2] DEBUG org.asynchttpclient.netty.channel.ChannelManager - Adding key: http://localhost:64928 for channel [id: 0xb6aaec0c, L:/127.0.0.1:61053 - R:localhost/127.0.0.1:64928]
23:08:16.060 [Forwarding getElementText on session edf1b5e867573bece71939953182acc3 to remote] DEBUG org.asynchttpclient.netty.request.NettyRequestSender - Using pooled Channel '[id: 0xb6aaec0c, L:/127.0.0.1:61053 - R:localhost/127.0.0.1:64928]' for 'GET' to 'http://localhost:64928/session/edf1b5e867573bece71939953182acc3/element/f.897781253299D66C726BFB5FF78C1BC4.d.5CB4E3BA4DEF807FD308B321936737AD.e.77/text'
23:08:16.060 [Forwarding getElementText on session edf1b5e867573bece71939953182acc3 to remote] DEBUG org.asynchttpclient.netty.request.NettyRequestSender - Using open Channel [id: 0xb6aaec0c, L:/127.0.0.1:61053 - R:localhost/127.0.0.1:64928] for GET '/session/edf1b5e867573bece71939953182acc3/element/f.897781253299D66C726BFB5FF78C1BC4.d.5CB4E3BA4DEF807FD308B321936737AD.e.77/text'
23:08:16.066 [AsyncHttpClient-1-2] DEBUG org.asynchttpclient.netty.handler.HttpHandler - 

Request DefaultFullHttpRequest(decodeResult: success, version: HTTP/1.1, content: EmptyByteBufBE)
GET /session/edf1b5e867573bece71939953182acc3/element/f.897781253299D66C726BFB5FF78C1BC4.d.5CB4E3BA4DEF807FD308B321936737AD.e.77/text HTTP/1.1
User-Agent: selenium/4.5.0 (java windows)
Cache-Control: no-cache
Content-Type: application/json; charset=utf-8
host: localhost:64928
accept: */*

Response DefaultHttpResponse(decodeResult: success, version: HTTP/1.1)
HTTP/1.1 200 OK
Content-Type: application/json; charset=utf-8
cache-control: no-cache
content-length: 49

23:08:16.067 [AsyncHttpClient-1-2] DEBUG org.asynchttpclient.netty.channel.ChannelManager - Adding key: http://localhost:64928 for channel [id: 0xb6aaec0c, L:/127.0.0.1:61053 - R:localhost/127.0.0.1:64928]
23:08:16.067 [main] INFO com.example.WebPageTest - =========> Password: secret_sauce<============
23:08:16.068 [Forwarding findElement on session edf1b5e867573bece71939953182acc3 to remote] DEBUG org.asynchttpclient.netty.request.NettyRequestSender - Using pooled Channel '[id: 0xb6aaec0c, L:/127.0.0.1:61053 - R:localhost/127.0.0.1:64928]' for 'POST' to 'http://localhost:64928/session/edf1b5e867573bece71939953182acc3/element'
23:08:16.068 [Forwarding findElement on session edf1b5e867573bece71939953182acc3 to remote] DEBUG org.asynchttpclient.netty.request.NettyRequestSender - Using open Channel [id: 0xb6aaec0c, L:/127.0.0.1:61053 - R:localhost/127.0.0.1:64928] for POST '/session/edf1b5e867573bece71939953182acc3/element'
23:08:16.072 [AsyncHttpClient-1-2] DEBUG org.asynchttpclient.netty.handler.HttpHandler - 

Request DefaultHttpRequest(decodeResult: success, version: HTTP/1.1)
POST /session/edf1b5e867573bece71939953182acc3/element HTTP/1.1
User-Agent: selenium/4.5.0 (java windows)
Content-Length: 56
Content-Type: application/json; charset=utf-8
host: localhost:64928
accept: */*

Response DefaultHttpResponse(decodeResult: success, version: HTTP/1.1)
HTTP/1.1 200 OK
Content-Type: application/json; charset=utf-8
cache-control: no-cache
content-length: 126

23:08:16.073 [AsyncHttpClient-1-2] DEBUG org.asynchttpclient.netty.channel.ChannelManager - Adding key: http://localhost:64928 for channel [id: 0xb6aaec0c, L:/127.0.0.1:61053 - R:localhost/127.0.0.1:64928]
23:08:16.074 [Forwarding sendKeysToElement on session edf1b5e867573bece71939953182acc3 to remote] DEBUG org.asynchttpclient.netty.request.NettyRequestSender - Using pooled Channel '[id: 0xb6aaec0c, L:/127.0.0.1:61053 - R:localhost/127.0.0.1:64928]' for 'POST' to 'http://localhost:64928/session/edf1b5e867573bece71939953182acc3/element/f.897781253299D66C726BFB5FF78C1BC4.d.5CB4E3BA4DEF807FD308B321936737AD.e.69/value'
23:08:16.074 [Forwarding sendKeysToElement on session edf1b5e867573bece71939953182acc3 to remote] DEBUG org.asynchttpclient.netty.request.NettyRequestSender - Using open Channel [id: 0xb6aaec0c, L:/127.0.0.1:61053 - R:localhost/127.0.0.1:64928] for POST '/session/edf1b5e867573bece71939953182acc3/element/f.897781253299D66C726BFB5FF78C1BC4.d.5CB4E3BA4DEF807FD308B321936737AD.e.69/value'
23:08:16.104 [AsyncHttpClient-1-2] DEBUG org.asynchttpclient.netty.handler.HttpHandler - 

Request DefaultHttpRequest(decodeResult: success, version: HTTP/1.1)
POST /session/edf1b5e867573bece71939953182acc3/element/f.897781253299D66C726BFB5FF78C1BC4.d.5CB4E3BA4DEF807FD308B321936737AD.e.69/value HTTP/1.1
User-Agent: selenium/4.5.0 (java windows)
Content-Length: 219
Content-Type: application/json; charset=utf-8
host: localhost:64928
accept: */*

Response DefaultHttpResponse(decodeResult: success, version: HTTP/1.1)
HTTP/1.1 200 OK
Content-Type: application/json; charset=utf-8
cache-control: no-cache
content-length: 14

23:08:16.105 [AsyncHttpClient-1-2] DEBUG org.asynchttpclient.netty.channel.ChannelManager - Adding key: http://localhost:64928 for channel [id: 0xb6aaec0c, L:/127.0.0.1:61053 - R:localhost/127.0.0.1:64928]
23:08:16.106 [Forwarding findElement on session edf1b5e867573bece71939953182acc3 to remote] DEBUG org.asynchttpclient.netty.request.NettyRequestSender - Using pooled Channel '[id: 0xb6aaec0c, L:/127.0.0.1:61053 - R:localhost/127.0.0.1:64928]' for 'POST' to 'http://localhost:64928/session/edf1b5e867573bece71939953182acc3/element'
[...]
Content-Length: 239
Content-Type: application/json; charset=utf-8
host: localhost:64928
accept: */*

Response DefaultHttpResponse(decodeResult: success, version: HTTP/1.1)
HTTP/1.1 200 OK
Content-Type: application/json; charset=utf-8
cache-control: no-cache
content-length: 14

23:08:16.143 [AsyncHttpClient-1-2] DEBUG org.asynchttpclient.netty.channel.ChannelManager - Adding key: http://localhost:64928 for channel [id: 0xb6aaec0c, L:/127.0.0.1:61053 - R:localhost/127.0.0.1:64928]
23:08:16.144 [Forwarding findElement on session edf1b5e867573bece71939953182acc3 to remote] DEBUG org.asynchttpclient.netty.request.NettyRequestSender - Using pooled Channel '[id: 0xb6aaec0c, L:/127.0.0.1:61053 - R:localhost/127.0.0.1:64928]' for 'POST' to 'http://localhost:64928/session/edf1b5e867573bece71939953182acc3/element'
23:08:16.144 [Forwarding findElement on session edf1b5e867573bece71939953182acc3 to remote] DEBUG org.asynchttpclient.netty.request.NettyRequestSender - Using open Channel [id: 0xb6aaec0c, L:/127.0.0.1:61053 - R:localhost/127.0.0.1:64928] for POST '/session/edf1b5e867573bece71939953182acc3/element'
23:08:16.148 [AsyncHttpClient-1-2] DEBUG org.asynchttpclient.netty.handler.HttpHandler - 

Request DefaultHttpRequest(decodeResult: success, version: HTTP/1.1)
POST /session/edf1b5e867573bece71939953182acc3/element HTTP/1.1
User-Agent: selenium/4.5.0 (java windows)
Content-Length: 59
Content-Type: application/json; charset=utf-8
host: localhost:64928
accept: */*

Response DefaultHttpResponse(decodeResult: success, version: HTTP/1.1)
HTTP/1.1 200 OK
Content-Type: application/json; charset=utf-8
cache-control: no-cache
content-length: 126

23:08:16.148 [AsyncHttpClient-1-2] DEBUG org.asynchttpclient.netty.channel.ChannelManager - Adding key: http://localhost:64928 for channel [id: 0xb6aaec0c, L:/127.0.0.1:61053 - R:localhost/127.0.0.1:64928]
23:08:16.149 [Forwarding clickElement on session edf1b5e867573bece71939953182acc3 to remote] DEBUG org.asynchttpclient.netty.request.NettyRequestSender - Using pooled Channel '[id: 0xb6aaec0c, L:/127.0.0.1:61053 - R:localhost/127.0.0.1:64928]' for 'POST' to 'http://localhost:64928/session/edf1b5e867573bece71939953182acc3/element/f.897781253299D66C726BFB5FF78C1BC4.d.5CB4E3BA4DEF807FD308B321936737AD.e.72/click'
23:08:16.149 [Forwarding clickElement on session edf1b5e867573bece71939953182acc3 to remote] DEBUG org.asynchttpclient.netty.request.NettyRequestSender - Using open Channel [id: 0xb6aaec0c, L:/127.0.0.1:61053 - R:localhost/127.0.0.1:64928] for POST '/session/edf1b5e867573bece71939953182acc3/element/f.897781253299D66C726BFB5FF78C1BC4.d.5CB4E3BA4DEF807FD308B321936737AD.e.72/click'
23:08:16.200 [AsyncHttpClient-1-2] DEBUG org.asynchttpclient.netty.handler.HttpHandler - 

Request DefaultHttpRequest(decodeResult: success, version: HTTP/1.1)
POST /session/edf1b5e867573bece71939953182acc3/element/f.897781253299D66C726BFB5FF78C1BC4.d.5CB4E3BA4DEF807FD308B321936737AD.e.72/click HTTP/1.1
User-Agent: selenium/4.5.0 (java windows)
Content-Length: 88
Content-Type: application/json; charset=utf-8
host: localhost:64928
accept: */*

Response DefaultHttpResponse(decodeResult: success, version: HTTP/1.1)
HTTP/1.1 200 OK
Content-Type: application/json; charset=utf-8
cache-control: no-cache
content-length: 14

23:08:16.200 [AsyncHttpClient-1-2] DEBUG org.asynchttpclient.netty.channel.ChannelManager - Adding key: http://localhost:64928 for channel [id: 0xb6aaec0c, L:/127.0.0.1:61053 - R:localhost/127.0.0.1:64928]
23:08:16.201 [Forwarding get on session edf1b5e867573bece71939953182acc3 to remote] DEBUG org.asynchttpclient.netty.request.NettyRequestSender - Using pooled Channel '[id: 0xb6aaec0c, L:/127.0.0.1:61053 - R:localhost/127.0.0.1:64928]' for 'POST' to 'http://localhost:64928/session/edf1b5e867573bece71939953182acc3/url'
23:08:16.202 [Forwarding get on session edf1b5e867573bece71939953182acc3 to remote] DEBUG org.asynchttpclient.netty.request.NettyRequestSender - Using open Channel [id: 0xb6aaec0c, L:/127.0.0.1:61053 - R:localhost/127.0.0.1:64928] for POST '/session/edf1b5e867573bece71939953182acc3/url'
23:08:16.229 [AsyncHttpClient-1-2] DEBUG org.asynchttpclient.netty.handler.HttpHandler - 

Request DefaultHttpRequest(decodeResult: success, version: HTTP/1.1)
POST /session/edf1b5e867573bece71939953182acc3/url HTTP/1.1
User-Agent: selenium/4.5.0 (java windows)
Content-Length: 56
Content-Type: application/json; charset=utf-8
host: localhost:64928
accept: */*

Response DefaultHttpResponse(decodeResult: success, version: HTTP/1.1)
HTTP/1.1 200 OK
Content-Type: application/json; charset=utf-8
cache-control: no-cache
content-length: 14

23:08:16.230 [AsyncHttpClient-1-2] DEBUG org.asynchttpclient.netty.channel.ChannelManager - Adding key: http://localhost:64928 for channel [id: 0xb6aaec0c, L:/127.0.0.1:61053 - R:localhost/127.0.0.1:64928]
23:08:16.230 [main] INFO com.example.WebPageTest - =========> Username: visual_user<============
23:08:16.231 [Forwarding findElement on session edf1b5e867573bece71939953182acc3 to remote] DEBUG org.asynchttpclient.netty.request.NettyRequestSender - Using pooled Channel '[id: 0xb6aaec0c, L:/127.0.0.1:61053 - R:localhost/127.0.0.1:64928]' for 'POST' to 'http://localhost:64928/session/edf1b5e867573bece71939953182acc3/element'
23:08:16.231 [Forwarding findElement on session edf1b5e867573bece71939953182acc3 to remote] DEBUG org.asynchttpclient.netty.request.NettyRequestSender - Using open Channel [id: 0xb6aaec0c, L:/127.0.0.1:61053 - R:localhost/127.0.0.1:64928] for POST '/session/edf1b5e867573bece71939953182acc3/element'
23:08:16.236 [AsyncHttpClient-1-2] DEBUG org.asynchttpclient.netty.handler.HttpHandler - 

Request DefaultHttpRequest(decodeResult: success, version: HTTP/1.1)
POST /session/edf1b5e867573bece71939953182acc3/element HTTP/1.1
User-Agent: selenium/4.5.0 (java windows)
Content-Length: 116
Content-Type: application/json; charset=utf-8
host: localhost:64928
accept: */*

Response DefaultHttpResponse(decodeResult: success, version: HTTP/1.1)
HTTP/1.1 200 OK
Content-Type: application/json; charset=utf-8
cache-control: no-cache
content-length: 126

23:08:16.236 [AsyncHttpClient-1-2] DEBUG org.asynchttpclient.netty.channel.ChannelManager - Adding key: http://localhost:64928 for channel [id: 0xb6aaec0c, L:/127.0.0.1:61053 - R:localhost/127.0.0.1:64928]
23:08:16.237 [Forwarding getElementText on session edf1b5e867573bece71939953182acc3 to remote] DEBUG org.asynchttpclient.netty.request.NettyRequestSender - Using pooled Channel '[id: 0xb6aaec0c, L:/127.0.0.1:61053 - R:localhost/127.0.0.1:64928]' for 'GET' to 'http://localhost:64928/session/edf1b5e867573bece71939953182acc3/element/f.897781253299D66C726BFB5FF78C1BC4.d.96D25E7E6AFF61349186233151545E5B.e.99/text'
23:08:16.237 [Forwarding getElementText on session edf1b5e867573bece71939953182acc3 to remote] DEBUG org.asynchttpclient.netty.request.NettyRequestSender - Using open Channel [id: 0xb6aaec0c, L:/127.0.0.1:61053 - R:localhost/127.0.0.1:64928] for GET '/session/edf1b5e867573bece71939953182acc3/element/f.897781253299D66C726BFB5FF78C1BC4.d.96D25E7E6AFF61349186233151545E5B.e.99/text'
23:08:16.243 [AsyncHttpClient-1-2] DEBUG org.asynchttpclient.netty.handler.HttpHandler - 

Request DefaultFullHttpRequest(decodeResult: success, version: HTTP/1.1, content: EmptyByteBufBE)
GET /session/edf1b5e867573bece71939953182acc3/element/f.897781253299D66C726BFB5FF78C1BC4.d.96D25E7E6AFF61349186233151545E5B.e.99/text HTTP/1.1
User-Agent: selenium/4.5.0 (java windows)
Cache-Control: no-cache
Content-Type: application/json; charset=utf-8
host: localhost:64928
accept: */*

Response DefaultHttpResponse(decodeResult: success, version: HTTP/1.1)
HTTP/1.1 200 OK
Content-Type: application/json; charset=utf-8
cache-control: no-cache
content-length: 49

23:08:16.243 [AsyncHttpClient-1-2] DEBUG org.asynchttpclient.netty.channel.ChannelManager - Adding key: http://localhost:64928 for channel [id: 0xb6aaec0c, L:/127.0.0.1:61053 - R:localhost/127.0.0.1:64928]
23:08:16.244 [main] INFO com.example.WebPageTest - =========> Password: secret_sauce<============
23:08:16.245 [Forwarding findElement on session edf1b5e867573bece71939953182acc3 to remote] DEBUG org.asynchttpclient.netty.request.NettyRequestSender - Using pooled Channel '[id: 0xb6aaec0c, L:/127.0.0.1:61053 - R:localhost/127.0.0.1:64928]' for 'POST' to 'http://localhost:64928/session/edf1b5e867573bece71939953182acc3/element'
23:08:16.245 [Forwarding findElement on session edf1b5e867573bece71939953182acc3 to remote] DEBUG org.asynchttpclient.netty.request.NettyRequestSender - Using open Channel [id: 0xb6aaec0c, L:/127.0.0.1:61053 - R:localhost/127.0.0.1:64928] for POST '/session/edf1b5e867573bece71939953182acc3/element'
23:08:16.249 [AsyncHttpClient-1-2] DEBUG org.asynchttpclient.netty.handler.HttpHandler - 

Request DefaultHttpRequest(decodeResult: success, version: HTTP/1.1)
POST /session/edf1b5e867573bece71939953182acc3/element HTTP/1.1
User-Agent: selenium/4.5.0 (java windows)
Content-Length: 56
Content-Type: application/json; charset=utf-8
host: localhost:64928
accept: */*

Response DefaultHttpResponse(decodeResult: success, version: HTTP/1.1)
HTTP/1.1 200 OK
Content-Type: application/json; charset=utf-8
cache-control: no-cache
content-length: 126

23:08:16.249 [AsyncHttpClient-1-2] DEBUG org.asynchttpclient.netty.channel.ChannelManager - Adding key: http://localhost:64928 for channel [id: 0xb6aaec0c, L:/127.0.0.1:61053 - R:localhost/127.0.0.1:64928]
23:08:16.250 [Forwarding sendKeysToElement on session edf1b5e867573bece71939953182acc3 to remote] DEBUG org.asynchttpclient.netty.request.NettyRequestSender - Using pooled Channel '[id: 0xb6aaec0c, L:/127.0.0.1:61053 - R:localhost/127.0.0.1:64928]' for 'POST' to 'http://localhost:64928/session/edf1b5e867573bece71939953182acc3/element/f.897781253299D66C726BFB5FF78C1BC4.d.96D25E7E6AFF61349186233151545E5B.e.94/value'
23:08:16.250 [Forwarding sendKeysToElement on session edf1b5e867573bece71939953182acc3 to remote] DEBUG org.asynchttpclient.netty.request.NettyRequestSender - Using open Channel [id: 0xb6aaec0c, L:/127.0.0.1:61053 - R:localhost/127.0.0.1:64928] for POST '/session/edf1b5e867573bece71939953182acc3/element/f.897781253299D66C726BFB5FF78C1BC4.d.96D25E7E6AFF61349186233151545E5B.e.94/value'
23:08:16.282 [AsyncHttpClient-1-2] DEBUG org.asynchttpclient.netty.handler.HttpHandler - 

Request DefaultHttpRequest(decodeResult: success, version: HTTP/1.1)
POST /session/edf1b5e867573bece71939953182acc3/element/f.897781253299D66C726BFB5FF78C1BC4.d.96D25E7E6AFF61349186233151545E5B.e.94/value HTTP/1.1
User-Agent: selenium/4.5.0 (java windows)
Content-Length: 229
Content-Type: application/json; charset=utf-8
host: localhost:64928
accept: */*

Response DefaultHttpResponse(decodeResult: success, version: HTTP/1.1)
HTTP/1.1 200 OK
Content-Type: application/json; charset=utf-8
cache-control: no-cache
content-length: 14

23:08:16.282 [AsyncHttpClient-1-2] DEBUG org.asynchttpclient.netty.channel.ChannelManager - Adding key: http://localhost:64928 for channel [id: 0xb6aaec0c, L:/127.0.0.1:61053 - R:localhost/127.0.0.1:64928]
23:08:16.283 [Forwarding findElement on session edf1b5e867573bece71939953182acc3 to remote] DEBUG org.asynchttpclient.netty.request.NettyRequestSender - Using pooled Channel '[id: 0xb6aaec0c, L:/127.0.0.1:61053 - R:localhost/127.0.0.1:64928]' for 'POST' to 'http://localhost:64928/session/edf1b5e867573bece71939953182acc3/element'
23:08:16.283 [Forwarding findElement on session edf1b5e867573bece71939953182acc3 to remote] DEBUG org.asynchttpclient.netty.request.NettyRequestSender - Using open Channel [id: 0xb6aaec0c, L:/127.0.0.1:61053 - R:localhost/127.0.0.1:64928] for POST '/session/edf1b5e867573bece71939953182acc3/element'
23:08:16.288 [AsyncHttpClient-1-2] DEBUG org.asynchttpclient.netty.handler.HttpHandler - 

Request DefaultHttpRequest(decodeResult: success, version: HTTP/1.1)
POST /session/edf1b5e867573bece71939953182acc3/element HTTP/1.1
User-Agent: selenium/4.5.0 (java windows)
Content-Length: 53
Content-Type: application/json; charset=utf-8
host: localhost:64928
accept: */*

Response DefaultHttpResponse(decodeResult: success, version: HTTP/1.1)
HTTP/1.1 200 OK
Content-Type: application/json; charset=utf-8
cache-control: no-cache
content-length: 126

23:08:16.288 [AsyncHttpClient-1-2] DEBUG org.asynchttpclient.netty.channel.ChannelManager - Adding key: http://localhost:64928 for channel [id: 0xb6aaec0c, L:/127.0.0.1:61053 - R:localhost/127.0.0.1:64928]
23:08:16.289 [Forwarding sendKeysToElement on session edf1b5e867573bece71939953182acc3 to remote] DEBUG org.asynchttpclient.netty.request.NettyRequestSender - Using pooled Channel '[id: 0xb6aaec0c, L:/127.0.0.1:61053 - R:localhost/127.0.0.1:64928]' for 'POST' to 'http://localhost:64928/session/edf1b5e867573bece71939953182acc3/element/f.897781253299D66C726BFB5FF78C1BC4.d.96D25E7E6AFF61349186233151545E5B.e.96/value'
23:08:16.289 [Forwarding sendKeysToElement on session edf1b5e867573bece71939953182acc3 to remote] DEBUG org.asynchttpclient.netty.request.NettyRequestSender - Using open Channel [id: 0xb6aaec0c, L:/127.0.0.1:61053 - R:localhost/127.0.0.1:64928] for POST '/session/edf1b5e867573bece71939953182acc3/element/f.897781253299D66C726BFB5FF78C1BC4.d.96D25E7E6AFF61349186233151545E5B.e.96/value'
23:08:16.319 [AsyncHttpClient-1-2] DEBUG org.asynchttpclient.netty.handler.HttpHandler - 

Request DefaultHttpRequest(decodeResult: success, version: HTTP/1.1)
POST /session/edf1b5e867573bece71939953182acc3/element/f.897781253299D66C726BFB5FF78C1BC4.d.96D25E7E6AFF61349186233151545E5B.e.96/value HTTP/1.1
User-Agent: selenium/4.5.0 (java windows)
Content-Length: 239
Content-Type: application/json; charset=utf-8
host: localhost:64928
accept: */*

Response DefaultHttpResponse(decodeResult: success, version: HTTP/1.1)
HTTP/1.1 200 OK
Content-Type: application/json; charset=utf-8
cache-control: no-cache
content-length: 14

23:08:16.320 [AsyncHttpClient-1-2] DEBUG org.asynchttpclient.netty.channel.ChannelManager - Adding key: http://localhost:64928 for channel [id: 0xb6aaec0c, L:/127.0.0.1:61053 - R:localhost/127.0.0.1:64928]
23:08:16.321 [Forwarding findElement on session edf1b5e867573bece71939953182acc3 to remote] DEBUG org.asynchttpclient.netty.request.NettyRequestSender - Using pooled Channel '[id: 0xb6aaec0c, L:/127.0.0.1:61053 - R:localhost/127.0.0.1:64928]' for 'POST' to 'http://localhost:64928/session/edf1b5e867573bece71939953182acc3/element'
23:08:16.321 [Forwarding findElement on session edf1b5e867573bece71939953182acc3 to remote] DEBUG org.asynchttpclient.netty.request.NettyRequestSender - Using open Channel [id: 0xb6aaec0c, L:/127.0.0.1:61053 - R:localhost/127.0.0.1:64928] for POST '/session/edf1b5e867573bece71939953182acc3/element'
23:08:16.327 [AsyncHttpClient-1-2] DEBUG org.asynchttpclient.netty.handler.HttpHandler - 

Request DefaultHttpRequest(decodeResult: success, version: HTTP/1.1)
POST /session/edf1b5e867573bece71939953182acc3/element HTTP/1.1
User-Agent: selenium/4.5.0 (java windows)
Content-Length: 59
Content-Type: application/json; charset=utf-8
host: localhost:64928
accept: */*

Response DefaultHttpResponse(decodeResult: success, version: HTTP/1.1)
HTTP/1.1 200 OK
Content-Type: application/json; charset=utf-8
cache-control: no-cache
content-length: 126

23:08:16.327 [AsyncHttpClient-1-2] DEBUG org.asynchttpclient.netty.channel.ChannelManager - Adding key: http://localhost:64928 for channel [id: 0xb6aaec0c, L:/127.0.0.1:61053 - R:localhost/127.0.0.1:64928]
23:08:16.328 [Forwarding clickElement on session edf1b5e867573bece71939953182acc3 to remote] DEBUG org.asynchttpclient.netty.request.NettyRequestSender - Using pooled Channel '[id: 0xb6aaec0c, L:/127.0.0.1:61053 - R:localhost/127.0.0.1:64928]' for 'POST' to 'http://localhost:64928/session/edf1b5e867573bece71939953182acc3/element/f.897781253299D66C726BFB5FF78C1BC4.d.96D25E7E6AFF61349186233151545E5B.e.97/click'
23:08:16.328 [Forwarding clickElement on session edf1b5e867573bece71939953182acc3 to remote] DEBUG org.asynchttpclient.netty.request.NettyRequestSender - Using open Channel [id: 0xb6aaec0c, L:/127.0.0.1:61053 - R:localhost/127.0.0.1:64928] for POST '/session/edf1b5e867573bece71939953182acc3/element/f.897781253299D66C726BFB5FF78C1BC4.d.96D25E7E6AFF61349186233151545E5B.e.97/click'
23:08:16.368 [AsyncHttpClient-1-2] DEBUG org.asynchttpclient.netty.handler.HttpHandler - 

Request DefaultHttpRequest(decodeResult: success, version: HTTP/1.1)
POST /session/edf1b5e867573bece71939953182acc3/element/f.897781253299D66C726BFB5FF78C1BC4.d.96D25E7E6AFF61349186233151545E5B.e.97/click HTTP/1.1
User-Agent: selenium/4.5.0 (java windows)
Content-Length: 88
Content-Type: application/json; charset=utf-8
host: localhost:64928
accept: */*

Response DefaultHttpResponse(decodeResult: success, version: HTTP/1.1)
HTTP/1.1 200 OK
Content-Type: application/json; charset=utf-8
cache-control: no-cache
content-length: 14

23:08:16.368 [AsyncHttpClient-1-2] DEBUG org.asynchttpclient.netty.channel.ChannelManager - Adding key: http://localhost:64928 for channel [id: 0xb6aaec0c, L:/127.0.0.1:61053 - R:localhost/127.0.0.1:64928]
23:08:16.370 [Forwarding get on session edf1b5e867573bece71939953182acc3 to remote] DEBUG org.asynchttpclient.netty.request.NettyRequestSender - Using pooled Channel '[id: 0xb6aaec0c, L:/127.0.0.1:61053 - R:localhost/127.0.0.1:64928]' for 'POST' to 'http://localhost:64928/session/edf1b5e867573bece71939953182acc3/url'
23:08:16.370 [Forwarding get on session edf1b5e867573bece71939953182acc3 to remote] DEBUG org.asynchttpclient.netty.request.NettyRequestSender - Using open Channel [id: 0xb6aaec0c, L:/127.0.0.1:61053 - R:localhost/127.0.0.1:64928] for POST '/session/edf1b5e867573bece71939953182acc3/url'
23:08:16.395 [AsyncHttpClient-1-2] DEBUG org.asynchttpclient.netty.handler.HttpHandler - 

Request DefaultHttpRequest(decodeResult: success, version: HTTP/1.1)
POST /session/edf1b5e867573bece71939953182acc3/url HTTP/1.1
User-Agent: selenium/4.5.0 (java windows)
Content-Length: 56
Content-Type: application/json; charset=utf-8
host: localhost:64928
accept: */*

Response DefaultHttpResponse(decodeResult: success, version: HTTP/1.1)
HTTP/1.1 200 OK
Content-Type: application/json; charset=utf-8
cache-control: no-cache
content-length: 14

23:08:16.396 [AsyncHttpClient-1-2] DEBUG org.asynchttpclient.netty.channel.ChannelManager - Adding key: http://localhost:64928 for channel [id: 0xb6aaec0c, L:/127.0.0.1:61053 - R:localhost/127.0.0.1:64928]
]]></system-out>
    <system-err><![CDATA[Starting ChromeDriver 131.0.6778.69 (77e2244bbcda3ab9362d5b8aeeb006a86a6d4832-refs/branch-heads/6778@{#2141}) on port 64928
Only local connections are allowed.
Please see https://chromedriver.chromium.org/security-considerations for suggestions on keeping ChromeDriver safe.
ChromeDriver was started successfully on port 64928.
nov. 13, 2024 11:08:08 PM org.openqa.selenium.remote.ProtocolHandshake createSession
INFO: Detected upstream dialect: W3C
nov. 13, 2024 11:08:08 PM org.openqa.selenium.devtools.CdpVersionFinder findNearestMatch
WARNING: Unable to find an exact match for CDP version 131, so returning the closest version found: a no-op implementation
nov. 13, 2024 11:08:08 PM org.openqa.selenium.devtools.CdpVersionFinder findNearestMatch
INFO: Unable to find CDP implementation matching 131.
nov. 13, 2024 11:08:08 PM org.openqa.selenium.chromium.ChromiumDriver lambda$new$3
WARNING: Unable to find version of CDP to use for . You may need to include a dependency on a specific version of the CDP using something similar to `org.seleniumhq.selenium:selenium-devtools-v86:4.5.0` where the version ("v86") matches the version of the chromium-based browser you're using and the version number of the artifact is the same as Selenium's.
]]></system-err>
  </testcase>
</testsuite>